
turrnut#9727 got greeted by the random greeting system | 2023-06-13 15:49:55.911558
turrnut#9727 times out the author of https://discord.com/channels/1107025241412206694/1108871365488037909/1116560231833538670 | 2023-06-13 15:51:43.708951
CS | Avalon#5374 got greeted by the random greeting system | 2023-06-13 15:52:03.595880
turrnut#9727 times out the author of https://discord.com/channels/1107025241412206694/1118000159608016967/1118267139472769074 | 2023-06-13 15:54:39.633955
CS | Avalon#5374 got greeted by the random greeting system | 2023-06-13 15:55:51.489078
CS | Avalon#5374 got greeted by the random greeting system | 2023-06-13 15:56:27.881005
Pok¨¦two#8236 got greeted by the random greeting system | 2023-06-13 15:56:58.761126
turrnut#9727 predict the grade as 99.0 98.0 97.0 | 2023-06-13 15:59:10.265944
Pok¨¦two#8236 got greeted by the random greeting system | 2023-06-13 16:13:11.091522
Pok¨¦two#8236 got greeted by the random greeting system | 2023-06-13 17:33:10.690158
CS | Avalon#5374 got greeted by the random greeting system | 2023-06-14 10:01:40.405679
CS | Avalon#5374 prompted a random meme | 2023-06-14 10:55:27.067008
CS | Avalon#5374 prompted a random meme | 2023-06-14 10:55:31.354247
CS | Avalon#5374 prompted a random meme | 2023-06-14 10:55:42.648025
CS | Avalon#5374 prompted a random meme | 2023-06-14 10:55:54.208026
CS | Avalon#5374 prompted a random meme | 2023-06-14 10:56:01.298890
CS | Avalon#5374 prompted a random meme | 2023-06-14 10:56:08.968897
CS | Avalon#5374 prompted a random meme | 2023-06-14 10:56:17.491292
CS | Avalon#5374 prompted a random meme | 2023-06-14 20:23:49.928357
beta#2695 got greeted by the random greeting system | 2023-06-14 20:25:30.324886
CS | Avalon#5374 got greeted by the random greeting system | 2023-06-14 20:27:30.367914
beta#2695 got greeted by the random greeting system | 2023-06-14 20:29:00.851879
beta#2695 got greeted by the random greeting system | 2023-06-14 20:30:19.545182
CS | Avalon#5374 got greeted by the random greeting system | 2023-06-15 16:09:59.464196
turrnut#9727 prompted a random meme | 2023-06-15 16:15:46.042641
beta#2695 got greeted by the random greeting system | 2023-06-15 16:34:46.873460
beta#2695 got greeted by the random greeting system | 2023-06-15 16:38:51.380472
ServerStats#0197 got greeted by the random greeting system | 2023-06-16 09:17:22.210205
blueraspy#7253 got greeted by the random greeting system | 2023-06-16 09:17:24.904536
