
1486526399144787999mines | 2026-05-08 20:22:41.627165
977377574789472278wants to pay1486526399144787999 100.0 | 2026-05-08 23:09:35.813690
977377574789472278wants to pay783554615605329970 100.0 | 2026-05-08 23:09:46.551354
1486526399144787999wants to buy something | 2026-05-09 07:00:23.844447
1486526399144787999mines | 2026-05-09 07:00:33.878921
1486526399144787999wants to buy something | 2026-05-09 07:00:51.962794
1486526399144787999mines | 2026-05-09 07:00:57.067378
1486526399144787999mines | 2026-05-09 07:01:05.205552
1486526399144787999mines | 2026-05-09 07:01:11.137226
1486526399144787999mines | 2026-05-09 07:01:18.577535
1486526399144787999mines | 2026-05-09 07:01:24.821615
1486526399144787999mines | 2026-05-09 07:01:31.305766
1486526399144787999mines | 2026-05-09 07:02:18.392225
1486526399144787999wants to buy something | 2026-05-09 07:10:51.710629
1486526399144787999mines | 2026-05-09 07:11:11.631261
1486526399144787999wants to buy something | 2026-05-09 07:11:31.739036
1486526399144787999mines | 2026-05-09 07:11:38.797250
1486526399144787999mines | 2026-05-09 07:11:44.125931
1486526399144787999loves money | 2026-05-09 07:13:20.707478
1502061063368343733loves money | 2026-05-09 07:14:39.639119
Disorted_alex(1486526399144787999)won 1.0 TRC gambling. | 2026-05-09 07:15:24.793241
Disorted_alex(1486526399144787999)lost 3.0 TRC gambling. | 2026-05-09 07:15:52.250365
Disorted_alex(1486526399144787999)lost 3.0 TRC gambling. | 2026-05-09 07:16:16.076355
Disorted_alex(1486526399144787999)won 5.0 TRC gambling. | 2026-05-09 07:16:29.221004
Disorted_alex(1486526399144787999)won 10.0 TRC gambling. | 2026-05-09 07:16:47.450042
Disorted_alex(1486526399144787999)lost 20.0 TRC gambling. | 2026-05-09 07:17:48.414359
Disorted_alex(1486526399144787999)won 6.0 TRC gambling. | 2026-05-09 07:18:01.865566
Disorted_alex(1486526399144787999)won 6.0 TRC gambling. | 2026-05-09 07:18:25.068093
Disorted_alex(1486526399144787999)lost 6.0 TRC gambling. | 2026-05-09 07:18:33.003213
Disorted_alex(1486526399144787999)won 6.0 TRC gambling. | 2026-05-09 07:18:41.025527
Disorted_alex(1486526399144787999)lost 6.0 TRC gambling. | 2026-05-09 07:18:51.324819
Disorted_alex(1486526399144787999)lost 6.0 TRC gambling. | 2026-05-09 07:19:03.538442
Disorted_alex(1486526399144787999)lost 6.0 TRC gambling. | 2026-05-09 07:19:14.424361
Disorted_alex(1486526399144787999)lost 6.0 TRC gambling. | 2026-05-09 07:19:23.008081
Disorted_alex(1486526399144787999)lost 20.0 TRC gambling. | 2026-05-09 07:19:37.201772
Disorted_alex(1486526399144787999)won 20.0 TRC gambling. | 2026-05-09 07:21:53.590444
Disorted_alex(1486526399144787999)lost 20.0 TRC gambling. | 2026-05-09 07:22:12.291030
Disorted_alex(1486526399144787999)won 20.0 TRC gambling. | 2026-05-09 07:22:23.403053
Disorted_alex(1486526399144787999)won 20.0 TRC gambling. | 2026-05-09 07:22:32.694062
Disorted_alex(1486526399144787999)lost 20.0 TRC gambling. | 2026-05-09 07:22:44.203076
Disorted_alex(1486526399144787999)won 20.0 TRC gambling. | 2026-05-09 07:22:53.853620
Disorted_alex(1486526399144787999)won 20.0 TRC gambling. | 2026-05-09 07:23:26.954752
Disorted_alex(1486526399144787999)lost 20.0 TRC gambling. | 2026-05-09 07:23:41.456990
Disorted_alex(1486526399144787999)lost 20.0 TRC gambling. | 2026-05-09 07:23:58.558447
Disorted_alex(1486526399144787999)lost 20.0 TRC gambling. | 2026-05-09 07:24:18.544820
Disorted_alex(1486526399144787999)lost 25.0 TRC gambling. | 2026-05-09 07:24:47.423135
Disorted_alex(1486526399144787999)won 20.0 TRC gambling. | 2026-05-09 07:25:09.193769
Disorted_alex(1486526399144787999)lost 20.0 TRC gambling. | 2026-05-09 07:25:17.588290
Disorted_alex(1486526399144787999)lost 20.0 TRC gambling. | 2026-05-09 07:25:42.117743
Disorted_alex(1486526399144787999)won 20.0 TRC gambling. | 2026-05-09 07:26:24.455151
Disorted_alex(1486526399144787999)lost 20.0 TRC gambling. | 2026-05-09 07:26:49.728234
Disorted_alex(1486526399144787999)won 20.0 TRC gambling. | 2026-05-09 07:26:56.265247
Disorted_alex(1486526399144787999)lost 20.0 TRC gambling. | 2026-05-09 07:27:17.271532
1486526399144787999loves money | 2026-05-09 07:27:47.384578
Disorted_alex(1486526399144787999)lost 20.0 TRC gambling. | 2026-05-09 07:28:09.053024
Disorted_alex(1486526399144787999)won 20.0 TRC gambling. | 2026-05-09 07:28:17.670724
1502061063368343733loves money | 2026-05-09 07:30:01.983456
Disorted_alex(1486526399144787999)lost 20.0 TRC gambling. | 2026-05-09 07:30:53.045930
Disorted_alex(1486526399144787999)won 20.0 TRC gambling. | 2026-05-09 07:31:11.333193
Disorted_alex(1486526399144787999)lost 20.0 TRC gambling. | 2026-05-09 07:31:22.053126
Disorted_alex(1486526399144787999)lost 21.0 TRC gambling. | 2026-05-09 07:31:43.003414
Disorted_alex(1486526399144787999)won 1.0 TRC gambling. | 2026-05-09 07:33:21.423653
Disorted_alex(1486526399144787999)lost 1.0 TRC gambling. | 2026-05-09 07:33:54.838850
1502061063368343733loves money | 2026-05-09 07:41:11.146151
1486526399144787999loves money | 2026-05-09 07:41:22.470088
1502061063368343733wants to pay1486526399144787999 21.0 | 2026-05-09 07:43:14.528477
1486526399144787999checks on items | 2026-05-09 07:44:54.487250
1486526399144787999minerals check | 2026-05-09 07:45:33.815666
1486526399144787999loves money | 2026-05-09 07:54:57.091353
1502061063368343733loves money | 2026-05-09 07:59:39.884692
1502061063368343733wants to pay1486526399144787999 9.0 | 2026-05-09 07:59:58.149459
1486526399144787999loves money | 2026-05-09 08:19:54.549753
1502061063368343733loves money | 2026-05-09 08:20:25.631141
1502061063368343733wants to pay1486526399144787999 9.0 | 2026-05-09 08:21:02.328215
1486526399144787999minerals check | 2026-05-09 10:03:21.864365
1486526399144787999loves money | 2026-05-09 10:04:11.357280
977377574789472278wants to pay1486526399144787999 105.0 | 2026-05-09 10:15:21.603305
1486526399144787999wants to buy something | 2026-05-09 10:33:49.957628
1486526399144787999mines | 2026-05-09 10:33:56.210296
1486526399144787999mines | 2026-05-09 10:34:05.345104
1486526399144787999mines | 2026-05-09 10:34:11.079105
1486526399144787999mines | 2026-05-09 10:34:18.066572
1486526399144787999mines | 2026-05-09 10:34:24.138519
1486526399144787999mines | 2026-05-09 10:34:30.490005
1486526399144787999minerals check | 2026-05-09 10:34:41.908755
1486526399144787999loves money | 2026-05-09 10:34:57.911467
1486526399144787999wants to buy something | 2026-05-09 10:35:14.571541
1486526399144787999mines | 2026-05-09 10:35:22.985288
1486526399144787999minerals check | 2026-05-09 10:35:56.761498
1486526399144787999wants to buy something | 2026-05-09 10:39:19.445395
1486526399144787999wants to buy something | 2026-05-09 10:39:49.032123
1486526399144787999loves money | 2026-05-09 11:05:51.812565
1502061063368343733loves money | 2026-05-09 11:06:15.498145
1502061063368343733wants to pay1486526399144787999 2.0 | 2026-05-09 11:10:38.629176
1486526399144787999wants to buy something | 2026-05-09 11:10:55.148014
1486526399144787999mines | 2026-05-09 11:12:44.515059
1486526399144787999mines | 2026-05-09 11:12:52.515703
783554615605329970mines | 2026-05-09 11:14:46.862629
1502061063368343733wants to pay1486526399144787999 7.0 | 2026-05-09 11:15:05.703876
783554615605329970wants to buy something | 2026-05-09 11:15:20.149173
783554615605329970mines | 2026-05-09 11:15:30.409391
1486526399144787999minerals check | 2026-05-09 11:16:04.218263
1502061063368343733loves money | 2026-05-09 11:16:33.252803
1486526399144787999loves money | 2026-05-09 11:16:40.854910
783554615605329970wants to pay1486526399144787999 70.0 | 2026-05-09 11:17:34.008204
1486526399144787999wants to buy something | 2026-05-09 11:18:49.267239
1486526399144787999mines | 2026-05-09 11:18:58.466643
1486526399144787999mines | 2026-05-09 11:19:04.384115
1486526399144787999mines | 2026-05-09 11:19:20.176870
1486526399144787999mines | 2026-05-09 11:19:25.780156
1486526399144787999mines | 2026-05-09 11:19:38.308917
1486526399144787999mines | 2026-05-09 11:19:43.404103
1486526399144787999mines | 2026-05-09 11:19:50.277080
1486526399144787999mines | 2026-05-09 11:19:56.022266
1486526399144787999mines | 2026-05-09 11:20:03.134865
1486526399144787999mines | 2026-05-09 11:20:08.353510
1486526399144787999wants to buy something | 2026-05-09 11:20:20.465053
1486526399144787999mines | 2026-05-09 11:20:26.663493
1486526399144787999mines | 2026-05-09 11:20:32.269406
1486526399144787999mines | 2026-05-09 11:20:36.882054
1486526399144787999minerals check | 2026-05-09 11:20:44.772218
1502061063368343733wants to pay1486526399144787999 5.0 | 2026-05-09 11:22:40.710253
1502061063368343733minerals check | 2026-05-09 11:23:09.417789
1486526399144787999wants to buy something | 2026-05-09 11:25:06.535200
1486526399144787999checks on items | 2026-05-09 11:25:31.673589
1486526399144787999minerals check | 2026-05-09 11:26:08.207209
1486526399144787999tried to use something | 2026-05-09 11:26:23.795242
1486526399144787999minerals check | 2026-05-09 11:26:42.150529
1486526399144787999checks on items | 2026-05-09 11:26:59.642293
1486526399144787999loves money | 2026-05-09 11:30:43.227652
1502061063368343733loves money | 2026-05-09 11:30:54.143390
1486526399144787999checks on items | 2026-05-09 11:31:28.011846
1502061063368343733wants to pay1486526399144787999 10.0 | 2026-05-09 11:31:56.484876
1486526399144787999wants to buy something | 2026-05-09 11:32:31.183038
1486526399144787999mines | 2026-05-09 11:32:40.133494
1502061063368343733wants to buy something | 2026-05-09 11:32:56.425675
disorted_alex prompted a random meme | 2026-05-09 11:36:35.000655
1502061063368343733loves money | 2026-05-09 11:41:46.242103
1486526399144787999loves money | 2026-05-09 11:42:06.011585
1486526399144787999minerals check | 2026-05-09 11:42:28.629947
1486526399144787999checks on items | 2026-05-09 11:44:49.889479
1502061063368343733wants to pay1486526399144787999 8.0 | 2026-05-09 11:45:16.738611
1486526399144787999minerals check | 2026-05-09 11:45:47.865262
Disorted_alex(1486526399144787999)won 2.0 TRC gambling. | 2026-05-09 11:46:04.079730
Disorted_alex(1486526399144787999)won 2.0 TRC gambling. | 2026-05-09 11:46:14.469412
1486526399144787999wants to buy something | 2026-05-09 11:46:35.931285
1486526399144787999wants to buy something | 2026-05-09 11:46:51.083426
1502061063368343733wants to pay1486526399144787999 2.6 | 2026-05-09 11:47:57.258642
1486526399144787999wants to buy something | 2026-05-09 11:48:32.684446
1486526399144787999mines | 2026-05-09 11:48:39.967972
1486526399144787999mines | 2026-05-09 11:48:44.823252
1486526399144787999mines | 2026-05-09 11:48:50.162313
1486526399144787999loves money | 2026-05-09 12:52:03.187205
977377574789472278tried to use something | 2026-05-09 13:42:41.296352
977377574789472278tried to use something | 2026-05-09 13:42:57.325710
977377574789472278tried to use something | 2026-05-09 13:43:15.569401
977377574789472278minerals check | 2026-05-09 13:43:50.642143
977377574789472278wants to pay1486526399144787999 340.0 | 2026-05-09 13:44:01.374807
1486526399144787999loves money | 2026-05-09 13:55:24.317147
1486526399144787999wants to buy something | 2026-05-09 13:58:12.396565
1486526399144787999mines | 2026-05-09 13:58:37.593873
1486526399144787999mines | 2026-05-09 13:58:43.567211
1486526399144787999mines | 2026-05-09 14:01:30.456890
1486526399144787999mines | 2026-05-09 14:01:39.504151
1486526399144787999mines | 2026-05-09 14:01:57.360270
1486526399144787999mines | 2026-05-09 14:02:01.811112
1486526399144787999mines | 2026-05-09 14:02:05.928595
1486526399144787999mines | 2026-05-09 14:02:09.589667
1486526399144787999mines | 2026-05-09 14:02:15.524137
1486526399144787999mines | 2026-05-09 14:02:20.493079
1486526399144787999mines | 2026-05-09 14:02:23.707766
1486526399144787999mines | 2026-05-09 14:02:28.008977
1486526399144787999mines | 2026-05-09 14:02:31.660352
1486526399144787999mines | 2026-05-09 14:02:36.365496
1486526399144787999mines | 2026-05-09 14:02:40.263442
1486526399144787999mines | 2026-05-09 14:02:44.243107
1486526399144787999mines | 2026-05-09 14:02:49.116358
1486526399144787999mines | 2026-05-09 14:02:52.355828
1486526399144787999mines | 2026-05-09 14:02:55.674455
1486526399144787999mines | 2026-05-09 14:02:59.506911
1486526399144787999mines | 2026-05-09 14:03:04.208178
1486526399144787999mines | 2026-05-09 14:03:09.338249
1486526399144787999mines | 2026-05-09 14:03:13.509199
1486526399144787999mines | 2026-05-09 14:05:16.135569
1486526399144787999minerals check | 2026-05-09 14:05:29.408744
1486526399144787999loves money | 2026-05-09 14:06:36.846548
1486526399144787999wants to buy something | 2026-05-09 14:06:56.674955
1486526399144787999mines | 2026-05-09 14:07:06.628470
1486526399144787999mines | 2026-05-09 14:07:09.787063
1486526399144787999mines | 2026-05-09 14:07:15.701486
1486526399144787999mines | 2026-05-09 14:07:18.765270
1486526399144787999wants to buy something | 2026-05-09 14:07:29.576320
1486526399144787999mines | 2026-05-09 14:07:37.498088
1486526399144787999mines | 2026-05-09 14:07:41.356018
1486526399144787999mines | 2026-05-09 14:07:44.894516
1486526399144787999wants to buy something | 2026-05-09 14:07:55.887539
1486526399144787999mines | 2026-05-09 14:08:02.696207
1486526399144787999checks on items | 2026-05-09 14:13:57.252980
1486526399144787999loves money | 2026-05-09 14:28:27.187627
1486526399144787999wants to buy something | 2026-05-09 14:34:29.992981
1486526399144787999mines | 2026-05-09 14:34:35.213159
1486526399144787999minerals check | 2026-05-09 14:35:06.320189
1486526399144787999loves money | 2026-05-09 14:49:56.446718
1486526399144787999loves money | 2026-05-09 15:42:50.790521
1486526399144787999wants to buy something | 2026-05-09 15:43:16.518597
1486526399144787999mines | 2026-05-09 15:43:27.462199
disorted_alex prompted a random compliment | 2026-05-09 15:44:02.705699
1486526399144787999loves money | 2026-05-09 15:55:10.635663
1486526399144787999loves money | 2026-05-09 16:21:51.785616
1486526399144787999wants to buy something | 2026-05-09 16:22:04.633220
1486526399144787999mines | 2026-05-09 16:22:11.729301
1486526399144787999mines | 2026-05-09 16:22:28.942401
1486526399144787999mines | 2026-05-09 16:22:44.175009
1486526399144787999minerals check | 2026-05-09 16:22:52.875731
977377574789472278wants to pay1486526399144787999 3370.0 | 2026-05-09 17:30:20.488859
1486526399144787999minerals check | 2026-05-09 17:33:27.035659
1486526399144787999wants to buy something | 2026-05-09 17:35:10.156448
1486526399144787999wants to buy something | 2026-05-09 17:35:43.469798
1486526399144787999wants to buy something | 2026-05-09 17:36:07.355053
1486526399144787999mines | 2026-05-09 17:36:20.357943
1486526399144787999mines | 2026-05-09 17:36:24.883201
1486526399144787999mines | 2026-05-09 17:36:28.365036
1486526399144787999mines | 2026-05-09 17:36:32.545202
1486526399144787999mines | 2026-05-09 17:39:30.565132
1486526399144787999mines | 2026-05-09 17:39:34.473551
1486526399144787999mines | 2026-05-09 17:39:37.946923
1486526399144787999mines | 2026-05-09 17:39:41.222361
1486526399144787999mines | 2026-05-09 17:39:45.599093
1486526399144787999mines | 2026-05-09 17:39:48.873658
1486526399144787999mines | 2026-05-09 17:39:52.146593
1486526399144787999mines | 2026-05-09 17:39:55.249141
1486526399144787999mines | 2026-05-09 17:39:59.926139
1486526399144787999mines | 2026-05-09 17:40:04.081272
1486526399144787999mines | 2026-05-09 17:40:10.198885
1486526399144787999mines | 2026-05-09 17:40:14.764841
1486526399144787999mines | 2026-05-09 17:40:19.187381
1486526399144787999mines | 2026-05-09 17:40:23.312847
1486526399144787999mines | 2026-05-09 17:40:26.861049
1486526399144787999mines | 2026-05-09 17:40:29.792895
1486526399144787999mines | 2026-05-09 17:40:34.448664
1486526399144787999mines | 2026-05-09 17:40:38.108012
1486526399144787999mines | 2026-05-09 17:40:41.535920
1486526399144787999checks on items | 2026-05-09 17:40:53.761720
1486526399144787999mines | 2026-05-09 17:41:04.848369
1486526399144787999mines | 2026-05-09 17:41:08.240775
1486526399144787999mines | 2026-05-09 17:41:11.321775
1486526399144787999mines | 2026-05-09 17:41:14.214092
1486526399144787999mines | 2026-05-09 17:41:18.702184
1486526399144787999mines | 2026-05-09 17:41:23.663973
1486526399144787999mines | 2026-05-09 17:41:27.007949
1486526399144787999mines | 2026-05-09 17:41:30.659149
1486526399144787999mines | 2026-05-09 17:41:34.093900
1486526399144787999mines | 2026-05-09 17:41:38.515199
1486526399144787999mines | 2026-05-09 17:41:41.565183
1486526399144787999mines | 2026-05-09 17:41:45.050192
1486526399144787999mines | 2026-05-09 17:42:25.767656
1486526399144787999mines | 2026-05-09 17:42:35.825238
1486526399144787999mines | 2026-05-09 17:42:38.921423
1486526399144787999mines | 2026-05-09 17:42:42.147213
1486526399144787999mines | 2026-05-09 17:42:45.210387
1486526399144787999mines | 2026-05-09 17:42:48.391501
1486526399144787999mines | 2026-05-09 17:42:51.114934
1486526399144787999mines | 2026-05-09 17:42:54.950515
1486526399144787999mines | 2026-05-09 17:42:57.803153
1486526399144787999mines | 2026-05-09 17:43:01.064594
1486526399144787999mines | 2026-05-09 17:45:07.371104
1486526399144787999mines | 2026-05-09 17:45:10.672077
1486526399144787999mines | 2026-05-09 17:45:14.102682
1486526399144787999mines | 2026-05-09 17:45:17.416874
1486526399144787999mines | 2026-05-09 17:45:20.481830
1486526399144787999mines | 2026-05-09 17:45:23.625600
1486526399144787999mines | 2026-05-09 17:45:27.249015
1486526399144787999mines | 2026-05-09 17:45:30.132560
1486526399144787999mines | 2026-05-09 17:45:35.603352
1486526399144787999mines | 2026-05-09 17:45:41.028734
1486526399144787999mines | 2026-05-09 17:45:43.888832
1486526399144787999mines | 2026-05-09 17:45:46.689335
1486526399144787999minerals check | 2026-05-09 17:45:50.349885
1486526399144787999mines | 2026-05-09 17:46:01.810071
1486526399144787999mines | 2026-05-09 17:46:05.209673
1486526399144787999mines | 2026-05-09 17:46:08.668233
1486526399144787999mines | 2026-05-09 17:46:12.405450
1486526399144787999mines | 2026-05-09 17:46:15.382031
1486526399144787999mines | 2026-05-09 17:46:20.541683
1486526399144787999mines | 2026-05-09 17:46:25.613366
1486526399144787999loves money | 2026-05-09 17:50:18.189853
1486526399144787999mines | 2026-05-09 17:50:21.470711
1486526399144787999mines | 2026-05-09 17:50:24.807870
1486526399144787999mines | 2026-05-09 17:50:27.786781
1486526399144787999mines | 2026-05-09 17:50:31.029235
1486526399144787999mines | 2026-05-09 17:50:34.664861
1486526399144787999mines | 2026-05-09 17:50:38.172389
1486526399144787999mines | 2026-05-09 17:50:41.439379
1486526399144787999mines | 2026-05-09 17:50:45.018497
1486526399144787999mines | 2026-05-09 17:50:47.905642
1486526399144787999mines | 2026-05-09 17:50:50.815315
1486526399144787999mines | 2026-05-09 17:50:53.403026
1486526399144787999checks on items | 2026-05-09 17:51:05.006849
1486526399144787999mines | 2026-05-09 17:51:09.952551
1486526399144787999mines | 2026-05-09 17:51:15.104036
1486526399144787999mines | 2026-05-09 17:51:18.594708
1486526399144787999mines | 2026-05-09 17:51:21.476447
1486526399144787999mines | 2026-05-09 17:51:24.570710
1486526399144787999mines | 2026-05-09 17:51:27.772812
1486526399144787999mines | 2026-05-09 17:51:30.779800
1486526399144787999mines | 2026-05-09 17:51:35.081001
1486526399144787999checks on items | 2026-05-09 17:53:22.986821
1486526399144787999mines | 2026-05-09 17:53:31.948913
1486526399144787999mines | 2026-05-09 17:53:36.837748
1486526399144787999mines | 2026-05-09 17:53:40.897210
1486526399144787999checks on items | 2026-05-09 18:08:44.332938
1486526399144787999mines | 2026-05-09 18:08:49.755328
1486526399144787999mines | 2026-05-09 18:08:52.925496
1486526399144787999mines | 2026-05-09 18:08:56.278151
1486526399144787999mines | 2026-05-09 18:08:59.952304
1486526399144787999mines | 2026-05-09 18:09:04.029763
1486526399144787999mines | 2026-05-09 18:09:07.524251
1486526399144787999minerals check | 2026-05-09 18:09:14.203959
1486526399144787999mines | 2026-05-09 18:09:19.548697
1486526399144787999mines | 2026-05-09 18:09:22.532568
1486526399144787999mines | 2026-05-09 18:09:26.537999
1486526399144787999mines | 2026-05-09 18:09:29.300741
1486526399144787999mines | 2026-05-09 18:09:32.491576
1486526399144787999mines | 2026-05-09 18:09:35.658190
1486526399144787999mines | 2026-05-09 18:09:38.492292
1486526399144787999mines | 2026-05-09 18:09:42.577444
1486526399144787999mines | 2026-05-09 18:09:46.248082
1486526399144787999mines | 2026-05-09 18:09:48.958606
1486526399144787999mines | 2026-05-09 18:09:53.707225
1486526399144787999mines | 2026-05-09 18:09:57.305305
1486526399144787999mines | 2026-05-09 18:10:00.411218
1486526399144787999mines | 2026-05-09 18:10:03.214333
1486526399144787999mines | 2026-05-09 18:10:06.045030
977377574789472278minerals check | 2026-05-09 18:18:43.484774
1486526399144787999minerals check | 2026-05-09 18:18:48.835865
TURRNUT(977377574789472278)lost 1000.0 TRC gambling. | 2026-05-09 18:18:55.063467
TURRNUT(977377574789472278)won 1000.0 TRC gambling. | 2026-05-09 18:19:00.215985
TURRNUT(977377574789472278)won 994.0 TRC gambling. | 2026-05-09 18:19:08.420320
TURRNUT(977377574789472278)won 500.0 TRC gambling. | 2026-05-09 18:19:16.962606
977377574789472278wants to pay1486526399144787999 1540.0 | 2026-05-09 18:19:27.667192
1486526399144787999mines | 2026-05-09 18:21:01.303862
1486526399144787999mines | 2026-05-09 18:21:04.471230
1486526399144787999mines | 2026-05-09 18:21:08.188131
1486526399144787999mines | 2026-05-09 18:21:11.075856
1486526399144787999mines | 2026-05-09 18:21:14.013957
1486526399144787999mines | 2026-05-09 18:21:17.203496
1486526399144787999mines | 2026-05-09 18:21:21.909397
1486526399144787999mines | 2026-05-09 18:21:25.442434
1486526399144787999mines | 2026-05-09 18:21:28.697454
1486526399144787999mines | 2026-05-09 18:21:43.564874
1486526399144787999mines | 2026-05-09 18:21:46.489728
1486526399144787999mines | 2026-05-09 18:21:49.519260
1486526399144787999mines | 2026-05-09 18:21:52.640513
1486526399144787999mines | 2026-05-09 18:21:56.811833
1486526399144787999mines | 2026-05-09 18:21:59.939157
1486526399144787999loves money | 2026-05-09 18:22:05.053138
1486526399144787999mines | 2026-05-09 18:25:19.445981
1486526399144787999mines | 2026-05-09 18:25:22.719706
1486526399144787999mines | 2026-05-09 18:25:30.010349
1486526399144787999mines | 2026-05-09 18:25:36.952499
1486526399144787999mines | 2026-05-09 18:25:39.591827
1486526399144787999mines | 2026-05-09 18:25:42.508745
TURRNUT(977377574789472278)lost 948.0 TRC gambling. | 2026-05-09 18:25:42.690688
1486526399144787999mines | 2026-05-09 18:25:45.714068
TURRNUT(977377574789472278)won 1000.0 TRC gambling. | 2026-05-09 18:25:48.624022
1486526399144787999mines | 2026-05-09 18:25:49.362016
1486526399144787999mines | 2026-05-09 18:25:53.789880
TURRNUT(977377574789472278)won 1000.0 TRC gambling. | 2026-05-09 18:25:56.874611
1486526399144787999mines | 2026-05-09 18:25:57.341163
TURRNUT(977377574789472278)won 3000.0 TRC gambling. | 2026-05-09 18:26:13.099575
1486526399144787999mines | 2026-05-09 18:27:37.741613
1486526399144787999mines | 2026-05-09 18:28:04.929939
1486526399144787999mines | 2026-05-09 18:28:08.238023
1486526399144787999mines | 2026-05-09 18:28:18.274705
TURRNUT(977377574789472278)won 2.0 TRC gambling. | 2026-05-09 18:29:27.915387
1486526399144787999mines | 2026-05-09 18:29:39.883043
1486526399144787999mines | 2026-05-09 18:29:43.155834
1486526399144787999mines | 2026-05-09 18:29:46.695864
1486526399144787999mines | 2026-05-09 18:29:49.771752
977377574789472278checks on items | 2026-05-09 18:29:52.351076
1486526399144787999mines | 2026-05-09 18:29:52.872564
1486526399144787999mines | 2026-05-09 18:29:57.291315
1486526399144787999mines | 2026-05-09 18:30:00.265173
977377574789472278checks on items | 2026-05-09 18:31:46.655450
977377574789472278mines | 2026-05-09 18:31:50.622221
977377574789472278mines | 2026-05-09 18:31:55.573666
977377574789472278mines | 2026-05-09 18:32:02.472236
977377574789472278mines | 2026-05-09 18:32:06.595501
977377574789472278mines | 2026-05-09 18:32:09.692611
977377574789472278mines | 2026-05-09 18:32:13.112128
977377574789472278mines | 2026-05-09 18:32:16.215880
977377574789472278mines | 2026-05-09 18:32:20.110632
1486526399144787999mines | 2026-05-09 18:47:14.981871
1486526399144787999mines | 2026-05-09 18:47:49.690432
1486526399144787999mines | 2026-05-09 18:47:58.850785
1486526399144787999mines | 2026-05-09 18:48:02.970832
1486526399144787999mines | 2026-05-09 18:48:06.072120
1486526399144787999mines | 2026-05-09 18:48:13.146820
1486526399144787999mines | 2026-05-09 18:48:21.920878
1486526399144787999mines | 2026-05-09 18:48:25.322595
1486526399144787999mines | 2026-05-09 18:48:28.292652
1486526399144787999loves money | 2026-05-09 20:28:30.675351
1486526399144787999minerals check | 2026-05-09 20:55:14.633341
1486526399144787999mines | 2026-05-09 20:55:28.935243
1486526399144787999mines | 2026-05-09 20:55:32.777234
1486526399144787999mines | 2026-05-09 20:55:36.270257
1486526399144787999mines | 2026-05-09 20:55:39.641312
1486526399144787999mines | 2026-05-09 20:55:43.207887
1486526399144787999mines | 2026-05-09 20:55:48.721657
1486526399144787999mines | 2026-05-09 20:55:51.922961
1486526399144787999mines | 2026-05-09 20:55:56.330495
1486526399144787999mines | 2026-05-09 20:55:59.668247
1486526399144787999mines | 2026-05-09 20:56:03.584668
1486526399144787999mines | 2026-05-09 20:56:07.264166
1486526399144787999mines | 2026-05-09 20:56:10.436896
1486526399144787999mines | 2026-05-09 20:56:17.972197
1486526399144787999mines | 2026-05-09 20:56:21.688675
1486526399144787999mines | 2026-05-09 20:56:24.707646
1486526399144787999mines | 2026-05-09 20:56:27.997089
1486526399144787999mines | 2026-05-09 20:56:32.177170
1486526399144787999mines | 2026-05-09 20:56:35.889674
1486526399144787999checks on items | 2026-05-09 20:56:46.114040
1486526399144787999mines | 2026-05-09 20:56:49.379699
1486526399144787999mines | 2026-05-09 20:56:53.832840
1486526399144787999mines | 2026-05-09 20:56:57.859396
1486526399144787999mines | 2026-05-09 20:57:01.014468
1486526399144787999mines | 2026-05-09 20:57:04.006796
1486526399144787999mines | 2026-05-09 20:57:07.168739
1486526399144787999mines | 2026-05-09 20:57:10.069904
1486526399144787999mines | 2026-05-09 20:57:15.810946
1486526399144787999mines | 2026-05-09 20:57:18.980170
1486526399144787999mines | 2026-05-09 20:57:22.081759
1486526399144787999mines | 2026-05-09 20:57:26.932909
1486526399144787999mines | 2026-05-09 20:57:39.030951
1486526399144787999mines | 2026-05-09 20:57:42.233836
1486526399144787999mines | 2026-05-09 20:57:45.897920
1486526399144787999mines | 2026-05-09 20:57:49.342842
1486526399144787999mines | 2026-05-09 20:57:53.434445
1486526399144787999loves money | 2026-05-10 07:01:22.529214
1486526399144787999loves money | 2026-05-10 07:39:35.287311
1502061063368343733loves money | 2026-05-10 07:39:59.313921
1486526399144787999checks on items | 2026-05-10 07:41:30.503571
1486526399144787999wants to buy something | 2026-05-10 07:41:53.206730
1486526399144787999wants to buy something | 2026-05-10 07:42:05.554596
1486526399144787999wants to buy something | 2026-05-10 07:42:18.728967
1486526399144787999wants to buy something | 2026-05-10 07:42:34.521209
1486526399144787999mines | 2026-05-10 07:42:49.562099
1486526399144787999mines | 2026-05-10 07:42:52.655339
1486526399144787999mines | 2026-05-10 07:42:55.657124
1486526399144787999mines | 2026-05-10 07:42:58.313995
1486526399144787999mines | 2026-05-10 07:43:01.490698
1486526399144787999mines | 2026-05-10 07:43:06.178024
1486526399144787999mines | 2026-05-10 07:43:10.040542
1486526399144787999mines | 2026-05-10 07:43:13.662437
1486526399144787999mines | 2026-05-10 07:43:19.268793
1486526399144787999mines | 2026-05-10 07:43:22.824050
1486526399144787999mines | 2026-05-10 07:43:25.804339
1486526399144787999mines | 2026-05-10 07:43:28.776453
1486526399144787999mines | 2026-05-10 07:43:31.754529
1486526399144787999mines | 2026-05-10 07:43:34.935967
1486526399144787999mines | 2026-05-10 07:43:38.274207
1486526399144787999mines | 2026-05-10 07:43:41.468587
1486526399144787999mines | 2026-05-10 07:43:46.033461
1486526399144787999minerals check | 2026-05-10 07:43:53.517105
1486526399144787999minerals check | 2026-05-10 07:44:04.422677
1486526399144787999mines | 2026-05-10 07:44:14.114196
1486526399144787999mines | 2026-05-10 07:44:16.921936
1486526399144787999mines | 2026-05-10 07:44:19.620641
1486526399144787999mines | 2026-05-10 07:44:22.694446
1486526399144787999mines | 2026-05-10 07:44:25.709768
1486526399144787999mines | 2026-05-10 07:44:28.630596
1486526399144787999mines | 2026-05-10 07:44:31.450956
1486526399144787999mines | 2026-05-10 07:44:34.026302
1486526399144787999mines | 2026-05-10 07:44:36.586500
1486526399144787999checks on items | 2026-05-10 07:44:43.687419
1486526399144787999mines | 2026-05-10 07:44:48.235375
1486526399144787999mines | 2026-05-10 07:44:51.092030
1486526399144787999mines | 2026-05-10 07:44:53.946844
1486526399144787999mines | 2026-05-10 07:44:56.375502
1486526399144787999mines | 2026-05-10 07:44:59.109576
1486526399144787999mines | 2026-05-10 07:45:02.455034
1486526399144787999mines | 2026-05-10 07:45:05.744261
1486526399144787999mines | 2026-05-10 07:45:08.658363
1486526399144787999mines | 2026-05-10 07:45:11.967241
1486526399144787999mines | 2026-05-10 07:45:15.459017
1486526399144787999mines | 2026-05-10 07:45:18.810046
1502061063368343733mines | 2026-05-10 07:45:59.989550
1502061063368343733mines | 2026-05-10 07:46:06.517360
1502061063368343733mines | 2026-05-10 07:46:19.845588
1502061063368343733mines | 2026-05-10 07:46:23.337126
1502061063368343733mines | 2026-05-10 07:46:27.030832
1502061063368343733mines | 2026-05-10 07:46:31.237833
1502061063368343733mines | 2026-05-10 07:46:34.649375
1502061063368343733mines | 2026-05-10 07:46:42.992100
1502061063368343733mines | 2026-05-10 07:46:47.161759
1502061063368343733mines | 2026-05-10 07:46:50.251242
1502061063368343733mines | 2026-05-10 07:47:01.691102
1502061063368343733mines | 2026-05-10 07:47:08.757602
1502061063368343733mines | 2026-05-10 07:47:12.325164
1502061063368343733mines | 2026-05-10 07:47:15.947246
1502061063368343733mines | 2026-05-10 07:47:19.183665
TURRNUT(977377574789472278)won 200.0 TRC gambling. | 2026-05-10 10:31:08.594694
1486526399144787999loves money | 2026-05-10 10:33:36.715842
1486526399144787999mines | 2026-05-10 10:33:39.297535
1486526399144787999mines | 2026-05-10 10:33:44.409911
1486526399144787999mines | 2026-05-10 10:33:49.329436
1486526399144787999mines | 2026-05-10 10:33:54.247838
1486526399144787999mines | 2026-05-10 10:34:23.505608
1486526399144787999mines | 2026-05-10 10:34:26.706481
1486526399144787999mines | 2026-05-10 10:34:32.451784
1486526399144787999mines | 2026-05-10 10:34:44.105996
1486526399144787999mines | 2026-05-10 10:34:48.910285
1486526399144787999mines | 2026-05-10 10:34:56.735266
1486526399144787999mines | 2026-05-10 10:35:00.034270
1486526399144787999mines | 2026-05-10 10:35:37.461890
1486526399144787999mines | 2026-05-10 10:35:41.415206
1486526399144787999minerals check | 2026-05-10 10:35:48.842960
1486526399144787999mines | 2026-05-10 10:35:53.747183
977377574789472278earnings check | 2026-05-10 10:39:36.746520
1486526399144787999loves money | 2026-05-10 11:45:35.478916
1502061063368343733loves money | 2026-05-10 11:48:08.291320
977377574789472278loves money | 2026-05-10 11:55:45.980834
1486526399144787999loves money | 2026-05-10 12:01:48.372797
1486526399144787999checks on items | 2026-05-10 12:02:16.481998
1486526399144787999checks on items | 2026-05-10 12:02:38.532462
1486526399144787999mines | 2026-05-10 12:03:00.061565
1486526399144787999mines | 2026-05-10 12:03:04.256053
1486526399144787999mines | 2026-05-10 12:03:06.990265
1486526399144787999mines | 2026-05-10 12:03:10.017022
1486526399144787999mines | 2026-05-10 12:03:13.092646
1486526399144787999mines | 2026-05-10 12:03:16.241577
1486526399144787999mines | 2026-05-10 12:03:19.289212
1486526399144787999mines | 2026-05-10 12:03:22.092427
1486526399144787999mines | 2026-05-10 12:03:25.958566
1486526399144787999mines | 2026-05-10 12:03:30.568165
1486526399144787999mines | 2026-05-10 12:03:34.814323
1486526399144787999mines | 2026-05-10 12:03:38.627434
1486526399144787999mines | 2026-05-10 12:03:45.906863
1486526399144787999minerals check | 2026-05-10 12:03:53.475424
1486526399144787999mines | 2026-05-10 12:12:05.145179
1486526399144787999mines | 2026-05-10 12:12:09.106079
1486526399144787999mines | 2026-05-10 12:12:25.746718
1486526399144787999mines | 2026-05-10 12:12:26.175687
1486526399144787999mines | 2026-05-10 12:12:31.744131
1486526399144787999mines | 2026-05-10 12:12:35.804377
1486526399144787999mines | 2026-05-10 12:12:41.044536
1486526399144787999mines | 2026-05-10 12:12:43.722038
1486526399144787999mines | 2026-05-10 12:12:47.729599
1486526399144787999mines | 2026-05-10 12:12:50.846819
1486526399144787999mines | 2026-05-10 12:12:54.024226
1486526399144787999mines | 2026-05-10 12:12:57.351684
1486526399144787999mines | 2026-05-10 12:13:00.390728
1486526399144787999mines | 2026-05-10 12:13:04.173692
1486526399144787999mines | 2026-05-10 12:13:15.064660
1486526399144787999mines | 2026-05-10 12:13:17.222558
1486526399144787999mines | 2026-05-10 12:13:23.312204
1486526399144787999minerals check | 2026-05-10 12:13:33.621801
1486526399144787999mines | 2026-05-10 12:13:38.772087
1486526399144787999mines | 2026-05-10 12:13:50.821333
1486526399144787999mines | 2026-05-10 12:14:06.239992
1486526399144787999mines | 2026-05-10 12:14:11.262649
1486526399144787999mines | 2026-05-10 12:14:16.404218
1486526399144787999mines | 2026-05-10 12:14:19.391038
1486526399144787999mines | 2026-05-10 12:14:22.920510
1486526399144787999mines | 2026-05-10 12:14:27.439488
1486526399144787999mines | 2026-05-10 12:14:30.368512
1486526399144787999mines | 2026-05-10 12:14:33.463311
1486526399144787999mines | 2026-05-10 12:14:37.532608
1486526399144787999checks on items | 2026-05-10 12:14:53.765574
1486526399144787999minerals check | 2026-05-10 12:15:15.248561
1486526399144787999minerals check | 2026-05-10 12:31:44.454474
1486526399144787999loves money | 2026-05-10 14:56:13.397893
977377574789472278minerals check | 2026-05-10 15:52:07.203781
977377574789472278wants to pay1486526399144787999 1570.0 | 2026-05-10 15:52:26.762592
1486526399144787999wants to buy something | 2026-05-10 15:55:03.963894
1486526399144787999mines | 2026-05-10 15:55:16.711456
1486526399144787999mines | 2026-05-10 15:55:19.484784
1486526399144787999mines | 2026-05-10 15:55:22.276445
1486526399144787999mines | 2026-05-10 15:55:25.271922
1486526399144787999mines | 2026-05-10 15:55:28.665537
1486526399144787999mines | 2026-05-10 15:55:31.617991
1486526399144787999mines | 2026-05-10 15:55:34.709086
1486526399144787999mines | 2026-05-10 15:55:37.350619
1486526399144787999mines | 2026-05-10 15:55:40.557155
1486526399144787999mines | 2026-05-10 15:55:45.806764
1486526399144787999mines | 2026-05-10 15:55:48.758065
1486526399144787999loves money | 2026-05-10 15:56:00.978149
1486526399144787999mines | 2026-05-10 15:56:50.839982
1486526399144787999mines | 2026-05-10 15:56:54.511604
1486526399144787999mines | 2026-05-10 15:56:57.131043
1486526399144787999mines | 2026-05-10 15:56:59.835725
1486526399144787999mines | 2026-05-10 15:57:02.439117
1486526399144787999mines | 2026-05-10 15:57:05.124075
1486526399144787999mines | 2026-05-10 15:57:07.646408
1486526399144787999mines | 2026-05-10 15:57:12.340142
1486526399144787999mines | 2026-05-10 15:57:16.823610
1486526399144787999mines | 2026-05-10 15:57:20.814297
1486526399144787999mines | 2026-05-10 15:57:24.333427
1486526399144787999mines | 2026-05-10 15:57:27.698323
1486526399144787999mines | 2026-05-10 15:57:31.556008
977377574789472278checks on items | 2026-05-10 15:57:35.093498
1486526399144787999mines | 2026-05-10 15:57:36.831631
1486526399144787999mines | 2026-05-10 15:57:37.678506
1486526399144787999mines | 2026-05-10 15:57:47.908224
1486526399144787999mines | 2026-05-10 15:57:53.649842
1486526399144787999mines | 2026-05-10 15:57:56.766860
1486526399144787999mines | 2026-05-10 15:57:59.430900
1486526399144787999mines | 2026-05-10 15:58:02.937520
1486526399144787999mines | 2026-05-10 15:58:57.329069
1486526399144787999mines | 2026-05-10 15:59:01.603305
1486526399144787999mines | 2026-05-10 15:59:04.209072
1486526399144787999mines | 2026-05-10 15:59:06.895835
1486526399144787999mines | 2026-05-10 15:59:10.100166
1486526399144787999mines | 2026-05-10 15:59:13.586216
1486526399144787999mines | 2026-05-10 15:59:16.175912
1486526399144787999mines | 2026-05-10 15:59:20.239282
1486526399144787999mines | 2026-05-10 15:59:26.003599
1502061063368343733loves money | 2026-05-10 16:53:09.042672
977377574789472278loves money | 2026-05-10 16:53:34.535704
turrnutlet the bot to say 'oranges ' | 2026-05-10 17:06:50.680554
1502061063368343733loves money | 2026-05-10 19:32:26.900516
1486526399144787999loves money | 2026-05-10 19:32:40.483487
1486526399144787999loves money | 2026-05-10 19:59:40.045865
turrnut Made me say "it is" | 2026-05-10 20:17:29.445588
