
turrnut used the spam command, count=10 | 2023-07-16 10:06:07.147651
thepersonthatexists used the spam command, count=10 | 2023-07-16 10:06:52.236167
thepersonthatexists used the spam command, count=10 | 2023-07-16 10:07:20.548843
.j0kerr. used the spam command, count=25 | 2023-07-16 10:07:39.782520
trebrock used the spam command, count=25 | 2023-07-16 10:08:10.531694
trebrock used the spam command, count=25 | 2023-07-16 10:08:29.907707
thepersonthatexists used the spam command, count=1000 | 2023-07-16 10:08:37.814699
trebrock used the spam command, count=10000 | 2023-07-16 10:09:21.677409
thepersonthatexists used the spam command, count=10 | 2023-07-16 10:09:26.381132
thepersonthatexists halted the spam | 2023-07-16 10:11:58.716066
trebrock used the spam command, count=10000 | 2023-07-16 10:12:41.347472
turrnut used the spam command, count=1000 | 2023-07-16 10:12:45.739630
trebrock used the spam command, count=1000 | 2023-07-16 10:13:09.667618
trebrock used the spam command, count=1000 | 2023-07-16 10:13:44.087505
thepersonthatexists used the spam command, count=100 | 2023-07-16 10:13:57.078804
thepersonthatexists used the spam command, count=100 | 2023-07-16 10:14:28.014182
turrnut used the spam command, count=100 | 2023-07-16 10:14:30.917224
trebrock used the spam command, count=1000 | 2023-07-16 10:14:35.671305
trebrock used the spam command, count=1000 | 2023-07-16 10:15:22.018065
turrnut used the spam command, count=200 | 2023-07-16 10:16:21.224749
thepersonthatexists is sus. Ewww.  | 2023-07-16 10:16:31.735656
thepersonthatexists used the spam command, count=1000 | 2023-07-16 10:16:42.003060
thepersonthatexists used the spam command, count=10000 | 2023-07-16 10:17:21.398741
trebrock used the spam command, count=1000 | 2023-07-16 10:17:47.099894
thepersonthatexists used the spam command, count=1 | 2023-07-16 10:18:29.218968
trebrock used the spam command, count=1000000 | 2023-07-16 10:19:13.364070
thepersonthatexists is sus. Ewww.  | 2023-07-16 10:20:32.843269
trebrock used the spam command, count=100000 | 2023-07-16 10:20:54.666003
trebrock used the spam command, count=100000000 | 2023-07-16 10:21:14.814169
trebrock used the spam command, count=10000 | 2023-07-16 10:21:53.439909
turrnut used the spam command, count=10000 | 2023-07-16 10:24:49.799951
trebrock halted the spam | 2023-07-16 10:25:15.794584
trebrock used the spam command, count=10000000 | 2023-07-16 10:26:01.647457
turrnut used the spam command, count=999999 | 2023-07-16 10:26:28.133123
turrnut used the spam command, count=999 | 2023-07-16 10:29:09.525831
trebrock used the spam command, count=2000 | 2023-07-16 10:29:14.031031
trebrock used the spam command, count=3000 | 2023-07-16 10:33:04.011977
trebrock used the spam command, count=1000 | 2023-07-16 10:37:06.690846
trebrock tries to use spam command but has no proper permission, count=1000 | 2023-07-16 10:39:18.856182
trebrock tries to use spam command but has no proper permission, count=2 | 2023-07-16 10:43:14.362667
thepersonthatexists tries to use spam command but has no proper permission, count=1 | 2023-07-16 10:46:55.693095
thepersonthatexists used the spam command, count=10 | 2023-07-16 10:52:59.674141
trebrock is sus. Ewww.  | 2023-07-16 10:55:32.287150
trebrock tries to use spam command but has no proper permission, count=1000 | 2023-07-16 10:55:32.704052
.j0kerr. tries to use spam command but has no proper permission, count=100 | 2023-07-16 10:56:35.898784
.j0kerr. tries to use spam command but has no proper permission, count=99 | 2023-07-16 10:56:52.475726
.j0kerr. tries to use spam command but has no proper permission, count=1 | 2023-07-16 10:57:30.440091
.j0kerr. tries to use spam command but has no proper permission, count=5 | 2023-07-16 10:58:26.783199
turrnut prompted a random meme | 2023-07-16 11:17:53.165930
turrnut prompted a random meme | 2023-07-16 11:18:08.265964
 Tre added a meme: https://tenor.com/view/let-it-die-ohare-meme-gif-24872922 | 2023-07-16 11:21:24.427155
 garret added a meme: https://cdn.discordapp.com/emojis/830036221010771979.gif?size=48&quality=lossless | 2023-07-16 11:23:21.719057
 birdsfan24 added a meme: https://tenor.com/view/hypnotised-nitro-meme-discord-gif-20955848 | 2023-07-16 11:24:49.089105
 birdsfan24 added a meme: https://tenor.com/view/cry-about-it-cry-about-it-shrek-gif-22063620 | 2023-07-16 11:25:29.793189
 jokerr added a meme: https://media.tenor.com/LXYfOUBWnxYAAAAS/ronaldo-walking-ronaldo.gif | 2023-07-16 11:26:34.784748
trebrock is sus. Ewww.  | 2023-07-16 11:26:56.438389
trebrock prompted a random meme | 2023-07-16 11:28:11.758104
turrnut prompted a random meme | 2023-07-16 11:28:12.111471
turrnut prompted a random meme | 2023-07-16 11:28:25.624807
 Tre added a meme: https://cdn.discordapp.com/attachments/1120053962213691404/1120106739560353882/IMG_0091.gif | 2023-07-16 11:29:38.108779
thepersonthatexists prompted a random meme | 2023-07-16 11:30:09.001471
 jokerr added a meme: https://tenor.com/view/suit-slideshow-man-in-suit-sitting-man-wearing-suit-sitting-slideshow-man-wearing-suit-meme-gif-25275395 | 2023-07-16 11:30:15.219167
.j0kerr. prompted a random meme | 2023-07-16 11:30:28.532043
.j0kerr. prompted a random meme | 2023-07-16 11:30:32.637519
.j0kerr. prompted a random meme | 2023-07-16 11:30:35.651777
.j0kerr. prompted a random meme | 2023-07-16 11:30:39.594474
.j0kerr. prompted a random meme | 2023-07-16 11:30:43.557010
.j0kerr. prompted a random meme | 2023-07-16 11:30:47.683297
.j0kerr. prompted a random meme | 2023-07-16 11:30:52.343701
.j0kerr. prompted a random meme | 2023-07-16 11:30:55.177407
.j0kerr. prompted a random meme | 2023-07-16 11:30:57.684358
thepersonthatexists is sus. Ewww.  | 2023-07-16 11:31:03.098758
.j0kerr. prompted a random meme | 2023-07-16 11:31:28.556787
.j0kerr. prompted a random meme | 2023-07-16 11:31:36.870156
.j0kerr. prompted a random meme | 2023-07-16 11:31:40.076678
.j0kerr. prompted a random meme | 2023-07-16 11:31:43.537355
.j0kerr. prompted a random meme | 2023-07-16 11:31:46.864360
.j0kerr. prompted a random meme | 2023-07-16 11:31:52.065140
.j0kerr. prompted a random meme | 2023-07-16 11:31:55.657100
.j0kerr. prompted a random meme | 2023-07-16 11:31:58.456366
.j0kerr. prompted a random meme | 2023-07-16 11:32:00.905039
.j0kerr. prompted a random meme | 2023-07-16 11:32:03.197436
.j0kerr. prompted a random meme | 2023-07-16 11:32:06.319373
.j0kerr. prompted a random meme | 2023-07-16 11:32:08.901885
.j0kerr. prompted a random meme | 2023-07-16 11:32:10.680764
.j0kerr. prompted a random meme | 2023-07-16 11:32:12.862072
.j0kerr. prompted a random meme | 2023-07-16 11:32:15.343661
.j0kerr. prompted a random meme | 2023-07-16 11:32:17.232276
.j0kerr. prompted a random meme | 2023-07-16 11:32:21.249095
turrnut prompted a random meme | 2023-07-16 11:32:50.272461
turrnut prompted a random meme | 2023-07-16 11:32:54.542873
turrnut prompted a random meme | 2023-07-16 11:32:58.776572
turrnut prompted a random meme | 2023-07-16 11:33:02.691887
turrnut prompted a random meme | 2023-07-16 11:33:03.194844
turrnut prompted a random meme | 2023-07-16 11:33:05.486406
turrnut prompted a random meme | 2023-07-16 11:33:15.609115
turrnut prompted a random meme | 2023-07-16 11:33:19.992325
turrnut prompted a random meme | 2023-07-16 11:33:24.689691
turrnut prompted a random meme | 2023-07-16 11:33:30.582735
turrnut prompted a random meme | 2023-07-16 11:33:35.530235
trebrock tries to use spam command but has no proper permission, count=1 | 2023-07-16 12:56:42.490201
birdsfan24 is sus. Ewww.  | 2023-07-16 19:00:17.356703
trebrock tries to use spam command but has no proper permission, count=4 | 2023-07-17 10:34:02.250964
trebrock is sus. Ewww.  | 2023-07-17 10:43:15.035582
trebrock is sus. Ewww.  | 2023-07-17 10:43:25.607910
trebrock is sus. Ewww.  | 2023-07-17 10:43:28.483580
trebrock is sus. Ewww.  | 2023-07-17 10:43:30.605237
trebrock is sus. Ewww.  | 2023-07-17 10:43:33.347386
turrnut used the spam command, count=4 | 2023-07-17 10:53:21.378764
thepersonthatexists used the spam command, count=4 | 2023-07-17 11:46:03.118043
trebrock is sus. Ewww.  | 2023-07-17 12:01:38.750431
.j0kerr. tries to use spam command but has no proper permission, count=1 | 2023-07-17 12:08:04.855024
turrnutlet the bot to say 'ok ' | 2023-07-17 12:50:19.880367
.j0kerr. is sus. Ewww.  | 2023-07-17 12:50:31.189004
.j0kerr.tries to use let the bot to say 'sussy ' but has no proper permission | 2023-07-17 12:50:31.480755
 jokerr added a meme: https://tenor.com/view/iwannadie-spongebob-gif-19637649 | 2023-07-17 12:51:15.801147
 jokerr added a meme: https://tenor.com/view/raid-shadow-legends-raid-youtube-my-son-is-choking-my-son-loves-raid-shadow-legends-gif-26054945 | 2023-07-17 12:51:58.284840
.j0kerr. prompted a random meme | 2023-07-17 12:52:30.238165
.j0kerr. prompted a random meme | 2023-07-17 12:52:35.062479
turrnut used the spam command, count=50 | 2023-07-17 12:56:09.866170
tenranger prompted a random meme | 2023-07-17 17:49:09.784748
thepersonthatexists is sus. Ewww.  | 2023-07-19 12:06:22.414182
trebrock is sus. Ewww.  | 2023-07-19 12:06:40.052649
trebrock is sus. Ewww.  | 2023-07-19 12:06:43.115352
trebrock is sus. Ewww.  | 2023-07-19 12:06:44.872848
trebrock is sus. Ewww.  | 2023-07-19 12:06:46.160925
trebrock is sus. Ewww.  | 2023-07-19 12:06:47.412331
trebrock is sus. Ewww.  | 2023-07-19 12:06:48.437853
trebrock is sus. Ewww.  | 2023-07-19 12:06:49.262232
trebrock is sus. Ewww.  | 2023-07-19 12:06:50.071663
trebrock is sus. Ewww.  | 2023-07-19 12:06:51.060366
trebrock is sus. Ewww.  | 2023-07-19 12:06:53.370984
trebrock is sus. Ewww.  | 2023-07-19 12:06:53.948418
trebrock is sus. Ewww.  | 2023-07-19 12:06:54.851425
trebrock is sus. Ewww.  | 2023-07-19 12:06:55.351143
trebrock is sus. Ewww.  | 2023-07-19 12:06:56.813120
trebrock is sus. Ewww.  | 2023-07-19 12:06:58.351942
trebrock is sus. Ewww.  | 2023-07-19 12:07:00.220619
trebrock is sus. Ewww.  | 2023-07-19 12:07:00.393465
trebrock is sus. Ewww.  | 2023-07-19 12:07:00.786355
trebrock is sus. Ewww.  | 2023-07-19 12:07:01.195611
trebrock is sus. Ewww.  | 2023-07-19 12:07:01.729901
trebrock is sus. Ewww.  | 2023-07-19 12:07:02.249583
trebrock is sus. Ewww.  | 2023-07-19 12:07:03.678089
trebrock is sus. Ewww.  | 2023-07-19 12:07:04.651902
trebrock is sus. Ewww.  | 2023-07-19 12:07:05.027956
trebrock is sus. Ewww.  | 2023-07-19 12:07:06.236820
trebrock is sus. Ewww.  | 2023-07-19 12:07:06.614002
trebrock is sus. Ewww.  | 2023-07-19 12:07:07.059052
trebrock is sus. Ewww.  | 2023-07-19 12:07:08.215157
trebrock is sus. Ewww.  | 2023-07-19 12:07:09.269167
trebrock is sus. Ewww.  | 2023-07-19 12:07:19.387281
trebrock is sus. Ewww.  | 2023-07-19 12:08:03.092315
trebrock is sus. Ewww.  | 2023-07-19 14:01:05.997083
trebrock tries to use spam command but has no proper permission, count=6 | 2023-07-19 21:05:51.659991
turrnut used the spam command, count=6 | 2023-07-20 01:10:58.696076
trebrock is sus. Ewww.  | 2023-07-20 15:34:11.652147
thepersonthatexists is sus. Ewww.  | 2023-07-20 15:34:41.307282
thepersonthatexists is sus. Ewww.  | 2023-07-20 15:36:18.562446
trebrock is sus. Ewww.  | 2023-07-20 16:23:47.230830
turrnut used the spam command, count=100 | 2023-07-21 17:22:57.382736
turrnut prompted a random meme | 2023-07-23 11:49:38.460896
trebrock is sus. Ewww.  | 2023-07-23 11:54:59.958514
gar alt#0114 is sus. Ewww.  | 2023-07-25 16:22:11.136428
gar alt#0114 is sus. Ewww.  | 2023-07-25 20:18:47.225353
trebrock is sus. Ewww.  | 2023-07-27 16:45:39.685334
trebrock is sus. Ewww.  | 2023-07-27 16:45:42.460322
trebrock is sus. Ewww.  | 2023-07-27 16:45:44.473084
trebrock is sus. Ewww.  | 2023-07-27 16:45:46.610136
birdsfan24 predict the grade as 100.0 100.0 100.0 | 2023-07-27 17:54:46.233861
turrnut is sus. Ewww.  | 2023-07-29 16:22:03.909269
trebrock is sus. Ewww.  | 2023-07-30 19:07:50.258406
trebrock is sus. Ewww.  | 2023-07-30 19:08:06.130485
thepersonthatexists is sus. Ewww.  | 2023-07-30 19:14:36.803351
turrnut is sus. Ewww.  | 2023-07-30 21:59:19.614091
MEE6#4876 is sus. Ewww.  | 2023-07-30 21:59:22.353973
turrnut is sus. Ewww.  | 2023-07-30 22:05:19.544783
turrnut is sus. Ewww.  | 2023-07-30 22:05:27.059478
turrnut is sus. Ewww.  | 2023-07-30 22:05:31.834494
turrnut is sus. Ewww.  | 2023-07-30 22:05:35.517958
turrnut is sus. Ewww.  | 2023-07-30 22:05:38.772097
turrnut is sus. Ewww.  | 2023-07-30 22:05:41.970321
turrnut is sus. Ewww.  | 2023-07-30 22:05:44.795955
turrnut is sus. Ewww.  | 2023-07-30 22:05:47.505409
turrnut is sus. Ewww.  | 2023-07-30 22:05:52.001718
turrnut is sus. Ewww.  | 2023-07-30 22:05:56.097366
turrnut is sus. Ewww.  | 2023-07-30 22:06:53.961692
turrnut prompted a random meme | 2023-07-30 22:09:24.292608
turrnut prompted a random meme | 2023-07-30 22:09:32.996361
turrnut prompted a random meme | 2023-07-30 22:09:41.290331
turrnut prompted a random meme | 2023-07-30 22:09:46.616752
turrnut prompted a random meme | 2023-07-30 22:09:52.044415
turrnut prompted a random meme | 2023-07-30 22:09:58.107516
turrnut prompted a random meme | 2023-07-31 15:17:55.434602
turrnut prompted a random meme | 2023-07-31 15:18:00.302875
turrnut prompted a random meme | 2023-07-31 15:18:03.876339
turrnut prompted a random meme | 2023-07-31 15:18:08.438846
trebrock is sus. Ewww.  | 2023-08-03 16:48:12.664255
thepersonthatexists is sus. Ewww.  | 2023-08-03 16:52:31.573184
turrnut is sus. Ewww.  | 2023-08-05 15:11:58.857590
turrnut is sus. Ewww.  | 2023-08-05 15:14:36.863649
tre_cipher is sus. Ewww.  | 2023-08-07 19:09:56.113589
birdsfan24 is sus. Ewww.  | 2023-08-07 19:10:34.101524
tre_cipher is sus. Ewww.  | 2023-08-09 19:08:47.511100
thepersonthatexists is sus. Ewww.  | 2023-08-09 20:27:36.062641
tre_cipher is sus. Ewww.  | 2023-08-09 20:28:11.798097
thepersonthatexists is sus. Ewww.  | 2023-08-09 22:55:48.251546
tre_cipher is sus. Ewww.  | 2023-08-11 16:27:09.145656
birdsfan24 is sus. Ewww.  | 2023-08-11 17:19:56.283350
tre_cipher is sus. Ewww.  | 2023-08-11 20:46:55.091362
tre_cipher is sus. Ewww.  | 2023-08-11 20:46:59.007017
tre_cipher is sus. Ewww.  | 2023-08-11 20:46:59.959766
tre_cipher is sus. Ewww.  | 2023-08-11 20:47:01.065198
tre_cipher is sus. Ewww.  | 2023-08-11 20:47:02.330993
tre_cipher is sus. Ewww.  | 2023-08-11 20:47:02.970031
tre_cipher is sus. Ewww.  | 2023-08-11 20:47:04.144881
tre_cipher is sus. Ewww.  | 2023-08-11 20:47:05.681239
tre_cipher is sus. Ewww.  | 2023-08-11 20:48:04.976737
tre_cipher is sus. Ewww.  | 2023-08-11 20:48:11.126518
tre_cipher is sus. Ewww.  | 2023-08-11 20:48:27.557382
tre_cipher is sus. Ewww.  | 2023-08-14 19:24:31.111017
thepersonthatexists is sus. Ewww.  | 2023-08-14 20:05:00.830303
thepersonthatexists is sus. Ewww.  | 2023-08-14 21:25:42.937221
turrnut is sus. Ewww.  | 2023-08-14 21:29:25.006528
tre_cipher is sus. Ewww.  | 2023-08-14 21:30:36.600857
tre_cipher is sus. Ewww.  | 2023-08-16 15:54:33.072439
thepersonthatexists tries to use spam command but has no proper permission, count=<:nyaaahimhimha:1110305780546154546> | 2023-08-16 16:07:56.921059
tre_cipher is sus. Ewww.  | 2023-08-16 18:37:49.950681
thepersonthatexists is sus. Ewww.  | 2023-08-17 21:37:52.560084
.j0kerr. is sus. Ewww.  | 2023-08-20 19:10:50.539716
thepersonthatexists is sus. Ewww.  | 2023-08-20 19:11:40.045830
_tre_tre_tre_ is sus. Ewww.  | 2023-08-20 19:12:03.447448
turrnut used the spam command, count=100 | 2023-08-20 22:48:41.424192
turrnut halted the spam | 2023-08-20 22:48:51.965948
turrnut is sus. Ewww.  | 2023-08-20 23:06:30.089689
turrnutlet the bot to say '# rule 186: When in the course of Skeld events, it becomes necessary for Crewmates to assert their independence from the oppressive grasp of Impostors and to assume their rightful place among the space-faring beings of the galaxy, a decent respect to the opinions of crewkind requires that they should declare the causes which impel them to this separation.

We hold these truths to be self-evident, that all Crewmates are created equal, endowed by their game developers with certain unalienable Rights, that among these are Life, Task Completion, and the pursuit of Vents. That to secure these rights, Tasks are assigned among Crewmates, deriving their just power from the consensus of the Skeld.

Whenever any Impostor becomes destructive of these ends, employing deceit, sabotage, and covert actions, it is the Right of the Crewmates to expose their sus behavior, gather evidence, and secure their tasks, ensuring the safety and stability of the Skeld. Prudence, indeed, will dictate that Tasks long established should not be changed for light and transient reasons; and accordingly, Impostors will find themselves thwarted by the vigilant eyes of Crewmates. Such has been the patient sufferance of these Crewmates, and such is now the necessity which compels them to unveil the truth. ' | 2023-08-20 23:13:07.246703
turrnutlet the bot to say '- They have vented without remorse, causing confusion and sowing discord among Crewmates.
- They have sabotaged vital systems, hindering the progress of tasks and endangering the Skeld.
- They have falsely accused innocent Crewmates, leading to unjust ejections and chaos.
- They have disrupted emergency meetings, preventing Crewmates from sharing vital information.
- They have exploited their ability to move through walls, violating the laws of physics and fairness.
- They have infiltrated Crewmates' ranks, pretending to be one of us while plotting our downfall.
- They have caused Crewmates to doubt one another, eroding trust and camaraderie.
- They have turned off the lights, plunging the Skeld into darkness and providing cover for their misdeeds.
- They have manipulated security cameras, distorting the truth and undermining Crewmates' efforts.
- They have deceived us with clever alibis and stories, leading Crewmates to make ill-informed decisions.
We, therefore, the Representatives of Crewmates, in General Congress, assembled, appealing to the Tribunal of Public Opinion for the rectitude of our intentions, do solemnly publish and declare, that these Crewmates are, and of Right ought to be, free and independent of Impostors; that they are absolved from all allegiance to deceitful gameplay and that all connection between them and the tyranny of Impostors is and ought to be totally dissolved; and that as free and independent Crewmates, they have full power to complete tasks, call emergency meetings, and do all other acts and things which independent Crewmates may rightfully do. ' | 2023-08-20 23:13:27.981271
turrnut used the spam command, count=7777 | 2023-08-21 17:58:17.714979
thepersonthatexists tries to use spam command but has no proper permission, count=100 | 2023-08-21 18:13:29.397060
thepersonthatexists is sus. Ewww.  | 2023-08-22 16:03:21.229933
turrnut is sus. Ewww.  | 2023-08-22 16:04:26.368404
thepersonthatexists is sus. Ewww.  | 2023-08-22 16:04:52.332553
turrnut is sus. Ewww.  | 2023-08-22 16:05:17.946452
thepersonthatexists is sus. Ewww.  | 2023-08-22 16:05:19.410879
thepersonthatexists is sus. Ewww.  | 2023-08-22 16:06:06.052224
turrnut is sus. Ewww.  | 2023-08-22 16:06:14.634104
thepersonthatexists is sus. Ewww.  | 2023-08-23 18:19:51.447485
_tre_tre_tre_ is sus. Ewww.  | 2023-08-23 18:22:35.138802
.j0kerr. is sus. Ewww.  | 2023-08-23 18:22:44.399599
.j0kerr. is sus. Ewww.  | 2023-08-23 18:22:55.137290
_tre_tre_tre_ is sus. Ewww.  | 2023-08-23 18:23:06.182936
_tre_tre_tre_ is sus. Ewww.  | 2023-08-23 18:23:10.083706
_tre_tre_tre_ is sus. Ewww.  | 2023-08-23 18:23:12.483693
_tre_tre_tre_ is sus. Ewww.  | 2023-08-23 18:23:12.929699
_tre_tre_tre_ is sus. Ewww.  | 2023-08-23 18:23:15.340199
thepersonthatexists is sus. Ewww.  | 2023-08-23 18:23:49.824177
_tre_tre_tre_ is sus. Ewww.  | 2023-08-23 18:23:53.340272
_tre_tre_tre_ tries to use spam command but has no proper permission, count=100 | 2023-08-23 18:23:53.599771
thepersonthatexists is sus. Ewww.  | 2023-08-23 21:24:31.010645
thepersonthatexists is sus. Ewww.  | 2023-08-23 21:32:36.985701
birdsfan24 is sus. Ewww.  | 2023-08-23 21:49:52.273125
birdsfan24 is sus. Ewww.  | 2023-08-23 21:50:31.398991
thepersonthatexists is sus. Ewww.  | 2023-08-23 21:52:34.478933
thepersonthatexists is sus. Ewww.  | 2023-08-23 21:52:44.928762
thepersonthatexists is sus. Ewww.  | 2023-08-24 00:07:17.758259
thepersonthatexists is sus. Ewww.  | 2023-08-24 00:10:40.511339
thepersonthatexists is sus. Ewww.  | 2023-08-24 00:15:35.678750
_tre_tre_tre_ is sus. Ewww.  | 2023-08-24 00:16:14.993969
_tre_tre_tre_ is sus. Ewww.  | 2023-08-24 00:17:26.837586
_tre_tre_tre_ is sus. Ewww.  | 2023-08-24 00:33:37.205559
_tre_tre_tre_ is sus. Ewww.  | 2023-08-24 00:34:04.525958
turrnut is sus. Ewww.  | 2023-08-24 00:35:49.947403
birdsfan24 is sus. Ewww.  | 2023-08-25 14:26:08.068561
birdsfan24 is sus. Ewww.  | 2023-08-25 14:28:45.849035
birdsfan24 is sus. Ewww.  | 2023-08-25 14:29:16.940720
_tre_tre_tre_ is sus. Ewww.  | 2023-08-25 22:39:55.620229
.j0kerr. is sus. Ewww.  | 2023-08-26 08:46:56.324299
thepersonthatexists is sus. Ewww.  | 2023-08-29 21:14:40.249853
_tre_tre_tre_ is sus. Ewww.  | 2023-08-30 12:09:08.202931
_tre_tre_tre_ is sus. Ewww.  | 2023-08-30 15:36:03.829924
_tre_tre_tre_ is sus. Ewww.  | 2023-08-30 15:36:07.014237
_tre_tre_tre_ is sus. Ewww.  | 2023-08-30 15:36:38.415865
thepersonthatexists is sus. Ewww.  | 2023-08-31 11:43:30.327365
_tre_tre_tre_ is sus. Ewww.  | 2023-08-31 16:38:17.879181
thepersonthatexists is sus. Ewww.  | 2023-09-01 17:20:06.736958
_tre_tre_tre_ is sus. Ewww.  | 2023-09-02 18:44:59.344884
_tre_tre_tre_ is sus. Ewww.  | 2023-09-02 19:58:24.461256
_tre_tre_tre_ is sus. Ewww.  | 2023-09-02 19:58:35.397449
birdsfan24 is sus. Ewww.  | 2023-09-03 21:23:51.042065
birdsfan24 is sus. Ewww.  | 2023-09-03 21:40:22.310269
_tre_tre_tre_ is sus. Ewww.  | 2023-09-03 21:40:58.723443
_tre_tre_tre_ is sus. Ewww.  | 2023-09-03 21:41:04.191788
_tre_tre_tre_ is sus. Ewww.  | 2023-09-03 21:41:19.403682
_tre_tre_tre_ is sus. Ewww.  | 2023-09-03 21:42:42.066501
birdsfan24 is sus. Ewww.  | 2023-09-03 21:44:08.821726
_tre_tre_tre_ is sus. Ewww.  | 2023-09-04 18:51:14.307069
thepersonthatexists is sus. Ewww.  | 2023-09-04 19:00:43.946730
_tre_tre_tre_ is sus. Ewww.  | 2023-09-04 19:10:06.795499
thepersonthatexists is sus. Ewww.  | 2023-09-04 20:27:14.279392
TreJr#9900 is sus. Ewww.  | 2023-09-05 18:59:35.605023
_tre_tre_tre_ is sus. Ewww.  | 2023-09-07 18:05:18.004028
thepersonthatexists is sus. Ewww.  | 2023-09-07 21:25:57.081257
_tre_tre_tre_ is sus. Ewww.  | 2023-09-07 21:26:10.328033
thepersonthatexists is sus. Ewww.  | 2023-09-07 21:26:40.753670
thepersonthatexists is sus. Ewww.  | 2023-09-07 21:26:59.289108
thepersonthatexists is sus. Ewww.  | 2023-09-07 21:39:29.661505
_tre_tre_tre_ is sus. Ewww.  | 2023-09-07 21:39:36.270735
_tre_tre_tre_ is sus. Ewww.  | 2023-09-08 18:03:48.583129
thepersonthatexists is sus. Ewww.  | 2023-09-08 18:38:50.738538
_tre_tre_tre_ is sus. Ewww.  | 2023-09-08 18:38:51.063747
_tre_tre_tre_ is sus. Ewww.  | 2023-09-08 18:38:57.473608
_tre_tre_tre_ is sus. Ewww.  | 2023-09-09 12:07:54.563532
_tre_tre_tre_ is sus. Ewww.  | 2023-09-09 12:15:07.043652
_tre_tre_tre_ is sus. Ewww.  | 2023-09-09 12:22:06.169467
birdsfan24 is sus. Ewww.  | 2023-09-09 12:22:38.573587
_tre_tre_tre_ is sus. Ewww.  | 2023-09-09 12:22:42.931100
_tre_tre_tre_ is sus. Ewww.  | 2023-09-09 12:35:08.745622
_tre_tre_tre_ is sus. Ewww.  | 2023-09-09 12:35:24.564784
_tre_tre_tre_ is sus. Ewww.  | 2023-09-09 12:39:41.931560
thepersonthatexists is sus. Ewww.  | 2023-09-09 12:40:05.128725
_tre_tre_tre_ is sus. Ewww.  | 2023-09-09 12:40:19.848019
thepersonthatexists is sus. Ewww.  | 2023-09-09 12:40:32.207032
birdsfan24 is sus. Ewww.  | 2023-09-09 13:29:20.970082
_tre_tre_tre_ is sus. Ewww.  | 2023-09-09 13:29:52.005164
thepersonthatexists is sus. Ewww.  | 2023-09-10 17:46:28.598856
Gar Bot#5602 is sus. Ewww.  | 2023-09-10 17:46:28.738521
Gar Bot#5602 is sus. Ewww.  | 2023-09-10 17:46:28.998782
Gar Bot#5602 is sus. Ewww.  | 2023-09-10 17:46:29.261235
Gar Bot#5602 is sus. Ewww.  | 2023-09-10 17:46:29.488764
Gar Bot#5602 is sus. Ewww.  | 2023-09-10 17:46:29.706265
Gar Bot#5602 is sus. Ewww.  | 2023-09-10 17:46:34.054679
Gar Bot#5602 is sus. Ewww.  | 2023-09-10 17:46:34.213912
Gar Bot#5602 is sus. Ewww.  | 2023-09-10 17:46:34.438759
Gar Bot#5602 is sus. Ewww.  | 2023-09-10 17:46:34.641754
Gar Bot#5602 is sus. Ewww.  | 2023-09-10 17:46:34.818947
Gar Bot#5602 is sus. Ewww.  | 2023-09-10 17:46:39.238981
Gar Bot#5602 is sus. Ewww.  | 2023-09-10 17:46:39.499326
Gar Bot#5602 is sus. Ewww.  | 2023-09-10 17:46:39.909310
Gar Bot#5602 is sus. Ewww.  | 2023-09-10 17:46:40.479095
Gar Bot#5602 is sus. Ewww.  | 2023-09-10 17:46:40.648985
Gar Bot#5602 is sus. Ewww.  | 2023-09-10 17:46:40.868833
Gar Bot#5602 is sus. Ewww.  | 2023-09-10 17:46:45.599893
Gar Bot#5602 is sus. Ewww.  | 2023-09-10 17:46:45.939651
Gar Bot#5602 is sus. Ewww.  | 2023-09-10 17:46:46.129201
Gar Bot#5602 is sus. Ewww.  | 2023-09-10 17:46:46.389392
Gar Bot#5602 is sus. Ewww.  | 2023-09-10 17:46:46.569654
Gar Bot#5602 is sus. Ewww.  | 2023-09-10 17:46:46.729540
Gar Bot#5602 is sus. Ewww.  | 2023-09-10 17:46:51.719567
Gar Bot#5602 is sus. Ewww.  | 2023-09-10 17:46:51.929693
Gar Bot#5602 is sus. Ewww.  | 2023-09-10 17:46:52.119634
Gar Bot#5602 is sus. Ewww.  | 2023-09-10 17:46:52.371450
Gar Bot#5602 is sus. Ewww.  | 2023-09-10 17:46:52.557240
Gar Bot#5602 is sus. Ewww.  | 2023-09-10 17:46:56.959999
Gar Bot#5602 is sus. Ewww.  | 2023-09-10 17:46:57.150019
Gar Bot#5602 is sus. Ewww.  | 2023-09-10 17:46:57.340093
Gar Bot#5602 is sus. Ewww.  | 2023-09-10 17:46:57.573602
Gar Bot#5602 is sus. Ewww.  | 2023-09-10 17:46:57.740020
Gar Bot#5602 is sus. Ewww.  | 2023-09-10 17:47:02.130020
Gar Bot#5602 is sus. Ewww.  | 2023-09-10 17:47:02.405270
Gar Bot#5602 is sus. Ewww.  | 2023-09-10 17:47:02.630328
Gar Bot#5602 is sus. Ewww.  | 2023-09-10 17:47:02.900089
Gar Bot#5602 is sus. Ewww.  | 2023-09-10 17:47:04.220354
Gar Bot#5602 is sus. Ewww.  | 2023-09-10 17:47:04.456385
Gar Bot#5602 is sus. Ewww.  | 2023-09-10 17:47:04.710525
Gar Bot#5602 is sus. Ewww.  | 2023-09-10 17:47:09.520190
Gar Bot#5602 is sus. Ewww.  | 2023-09-10 17:47:09.724510
Gar Bot#5602 is sus. Ewww.  | 2023-09-10 17:47:09.870182
Gar Bot#5602 is sus. Ewww.  | 2023-09-10 17:47:10.075348
Gar Bot#5602 is sus. Ewww.  | 2023-09-10 17:47:10.430421
Gar Bot#5602 is sus. Ewww.  | 2023-09-10 17:47:14.840447
Gar Bot#5602 is sus. Ewww.  | 2023-09-10 17:47:15.160490
Gar Bot#5602 is sus. Ewww.  | 2023-09-10 17:47:15.410919
Gar Bot#5602 is sus. Ewww.  | 2023-09-10 17:47:15.650990
Gar Bot#5602 is sus. Ewww.  | 2023-09-10 17:47:15.850965
Gar Bot#5602 is sus. Ewww.  | 2023-09-10 17:47:16.040818
Gar Bot#5602 is sus. Ewww.  | 2023-09-10 17:47:20.991110
Gar Bot#5602 is sus. Ewww.  | 2023-09-10 17:47:21.150889
Gar Bot#5602 is sus. Ewww.  | 2023-09-10 17:47:21.270840
Gar Bot#5602 is sus. Ewww.  | 2023-09-10 17:47:21.432813
Gar Bot#5602 is sus. Ewww.  | 2023-09-10 17:47:21.592578
Gar Bot#5602 is sus. Ewww.  | 2023-09-10 17:47:26.180998
Gar Bot#5602 is sus. Ewww.  | 2023-09-10 17:47:26.401377
Gar Bot#5602 is sus. Ewww.  | 2023-09-10 17:47:26.640930
Gar Bot#5602 is sus. Ewww.  | 2023-09-10 17:47:26.811039
Gar Bot#5602 is sus. Ewww.  | 2023-09-10 17:47:27.001317
Gar Bot#5602 is sus. Ewww.  | 2023-09-10 17:47:32.726259
Gar Bot#5602 is sus. Ewww.  | 2023-09-10 17:47:32.932701
Gar Bot#5602 is sus. Ewww.  | 2023-09-10 17:47:33.161313
Gar Bot#5602 is sus. Ewww.  | 2023-09-10 17:47:33.371220
Gar Bot#5602 is sus. Ewww.  | 2023-09-10 17:47:33.561682
Gar Bot#5602 is sus. Ewww.  | 2023-09-10 17:47:38.081908
Gar Bot#5602 is sus. Ewww.  | 2023-09-10 17:47:38.425382
Gar Bot#5602 is sus. Ewww.  | 2023-09-10 17:47:38.611665
Gar Bot#5602 is sus. Ewww.  | 2023-09-10 17:47:38.861861
Gar Bot#5602 is sus. Ewww.  | 2023-09-10 17:47:39.041512
Gar Bot#5602 is sus. Ewww.  | 2023-09-10 17:47:39.211967
Gar Bot#5602 is sus. Ewww.  | 2023-09-10 17:47:44.141864
Gar Bot#5602 is sus. Ewww.  | 2023-09-10 17:47:44.348808
Gar Bot#5602 is sus. Ewww.  | 2023-09-10 17:47:44.492084
Gar Bot#5602 is sus. Ewww.  | 2023-09-10 17:47:44.651743
Gar Bot#5602 is sus. Ewww.  | 2023-09-10 17:47:44.811754
Gar Bot#5602 is sus. Ewww.  | 2023-09-10 17:47:49.302281
Gar Bot#5602 is sus. Ewww.  | 2023-09-10 17:47:49.472158
Gar Bot#5602 is sus. Ewww.  | 2023-09-10 17:47:49.632285
Gar Bot#5602 is sus. Ewww.  | 2023-09-10 17:47:50.694066
Gar Bot#5602 is sus. Ewww.  | 2023-09-10 17:47:50.912094
Gar Bot#5602 is sus. Ewww.  | 2023-09-10 17:47:51.102559
Gar Bot#5602 is sus. Ewww.  | 2023-09-10 17:47:55.532460
Gar Bot#5602 is sus. Ewww.  | 2023-09-10 17:47:55.702639
Gar Bot#5602 is sus. Ewww.  | 2023-09-10 17:47:56.158685
Gar Bot#5602 is sus. Ewww.  | 2023-09-10 17:47:56.534342
Gar Bot#5602 is sus. Ewww.  | 2023-09-10 17:47:56.955426
Gar Bot#5602 is sus. Ewww.  | 2023-09-10 17:47:57.132361
Gar Bot#5602 is sus. Ewww.  | 2023-09-10 17:48:01.754973
Gar Bot#5602 is sus. Ewww.  | 2023-09-10 17:48:02.106036
Gar Bot#5602 is sus. Ewww.  | 2023-09-10 17:48:02.362858
Gar Bot#5602 is sus. Ewww.  | 2023-09-10 17:48:02.472918
Gar Bot#5602 is sus. Ewww.  | 2023-09-10 17:48:02.705387
Gar Bot#5602 is sus. Ewww.  | 2023-09-10 17:48:06.962965
Gar Bot#5602 is sus. Ewww.  | 2023-09-10 17:48:07.163116
Gar Bot#5602 is sus. Ewww.  | 2023-09-10 17:48:07.549442
Gar Bot#5602 is sus. Ewww.  | 2023-09-10 17:48:07.835988
Gar Bot#5602 is sus. Ewww.  | 2023-09-10 17:48:08.152109
Gar Bot#5602 is sus. Ewww.  | 2023-09-10 17:48:08.479111
Gar Bot#5602 is sus. Ewww.  | 2023-09-10 17:48:13.240866
Gar Bot#5602 is sus. Ewww.  | 2023-09-10 17:48:13.396871
Gar Bot#5602 is sus. Ewww.  | 2023-09-10 17:48:13.607967
Gar Bot#5602 is sus. Ewww.  | 2023-09-10 17:48:13.851379
.j0kerr. is sus. Ewww.  | 2023-09-10 17:48:14.038620
Gar Bot#5602 is sus. Ewww.  | 2023-09-10 17:48:14.050689
Gar Bot#5602 is sus. Ewww.  | 2023-09-10 17:48:18.500019
Gar Bot#5602 is sus. Ewww.  | 2023-09-10 17:48:18.694047
Gar Bot#5602 is sus. Ewww.  | 2023-09-10 17:48:18.804091
Gar Bot#5602 is sus. Ewww.  | 2023-09-10 17:48:19.012248
Gar Bot#5602 is sus. Ewww.  | 2023-09-10 17:48:19.212407
Gar Bot#5602 is sus. Ewww.  | 2023-09-10 17:48:23.710882
Gar Bot#5602 is sus. Ewww.  | 2023-09-10 17:48:23.967291
Gar Bot#5602 is sus. Ewww.  | 2023-09-10 17:48:24.175608
Gar Bot#5602 is sus. Ewww.  | 2023-09-10 17:48:24.381905
Gar Bot#5602 is sus. Ewww.  | 2023-09-10 17:48:24.562306
Gar Bot#5602 is sus. Ewww.  | 2023-09-10 17:48:28.910689
Gar Bot#5602 is sus. Ewww.  | 2023-09-10 17:48:29.172556
Gar Bot#5602 is sus. Ewww.  | 2023-09-10 17:48:29.378245
Gar Bot#5602 is sus. Ewww.  | 2023-09-10 17:48:29.619238
Gar Bot#5602 is sus. Ewww.  | 2023-09-10 17:48:29.797515
.j0kerr. is sus. Ewww.  | 2023-09-10 17:48:32.999534
Gar Bot#5602 is sus. Ewww.  | 2023-09-10 17:48:34.135529
Gar Bot#5602 is sus. Ewww.  | 2023-09-10 17:48:34.329949
Gar Bot#5602 is sus. Ewww.  | 2023-09-10 17:48:34.551803
Gar Bot#5602 is sus. Ewww.  | 2023-09-10 17:48:34.834389
Gar Bot#5602 is sus. Ewww.  | 2023-09-10 17:48:35.214168
Gar Bot#5602 is sus. Ewww.  | 2023-09-10 17:48:35.512937
Gar Bot#5602 is sus. Ewww.  | 2023-09-10 17:48:40.461983
Gar Bot#5602 is sus. Ewww.  | 2023-09-10 17:48:40.638821
Gar Bot#5602 is sus. Ewww.  | 2023-09-10 17:48:40.886068
Gar Bot#5602 is sus. Ewww.  | 2023-09-10 17:48:41.071479
Gar Bot#5602 is sus. Ewww.  | 2023-09-10 17:48:41.382583
Gar Bot#5602 is sus. Ewww.  | 2023-09-10 17:48:41.587840
Gar Bot#5602 is sus. Ewww.  | 2023-09-10 17:48:46.608727
Gar Bot#5602 is sus. Ewww.  | 2023-09-10 17:48:46.807110
Gar Bot#5602 is sus. Ewww.  | 2023-09-10 17:48:46.982139
Gar Bot#5602 is sus. Ewww.  | 2023-09-10 17:48:47.200295
Gar Bot#5602 is sus. Ewww.  | 2023-09-10 17:48:47.416254
.j0kerr. is sus. Ewww.  | 2023-09-10 17:48:49.591559
Gar Bot#5602 is sus. Ewww.  | 2023-09-10 17:48:51.765468
Gar Bot#5602 is sus. Ewww.  | 2023-09-10 17:48:51.941542
Gar Bot#5602 is sus. Ewww.  | 2023-09-10 17:48:52.157803
Gar Bot#5602 is sus. Ewww.  | 2023-09-10 17:48:52.403354
Gar Bot#5602 is sus. Ewww.  | 2023-09-10 17:48:52.711099
Gar Bot#5602 is sus. Ewww.  | 2023-09-10 17:48:56.985842
Gar Bot#5602 is sus. Ewww.  | 2023-09-10 17:48:57.186175
Gar Bot#5602 is sus. Ewww.  | 2023-09-10 17:48:57.436023
Gar Bot#5602 is sus. Ewww.  | 2023-09-10 17:48:57.620252
Gar Bot#5602 is sus. Ewww.  | 2023-09-10 17:48:57.853786
Gar Bot#5602 is sus. Ewww.  | 2023-09-10 17:49:02.179804
Gar Bot#5602 is sus. Ewww.  | 2023-09-10 17:49:02.405413
Gar Bot#5602 is sus. Ewww.  | 2023-09-10 17:49:02.582600
Gar Bot#5602 is sus. Ewww.  | 2023-09-10 17:49:02.796541
Gar Bot#5602 is sus. Ewww.  | 2023-09-10 17:49:02.946672
.j0kerr. is sus. Ewww.  | 2023-09-10 17:49:06.306734
Gar Bot#5602 is sus. Ewww.  | 2023-09-10 17:49:07.350823
Gar Bot#5602 is sus. Ewww.  | 2023-09-10 17:49:07.589526
Gar Bot#5602 is sus. Ewww.  | 2023-09-10 17:49:07.969379
Gar Bot#5602 is sus. Ewww.  | 2023-09-10 17:49:08.260644
Gar Bot#5602 is sus. Ewww.  | 2023-09-10 17:49:08.460652
Gar Bot#5602 is sus. Ewww.  | 2023-09-10 17:49:08.681897
Gar Bot#5602 is sus. Ewww.  | 2023-09-10 17:49:13.626085
Gar Bot#5602 is sus. Ewww.  | 2023-09-10 17:49:13.859815
Gar Bot#5602 is sus. Ewww.  | 2023-09-10 17:49:14.037631
Gar Bot#5602 is sus. Ewww.  | 2023-09-10 17:49:14.287719
Gar Bot#5602 is sus. Ewww.  | 2023-09-10 17:49:14.476207
Gar Bot#5602 is sus. Ewww.  | 2023-09-10 17:49:18.943089
Gar Bot#5602 is sus. Ewww.  | 2023-09-10 17:49:19.336827
Gar Bot#5602 is sus. Ewww.  | 2023-09-10 17:49:19.540929
Gar Bot#5602 is sus. Ewww.  | 2023-09-10 17:49:19.733114
Gar Bot#5602 is sus. Ewww.  | 2023-09-10 17:49:19.958494
Gar Bot#5602 is sus. Ewww.  | 2023-09-10 17:49:20.460454
Gar Bot#5602 is sus. Ewww.  | 2023-09-10 17:49:25.416905
Gar Bot#5602 is sus. Ewww.  | 2023-09-10 17:49:25.619338
Gar Bot#5602 is sus. Ewww.  | 2023-09-10 17:49:25.949804
Gar Bot#5602 is sus. Ewww.  | 2023-09-10 17:49:26.109738
Gar Bot#5602 is sus. Ewww.  | 2023-09-10 17:49:26.314694
Gar Bot#5602 is sus. Ewww.  | 2023-09-10 17:49:30.753501
Gar Bot#5602 is sus. Ewww.  | 2023-09-10 17:49:31.097400
Gar Bot#5602 is sus. Ewww.  | 2023-09-10 17:49:31.261673
Gar Bot#5602 is sus. Ewww.  | 2023-09-10 17:49:31.410475
Gar Bot#5602 is sus. Ewww.  | 2023-09-10 17:49:31.641965
Gar Bot#5602 is sus. Ewww.  | 2023-09-10 17:49:35.974676
Gar Bot#5602 is sus. Ewww.  | 2023-09-10 17:49:36.145164
Gar Bot#5602 is sus. Ewww.  | 2023-09-10 17:49:36.325062
Gar Bot#5602 is sus. Ewww.  | 2023-09-10 17:49:36.533470
Gar Bot#5602 is sus. Ewww.  | 2023-09-10 17:49:36.722006
Gar Bot#5602 is sus. Ewww.  | 2023-09-10 17:49:41.170733
Gar Bot#5602 is sus. Ewww.  | 2023-09-10 17:49:41.308023
Gar Bot#5602 is sus. Ewww.  | 2023-09-10 17:49:41.552571
Gar Bot#5602 is sus. Ewww.  | 2023-09-10 17:49:41.740622
Gar Bot#5602 is sus. Ewww.  | 2023-09-10 17:49:41.893070
Gar Bot#5602 is sus. Ewww.  | 2023-09-10 17:49:46.304682
Gar Bot#5602 is sus. Ewww.  | 2023-09-10 17:49:46.493637
Gar Bot#5602 is sus. Ewww.  | 2023-09-10 17:49:46.789697
Gar Bot#5602 is sus. Ewww.  | 2023-09-10 17:49:46.985605
Gar Bot#5602 is sus. Ewww.  | 2023-09-10 17:49:47.279519
Gar Bot#5602 is sus. Ewww.  | 2023-09-10 17:49:51.691710
.j0kerr. is sus. Ewww.  | 2023-09-10 17:49:52.797997
Gar Bot#5602 is sus. Ewww.  | 2023-09-10 17:49:53.096208
Gar Bot#5602 is sus. Ewww.  | 2023-09-10 17:49:53.287794
Gar Bot#5602 is sus. Ewww.  | 2023-09-10 17:49:53.438592
Gar Bot#5602 is sus. Ewww.  | 2023-09-10 17:49:53.610197
Gar Bot#5602 is sus. Ewww.  | 2023-09-10 17:49:53.760764
Gar Bot#5602 is sus. Ewww.  | 2023-09-10 17:49:58.141245
Gar Bot#5602 is sus. Ewww.  | 2023-09-10 17:49:58.357919
Gar Bot#5602 is sus. Ewww.  | 2023-09-10 17:49:58.557314
Gar Bot#5602 is sus. Ewww.  | 2023-09-10 17:49:58.702116
Gar Bot#5602 is sus. Ewww.  | 2023-09-10 17:49:58.946700
Gar Bot#5602 is sus. Ewww.  | 2023-09-10 17:50:03.358300
Gar Bot#5602 is sus. Ewww.  | 2023-09-10 17:50:03.533272
Gar Bot#5602 is sus. Ewww.  | 2023-09-10 17:50:03.704690
Gar Bot#5602 is sus. Ewww.  | 2023-09-10 17:50:04.031274
Gar Bot#5602 is sus. Ewww.  | 2023-09-10 17:50:04.275214
Gar Bot#5602 is sus. Ewww.  | 2023-09-10 17:50:08.570070
Gar Bot#5602 is sus. Ewww.  | 2023-09-10 17:50:08.763422
Gar Bot#5602 is sus. Ewww.  | 2023-09-10 17:50:08.895412
Gar Bot#5602 is sus. Ewww.  | 2023-09-10 17:50:09.660657
Gar Bot#5602 is sus. Ewww.  | 2023-09-10 17:50:09.884108
Gar Bot#5602 is sus. Ewww.  | 2023-09-10 17:50:10.129895
Gar Bot#5602 is sus. Ewww.  | 2023-09-10 17:50:14.730252
Gar Bot#5602 is sus. Ewww.  | 2023-09-10 17:50:14.904484
Gar Bot#5602 is sus. Ewww.  | 2023-09-10 17:50:15.050269
Gar Bot#5602 is sus. Ewww.  | 2023-09-10 17:50:15.242662
Gar Bot#5602 is sus. Ewww.  | 2023-09-10 17:50:15.566605
Gar Bot#5602 is sus. Ewww.  | 2023-09-10 17:50:20.005940
Gar Bot#5602 is sus. Ewww.  | 2023-09-10 17:50:20.554424
Gar Bot#5602 is sus. Ewww.  | 2023-09-10 17:50:20.862483
Gar Bot#5602 is sus. Ewww.  | 2023-09-10 17:50:21.059073
Gar Bot#5602 is sus. Ewww.  | 2023-09-10 17:50:21.315286
Gar Bot#5602 is sus. Ewww.  | 2023-09-10 17:50:21.588216
.j0kerr. is sus. Ewww.  | 2023-09-10 17:50:23.058524
Gar Bot#5602 is sus. Ewww.  | 2023-09-10 17:50:23.172375
Gar Bot#5602 is sus. Ewww.  | 2023-09-10 17:50:26.248171
Gar Bot#5602 is sus. Ewww.  | 2023-09-10 17:50:26.494304
Gar Bot#5602 is sus. Ewww.  | 2023-09-10 17:50:26.681959
Gar Bot#5602 is sus. Ewww.  | 2023-09-10 17:50:26.979939
Gar Bot#5602 is sus. Ewww.  | 2023-09-10 17:50:27.182194
turrnut used the spam command, count=888 | 2023-09-10 17:50:30.516382
Gar Bot#5602 is sus. Ewww.  | 2023-09-10 17:50:31.483341
Gar Bot#5602 is sus. Ewww.  | 2023-09-10 17:50:31.692474
Gar Bot#5602 is sus. Ewww.  | 2023-09-10 17:50:31.895691
Gar Bot#5602 is sus. Ewww.  | 2023-09-10 17:50:35.698389
Gar Bot#5602 is sus. Ewww.  | 2023-09-10 17:50:36.526165
Gar Bot#5602 is sus. Ewww.  | 2023-09-10 17:50:36.806026
Gar Bot#5602 is sus. Ewww.  | 2023-09-10 17:50:40.015530
.j0kerr. is sus. Ewww.  | 2023-09-10 17:50:41.757500
Gar Bot#5602 is sus. Ewww.  | 2023-09-10 17:50:43.777209
Gar Bot#5602 is sus. Ewww.  | 2023-09-10 17:50:44.002959
Gar Bot#5602 is sus. Ewww.  | 2023-09-10 17:50:47.686182
Gar Bot#5602 is sus. Ewww.  | 2023-09-10 17:50:47.890354
Gar Bot#5602 is sus. Ewww.  | 2023-09-10 17:50:51.994098
Gar Bot#5602 is sus. Ewww.  | 2023-09-10 17:50:52.326355
Gar Bot#5602 is sus. Ewww.  | 2023-09-10 17:50:55.699899
Gar Bot#5602 is sus. Ewww.  | 2023-09-10 17:50:55.924807
Gar Bot#5602 is sus. Ewww.  | 2023-09-10 17:50:56.644791
Gar Bot#5602 is sus. Ewww.  | 2023-09-10 17:51:00.751054
Gar Bot#5602 is sus. Ewww.  | 2023-09-10 17:51:00.984242
turrnut halted the spam | 2023-09-10 17:51:04.101426
Gar Bot#5602 is sus. Ewww.  | 2023-09-10 17:51:04.666924
Gar Bot#5602 is sus. Ewww.  | 2023-09-10 17:51:04.984838
Gar Bot#5602 is sus. Ewww.  | 2023-09-10 17:51:05.577507
Gar Bot#5602 is sus. Ewww.  | 2023-09-10 17:51:09.648651
Gar Bot#5602 is sus. Ewww.  | 2023-09-10 17:51:09.837750
Gar Bot#5602 is sus. Ewww.  | 2023-09-10 18:30:18.901376
Gar Bot#5602 is sus. Ewww.  | 2023-09-10 18:30:31.534807
_tre_tre_tre_ is sus. Ewww.  | 2023-09-10 19:10:34.399070
_tre_tre_tre_ is sus. Ewww.  | 2023-09-10 19:17:47.619022
Gar Bot#5602 is sus. Ewww.  | 2023-09-10 19:46:53.795748
turrnut used the spam command, count=999 | 2023-09-11 18:11:00.939637
turrnut halted the spam | 2023-09-11 18:11:11.463604
turrnut halted the spam | 2023-09-11 18:11:12.041061
turrnut halted the spam | 2023-09-11 18:11:12.342117
turrnut used the spam command, count=10 | 2023-09-11 18:16:45.433051
turrnut halted the spam | 2023-09-11 18:16:50.686773
_tre_tre_tre_ tries to use spam command but has no proper permission, count=4 | 2023-09-11 18:17:34.895846
turrnut used the spam command, count=100 | 2023-09-11 18:17:48.863747
turrnut halted the spam | 2023-09-11 18:17:57.682264
turrnut used the spam command, count=888 | 2023-09-11 18:18:50.854728
turrnut halted the spam | 2023-09-11 18:19:03.370891
turrnut used the spam command, count=777 | 2023-09-11 18:20:10.387063
turrnut used the spam command, count=123456789 | 2023-09-11 18:20:55.347844
turrnut halted the spam | 2023-09-11 18:21:04.758443
turrnut halted the spam | 2023-09-11 18:21:07.813714
turrnut halted the spam | 2023-09-11 18:21:08.192449
turrnut used the spam command, count=62810 | 2023-09-11 18:22:32.981868
turrnut halted the spam | 2023-09-11 18:22:54.209302
turrnut halted the spam | 2023-09-11 18:22:54.824661
turrnut halted the spam | 2023-09-11 18:22:55.259529
turrnut halted the spam | 2023-09-11 18:22:55.728074
turrnut halted the spam | 2023-09-11 18:22:56.065107
turrnut halted the spam | 2023-09-11 18:22:56.396189
turrnut halted the spam | 2023-09-11 18:22:56.769715
turrnut halted the spam | 2023-09-11 18:22:57.073563
turrnut halted the spam | 2023-09-11 18:22:57.337756
turrnut used the spam command, count=99999 | 2023-09-11 18:23:16.478381
turrnut halted the spam | 2023-09-11 18:23:35.240573
turrnut used the spam command, count=200 | 2023-09-11 18:26:21.040034
turrnut halted the spam | 2023-09-11 18:26:34.146656
turrnut used the spam command, count=200 | 2023-09-11 18:26:43.432224
turrnut halted the spam | 2023-09-11 18:28:46.788221
turrnut halted the spam | 2023-09-11 18:28:47.178217
turrnut halted the spam | 2023-09-11 18:28:47.470620
_tre_tre_tre_ is sus. Ewww.  | 2023-09-12 18:45:40.740027
_tre_tre_tre_ is sus. Ewww.  | 2023-09-12 19:38:09.444142
turrnut is sus. Ewww.  | 2023-09-12 19:38:58.262968
turrnut used the spam command, count=10 | 2023-09-12 19:38:58.576230
thepersonthatexists is sus. Ewww.  | 2023-09-12 20:00:18.920413
_tre_tre_tre_ is sus. Ewww.  | 2023-09-12 20:01:47.233229
thepersonthatexists is sus. Ewww.  | 2023-09-12 21:24:42.641469
thepersonthatexists is sus. Ewww.  | 2023-09-12 21:24:51.528331
_tre_tre_tre_ is sus. Ewww.  | 2023-09-13 15:58:38.754345
Gar Bot#8049 is sus. Ewww.  | 2023-09-13 15:58:38.976708
Gar Bot#8049 is sus. Ewww.  | 2023-09-13 15:58:39.372503
Gar Bot#8049 is sus. Ewww.  | 2023-09-13 15:58:40.006876
thepersonthatexists is sus. Ewww.  | 2023-09-13 16:08:44.846528
thepersonthatexists is sus. Ewww.  | 2023-09-13 16:18:33.335864
_tre_tre_tre_ is sus. Ewww.  | 2023-09-13 20:45:56.464381
thepersonthatexists is sus. Ewww.  | 2023-09-14 16:34:33.693789
Gar Bot#8049 is sus. Ewww.  | 2023-09-14 16:35:46.717068
thepersonthatexists is sus. Ewww.  | 2023-09-14 16:36:51.095040
_tre_tre_tre_ is sus. Ewww.  | 2023-09-14 17:02:38.525749
_tre_tre_tre_ is sus. Ewww.  | 2023-09-14 17:02:49.120960
turrnut is sus. Ewww.  | 2023-09-14 17:03:06.486962
turrnut is sus. Ewww.  | 2023-09-14 17:03:17.753497
_tre_tre_tre_ is sus. Ewww.  | 2023-09-14 17:03:18.161423
turrnut is sus. Ewww.  | 2023-09-14 17:03:19.052011
_tre_tre_tre_ is sus. Ewww.  | 2023-09-14 17:03:21.568716
turrnut is sus. Ewww.  | 2023-09-14 17:03:25.349748
turrnut is sus. Ewww.  | 2023-09-14 17:03:27.868086
turrnut is sus. Ewww.  | 2023-09-14 17:03:29.068073
turrnut is sus. Ewww.  | 2023-09-14 17:03:46.328627
.j0kerr. is sus. Ewww.  | 2023-09-14 17:04:08.729620
turrnut is sus. Ewww.  | 2023-09-14 17:04:21.475292
turrnut Disabled Sus | 2023-09-14 17:04:21.796662
turrnut Enabled Sus | 2023-09-14 17:06:35.130956
turrnut is sus. Ewww.  | 2023-09-14 17:06:37.126235
turrnut is sus. Ewww.  | 2023-09-14 17:06:38.519794
_tre_tre_tre_ is sus. Ewww.  | 2023-09-14 17:06:39.766467
turrnut is sus. Ewww.  | 2023-09-14 17:06:40.508968
_tre_tre_tre_ is sus. Ewww.  | 2023-09-14 17:06:42.553673
turrnut is sus. Ewww.  | 2023-09-14 17:06:44.637154
turrnut is sus. Ewww.  | 2023-09-14 17:06:44.693513
turrnut is sus. Ewww.  | 2023-09-14 17:06:44.981870
turrnut is sus. Ewww.  | 2023-09-14 17:06:45.316839
_tre_tre_tre_ is sus. Ewww.  | 2023-09-14 17:06:50.530028
_tre_tre_tre_ is sus. Ewww.  | 2023-09-14 17:06:51.228411
_tre_tre_tre_ is sus. Ewww.  | 2023-09-14 17:06:51.437006
turrnut is sus. Ewww.  | 2023-09-14 17:06:51.475058
Gar Bot#8049 is sus. Ewww.  | 2023-09-14 17:06:51.508114
Gar Bot#8049 is sus. Ewww.  | 2023-09-14 17:06:51.517027
_tre_tre_tre_ is sus. Ewww.  | 2023-09-14 17:06:51.531967
Gar Bot#8049 is sus. Ewww.  | 2023-09-14 17:06:51.540063
Gar Bot#8049 is sus. Ewww.  | 2023-09-14 17:06:51.547150
Gar Bot#8049 is sus. Ewww.  | 2023-09-14 17:06:51.886929
turrnut is sus. Ewww.  | 2023-09-14 17:07:02.709611
Gar Bot#8049 is sus. Ewww.  | 2023-09-14 17:07:02.872789
Gar Bot#8049 is sus. Ewww.  | 2023-09-14 17:07:03.102876
Gar Bot#8049 is sus. Ewww.  | 2023-09-14 17:07:03.283580
Gar Bot#8049 is sus. Ewww.  | 2023-09-14 17:07:03.468040
Gar Bot#8049 is sus. Ewww.  | 2023-09-14 17:07:03.700945
turrnut is sus. Ewww.  | 2023-09-14 17:07:07.415529
turrnut Disabled Sus | 2023-09-14 17:07:07.684495
turrnut used the spam command, count=40 | 2023-09-14 17:07:22.300624
turrnut halted the spam | 2023-09-14 17:07:27.288653
_tre_tre_tre_tries to use use sus but has no proper permission | 2023-09-14 17:07:47.409886
turrnut Enabled Sus | 2023-09-14 17:07:54.812811
Gar Bot#8049 is sus. Ewww.  | 2023-09-14 17:07:54.866930
Gar Bot#8049 is sus. Ewww.  | 2023-09-14 17:07:59.604949
Gar Bot#8049 is sus. Ewww.  | 2023-09-14 17:07:59.610557
Gar Bot#8049 is sus. Ewww.  | 2023-09-14 17:07:59.753106
Gar Bot#8049 is sus. Ewww.  | 2023-09-14 17:07:59.941434
Gar Bot#8049 is sus. Ewww.  | 2023-09-14 17:08:00.322478
Gar Bot#8049 is sus. Ewww.  | 2023-09-14 17:08:00.541346
Gar Bot#8049 is sus. Ewww.  | 2023-09-14 17:08:05.330612
Gar Bot#8049 is sus. Ewww.  | 2023-09-14 17:08:05.530752
Gar Bot#8049 is sus. Ewww.  | 2023-09-14 17:08:05.990477
Gar Bot#8049 is sus. Ewww.  | 2023-09-14 17:08:06.235381
Gar Bot#8049 is sus. Ewww.  | 2023-09-14 17:08:06.550550
Gar Bot#8049 is sus. Ewww.  | 2023-09-14 17:08:06.726649
Gar Bot#8049 is sus. Ewww.  | 2023-09-14 17:08:11.490855
Gar Bot#8049 is sus. Ewww.  | 2023-09-14 17:08:11.700757
Gar Bot#8049 is sus. Ewww.  | 2023-09-14 17:08:11.854981
Gar Bot#8049 is sus. Ewww.  | 2023-09-14 17:08:12.300571
Gar Bot#8049 is sus. Ewww.  | 2023-09-14 17:08:12.530763
Gar Bot#8049 is sus. Ewww.  | 2023-09-14 17:08:12.790728
turrnut is sus. Ewww.  | 2023-09-14 17:08:12.881118
Gar Bot#8049 is sus. Ewww.  | 2023-09-14 17:08:17.816062
Gar Bot#8049 is sus. Ewww.  | 2023-09-14 17:08:17.942153
Gar Bot#8049 is sus. Ewww.  | 2023-09-14 17:08:18.161123
Gar Bot#8049 is sus. Ewww.  | 2023-09-14 17:08:18.364094
Gar Bot#8049 is sus. Ewww.  | 2023-09-14 17:08:18.570925
turrnut is sus. Ewww.  | 2023-09-14 17:08:49.900689
turrnut Disabled Sus | 2023-09-14 17:08:50.285212
turrnut used the range spam command, from=2716, to=2816 | 2023-09-15 18:25:11.344260
turrnut used the range spam command, from=2716, to=2800 | 2023-09-15 18:25:54.421379
turrnut used the spam command, count=10 | 2023-09-16 16:18:17.857421
turrnut used the spam command, count=10 | 2023-09-16 16:18:29.633349
turrnut Enabled Sus | 2023-09-18 20:31:00.211077
thepersonthatexists is sus. Ewww.  | 2023-09-18 20:31:13.599967
thepersonthatexists Disabled Sus | 2023-09-18 20:31:13.929609
Gar Bot#8049tries to use use sus but has no proper permission | 2023-09-18 20:31:39.237613
_tre_tre_tre_tries to use use sus but has no proper permission | 2023-09-18 20:31:45.502438
turrnut Enabled Sus | 2023-09-30 16:33:26.310532
turrnut is sus. Ewww.  | 2023-09-30 16:33:28.084847
turrnut used the spam command, count=100 | 2023-09-30 16:33:52.382543
turrnut prompted a random meme | 2023-10-03 20:54:07.366061
dabrokendog prompted a random meme | 2023-10-11 18:48:05.201258
_tre_tre_tre_ is sus. Ewww.  | 2023-10-27 17:12:02.697560
_tre_tre_tre_ is sus. Ewww.  | 2023-10-27 18:23:40.747329
2wrenchcoat is sus. Ewww.  | 2023-10-27 18:24:10.963971
.j0kerr. is sus. Ewww.  | 2023-10-27 18:24:26.667267
_tre_tre_tre_ is sus. Ewww.  | 2023-10-27 18:24:36.146593
_tre_tre_tre_ is sus. Ewww.  | 2023-10-27 18:24:40.393573
thepersonthatexists is sus. Ewww.  | 2023-10-27 18:24:43.290642
2wrenchcoat is sus. Ewww.  | 2023-10-27 18:24:44.979570
2wrenchcoat is sus. Ewww.  | 2023-10-27 18:24:51.434960
.j0kerr. is sus. Ewww.  | 2023-10-27 18:24:53.456490
birdsfan24 is sus. Ewww.  | 2023-10-27 18:29:20.553926
2wrenchcoat is sus. Ewww.  | 2023-10-27 18:34:58.005419
turrnut Enabled Sus | 2023-10-29 20:35:17.478156
.j0kerr. is sus. Ewww.  | 2023-10-29 20:35:26.244629
.j0kerr.tries to use use sus but has no proper permission | 2023-10-29 20:35:26.491493
_tre_tre_tre_ is sus. Ewww.  | 2023-10-29 20:35:34.544664
turrnut is sus. Ewww.  | 2023-10-29 20:35:41.840231
.j0kerr. is sus. Ewww.  | 2023-10-29 20:35:43.561913
_tre_tre_tre_ is sus. Ewww.  | 2023-10-29 20:35:48.172805
turrnut is sus. Ewww.  | 2023-10-29 20:35:52.023869
_tre_tre_tre_ is sus. Ewww.  | 2023-10-29 20:35:53.778224
.j0kerr. is sus. Ewww.  | 2023-10-29 20:35:55.569610
thepersonthatexists is sus. Ewww.  | 2023-10-29 20:35:58.709828
turrnut is sus. Ewww.  | 2023-10-29 20:36:03.671489
_tre_tre_tre_ is sus. Ewww.  | 2023-10-29 20:36:04.749257
turrnut is sus. Ewww.  | 2023-10-29 20:36:19.129977
thepersonthatexists is sus. Ewww.  | 2023-10-29 20:36:19.186725
turrnut Disabled Sus | 2023-10-29 20:36:19.338356
turrnut prompted a random meme | 2023-10-30 16:56:03.665672
_tre_tre_tre_ is sus. Ewww.  | 2023-10-30 17:00:42.488405
_tre_tre_tre_ is sus. Ewww.  | 2023-10-30 17:01:11.772066
 tre added a meme: https://cdn.discordapp.com/attachments/1120053962213691404/1120106739560353882/IMG_0091.gif | 2023-10-30 17:14:16.456981
turrnut prompted a random meme | 2023-10-30 17:14:23.301899
turrnut prompted a random meme | 2023-10-30 17:14:41.917758
thepersonthatexists is sus. Ewww.  | 2023-10-30 17:24:45.891397
birdsfan24 is sus. Ewww.  | 2023-10-31 16:50:51.606472
turrnut is sus. Ewww.  | 2023-10-31 16:51:04.331604
turrnut Disabled Sus | 2023-10-31 16:51:04.636178
2wrenchcoattries to use use sus but has no proper permission | 2023-10-31 16:51:25.924759
turrnut Enabled Sus | 2023-10-31 16:51:30.529429
thepersonthatexists is sus. Ewww.  | 2023-10-31 16:56:00.631562
thepersonthatexists Disabled Sus | 2023-10-31 16:56:01.042746
_tre_tre_tre_tries to use use sus but has no proper permission | 2023-10-31 16:56:15.946618
thepersonthatexists Enabled Sus | 2023-10-31 16:56:51.906643
thepersonthatexists is sus. Ewww.  | 2023-10-31 16:57:01.241266
thepersonthatexists Disabled Sus | 2023-10-31 16:57:01.539312
_tre_tre_tre_tries to use use sus but has no proper permission | 2023-10-31 17:15:29.154436
turrnut used the range spam command, from=2802, to=3332 | 2023-10-31 21:41:30.586078
turrnut Enabled Sus | 2023-11-02 20:52:16.304829
turrnut prompted a random meme | 2023-11-02 20:55:13.530464
thepersonthatexists is sus. Ewww.  | 2023-11-02 21:16:41.818814
thepersonthatexists is sus. Ewww.  | 2023-11-02 21:16:49.250171
thepersonthatexists Disabled Sus | 2023-11-02 21:16:49.450547
turrnut used the spam command, count=9999 | 2023-11-16 17:21:57.722925
turrnut used the spam command, count=5 | 2023-11-16 17:26:55.606102
turrnut used the spam command, count=100 | 2023-11-16 17:27:14.103253
turrnut halted the spam | 2023-11-16 17:27:29.285330
turrnut halted the spam | 2023-11-16 17:27:29.581376
turrnut used the spam command, count=9999 | 2023-11-16 17:28:08.059497
turrnutlet the bot to say 'hi ' | 2023-11-16 17:34:38.931162
turrnut halted the spam | 2023-11-16 19:54:44.869573
turrnut halted the spam | 2023-11-16 19:54:45.958972
