
turrnut#0 says -> turrnut time https://discord.com/channels/977378215360335952/1043885350050869308/1122250467662102639 | 2023-06-24 15:42:57.907328
the bot says to turrnut#0 -> L  | 2023-06-24 15:44:02.700397
the bot says to turrnut#0 -> turrnut  | 2023-06-24 15:44:12.846884
turrnut#0 says -> Turrnut spam 10 hp | 2023-06-24 16:46:14.232981
the bot says to turrnut#0 -> boo  | 2023-06-24 16:48:50.556330
turrnut#0 says -> turrnut spam 100 test | 2023-06-28 22:30:12.246935
turrnut#0 says -> turrnut spam halt | 2023-06-28 22:30:15.220884
turrnut#0 says -> turrnut spam 888 e | 2023-06-28 22:30:21.013324
turrnut#0 says -> turrnut spam 888 eeee | 2023-06-28 22:30:32.204482
turrnut#0 says -> turrnut spam halt | 2023-06-28 22:30:38.466766
turrnut#0 says -> Turrnut spam halt | 2023-06-28 22:34:02.217862
the bot says to turrnut#0 -> hello,
we are sorry to inform you that your admin application(submitted 2023/6/17 20:55) is denied
**Reason:** Your reason to apply for admin does not seem legitimate enough for us to accept it
Best regards,
Turrnut Republic Staff  | 2023-07-11 11:48:21.107130
the bot says to turrnut#0 -> hello,
we are sorry to inform you that your admin application(submitted 2023/6/17 20:55) is denied
**Reason:** Your reason to apply for admin does not seem legitimate enough for us to accept it
Best regards,
Turrnut Republic Staff  | 2023-07-11 11:48:43.630740
the bot says to turrnut#0 -> greetings,
we are sorry to inform you that your admin application(submitted 2023/6/22 12:46) is denied
**Reason:** Your reason to apply admin is so that you can make polls, however, people with <@&1049889365167444088> role can now make polls.
Best regards,
Turrnut Republic Staff  | 2023-07-11 11:51:16.327716
the bot says to turrnut#0 -> greetings,
we are sorry to inform you that your admin application(submitted 2023/6/22 12:46) is denied
**Reason:** Your reason to apply admin is so that you can make polls, however, people with <@&1049889365167444088> role can now make polls.
Best regards,
Turrnut Republic Staff  | 2023-07-11 11:51:29.112225
