
dr.ploombessa#0 got greeted by the random greeting system | 2023-06-20 21:19:50.989040
SnowIsFalling#0514 got greeted by the random greeting system | 2023-06-20 21:32:44.877647
SnowIsFalling#0514 got greeted by the random greeting system | 2023-06-20 23:16:30.605845
turrnut#9727 is sus. Ewww.  | 2023-06-20 23:16:43.676764
turrnut#9727 is sus. Ewww.  | 2023-06-20 23:16:44.290743
turrnut#9727 is sus. Ewww.  | 2023-06-20 23:16:44.920374
turrnut#9727 is sus. Ewww.  | 2023-06-20 23:16:45.416742
turrnut#9727 is sus. Ewww.  | 2023-06-20 23:17:28.780040
turrnut#9727 used the spam command, count=50 | 2023-06-20 23:17:28.948835
turrnut#9727 is sus. Ewww.  | 2023-06-20 23:17:34.776816
turrnut#9727 used the spam command, count=59 | 2023-06-20 23:17:34.984784
dr.ploombessa#0 is sus. Ewww.  | 2023-06-20 23:18:25.604153
dr.ploombessa#0 got greeted by the random greeting system | 2023-06-20 23:18:57.518767
dr.ploombessa#0 is sus. Ewww.  | 2023-06-20 23:18:57.735093
dr.ploombessa#0 is sus. Ewww.  | 2023-06-20 23:22:33.593084
dr.ploombessa#0 got greeted by the random greeting system | 2023-06-20 23:23:06.090152
turrnut#9727 used the spam command, count=1000 | 2023-06-20 23:26:12.927260
turrnut#9727 used the spam command, count=1000 | 2023-06-20 23:26:40.729703
dr.ploombessa#0 got greeted by the random greeting system | 2023-06-20 23:32:52.633628
dr.ploombessa#0 got greeted by the random greeting system | 2023-06-20 23:33:53.167814
turrnut#9727 used the spam command, count=200 | 2023-06-20 23:34:07.126486
dr.ploombessa#0 got greeted by the random greeting system | 2023-06-20 23:34:30.222709
turrnut#9727 used the spam command, count=500 | 2023-06-20 23:38:21.944481
dr.ploombessa#0 got greeted by the random greeting system | 2023-06-20 23:47:16.285042
turrnut#9727 used the spam command, count=1000 | 2023-06-20 23:49:28.804920
nickelsthenby#0 got greeted by the random greeting system | 2023-06-21 16:44:01.370740
turrnut#0 prompted a random meme | 2023-07-02 21:29:09.620440
