
turrnut says -> turrnut time https://discord.com/channels/891534373818621963/942566949685186570/1123407298996482141 | 2023-07-16 10:32:24.268818
turrnut says -> turrnut time https://discord.com/channels/891534373818621963/942566949685186570/1123397336702386297 | 2023-07-16 10:33:10.292342
turrnut says -> turrnut time https://discord.com/channels/891534373818621963/942566949685186570/1123407298996482141 2d | 2023-07-17 10:54:50.127080
turrnut says -> turrnut time https://discord.com/channels/891534373818621963/942566949685186570/1123407298996482141 2 | 2023-07-17 10:55:14.007144
the bot says to 760212951826432072 -> heya, wasup  | 2023-08-01 15:20:20.200443
the bot says to 977377574789472278 -> e  | 2023-08-01 15:20:27.865642
the bot says to 1125541844122599434 -> RESPOND  | 2023-08-02 16:59:14.019380
the bot says to 1125541844122599434 -> RESPOND  | 2023-08-02 16:59:16.288990
the bot says to 1125541844122599434 -> RESPOND  | 2023-08-02 16:59:16.460626
the bot says to 1125541844122599434 -> RESPOND  | 2023-08-02 16:59:16.652346
the bot says to 977377574789472278 -> RESPOND  | 2023-08-02 16:59:35.219220
the bot says to 1125541844122599434 -> RESPOND  | 2023-08-02 16:59:37.336515
the bot says to 1125541844122599434 -> RESPOND  | 2023-08-02 16:59:37.727709
the bot says to 1125541844122599434 -> RESPOND  | 2023-08-02 16:59:38.024339
the bot says to 1125541844122599434 -> RESPOND  | 2023-08-02 16:59:38.358979
the bot says to 1125541844122599434 -> RESPOND  | 2023-08-02 16:59:38.731230
the bot says to 1125541844122599434 -> RESPOND  | 2023-08-02 16:59:39.162444
the bot says to 1125541844122599434 -> RESPOND  | 2023-08-02 16:59:39.382660
the bot says to 1125541844122599434 -> RESPOND  | 2023-08-02 16:59:39.587440
the bot says to 1125541844122599434 -> RESPOND  | 2023-08-02 16:59:39.763993
the bot says to 1018243459150270516 -> RESPOND  | 2023-08-02 17:00:09.741284
the bot says to 1018243459150270516 -> RESPOND  | 2023-08-02 17:00:10.059958
the bot says to 1018243459150270516 -> RESPOND  | 2023-08-02 17:00:10.454176
the bot says to 1018243459150270516 -> RESPOND  | 2023-08-02 17:00:10.761820
the bot says to 1018243459150270516 -> RESPOND  | 2023-08-02 17:00:11.293627
the bot says to 1018243459150270516 -> RESPOND  | 2023-08-02 17:00:11.572858
the bot says to 1018243459150270516 -> RESPOND  | 2023-08-02 17:00:12.220631
the bot says to 1018243459150270516 -> RESPOND  | 2023-08-02 17:00:12.709377
the bot says to 1018243459150270516 -> RESPOND  | 2023-08-02 17:00:13.305737
the bot says to 1018243459150270516 -> RESPOND  | 2023-08-02 17:00:13.545871
the bot says to 1018243459150270516 -> RESPOND  | 2023-08-02 17:00:13.767964
the bot says to 1018243459150270516 -> RESPOND  | 2023-08-02 17:00:14.094702
the bot says to 1018243459150270516 -> RESPOND  | 2023-08-02 17:00:14.358383
the bot says to 1018243459150270516 -> RESPOND  | 2023-08-02 17:00:14.570662
the bot says to 1018243459150270516 -> RESPOND  | 2023-08-02 17:00:14.912893
the bot says to 1018243459150270516 -> RESPOND  | 2023-08-02 17:00:15.174000
the bot says to 1018243459150270516 -> RESPOND  | 2023-08-02 17:00:23.748894
the bot says to 1018243459150270516 -> RESPOND  | 2023-08-02 17:00:24.125678
the bot says to 1018243459150270516 -> RESPOND  | 2023-08-02 17:00:24.361425
the bot says to 1125541844122599434 -> will you respond to <@977377574789472278> please  | 2023-08-02 17:01:26.468466
the bot says to 1125541844122599434 -> # FOR THE LAST TIME WILL YOU RESPOND TO <@977377574789472278>  | 2023-08-02 17:03:15.226677
the bot says to 977377574789472278 -> # FOR THE LAST TIME WILL YOU RESPOND TO <@977377574789472278>  | 2023-08-02 17:03:36.846524
the bot says to 1125541844122599434 -> # YES OR NO  | 2023-08-02 17:04:02.852736
turrnut says -> turrnut coins take 7810000 <@977377574789472278> | 2023-08-05 21:05:49.860005
turrnut says -> turrnut coins take 6000 <@1014960764378939453> | 2023-08-05 21:06:19.404389
turrnut says -> turrnut coins take 500 984242137879162920 | 2023-08-05 22:33:22.098195
turrnut says -> turrnut coins take 500 @turrnut | 2023-08-05 22:33:37.328448
turrnut says -> turrnut coins take 500 @turrnut | 2023-08-05 22:33:42.702303
turrnut says -> turrnut coins take 500 977377574789472278 | 2023-08-05 22:34:02.568631
turrnut says -> ```python
import socket
import threading

HEADER = 64
PORT = 6787
SERVER = socket.gethostbyname(socket.gethostname())
FORMAT = 'utf-8'
ADDR = (SERVER, PORT)
DISCONN = "?DISCONN"

server = socket.socket(socket.AF_INET, socket.SOCK_STREAM)
server.bind(ADDR)

def receive_msg(connection, addr):
    print(f"{addr[0]}:{addr[1]} connected to {SERVER}:{PORT} ")

    while True:
        msg_len = connection.recv(HEADER).decode(FORMAT)
        if not msg_len: break
        msg_len = int(msg_len)
        msg = connection.recv(msg_len).decode(FORMAT)
        if msg == DISCONN:
            print(f"{addr[0]}:{addr[1]} DISCONNECTED")
            return
        print(f"{addr[0]}:{addr[1]} -> {msg}")
    connection.close()
def start():
    print(f"SERVER STARTED {SERVER}:{PORT}")
    server.listen()
    while True:
        print(f"Active Connections: {threading.active_count() - 1}")
        connection, addr = server.accept()
        thread = threading.Thread(target=receive_msg, args=(connection,addr))
        thread.start()
        print(f"Active Connections: {threading.active_count() - 1}")
start()
``` | 2023-08-19 21:25:25.681298
turrnut says -> ```python

import socket
import sys
import threading
HEADER = 64
PORT = 6787
FORMAT = 'utf-8'
DISCONN = '?DISCONN'
SERVER = "10.0.0.75"

ADDR = (SERVER, PORT)

MYSERVER = socket.gethostbyname(socket.gethostname())
MYADDR = (MYSERVER, PORT)

server = socket.socket(socket.AF_INET, socket.SOCK_STREAM)
server.bind(MYADDR)

def receive_msg(connection, addr):
    print(f"{addr[0]}:{addr[1]} connected to {MYSERVER}:{PORT} ")

    while True:
        msg_len = connection.recv(HEADER).decode(FORMAT)
        if not msg_len: break
        msg_len = int(msg_len)
        msg = connection.recv(msg_len).decode(FORMAT)
        if msg == DISCONN:
            print(f"{addr[0]}:{addr[1]} DISCONNECTED")
            return
        print(f"{addr[0]}:{addr[1]} -> {msg}")
    connection.close()
def start():
    print(f"MYSERVER STARTED {MYSERVER}:{PORT}")
    server.listen()
    while True:
        print(f"Active Connections: {threading.active_count() - 1}")
        connection, addr = server.accept()
        thread = threading.Thread(target=receive_msg, args=(connection,addr))
        thread.start()
        print(f"Active Connections: {threading.active_count() - 1}")

##

def send(msg) :
    msg = msg.encode(FORMAT)
    msg_len = len(msg)
    send_len = str(msg_len).encode(FORMAT)
    send_len += b' ' * (HEADER - len(send_len))
    client.send(send_len)
    client.send(msg)

try:
    serv = threading.Thread(target=start)
    serv.start()
    while True:
        ip = input("SERVER:")
        if ip == "q": break
        port = input("port")
        if port == "q": break
        client = socket.socket(socket.AF_INET, socket.SOCK_STREAM)
        client.connect((ip,port))
        while True:
            msg = input("MSG: ")
            start()
            if msg == DISCONN:
                send(DISCONN)
                break
            send(msg)
except EOFError:    
    send(DISCONN)
except KeyboardInterrupt:
    send(DISCONN)
except Error as e:
    print(e)
    sys.exit(1)
    
    

``` | 2023-08-19 21:39:04.869182
turrnut says -> ```
import socket
import sys
import threading
HEADER = 64
PORT = 6787
FORMAT = 'utf-8'
DISCONN = '?DISCONN'
SERVER = "10.0.0.75"

ADDR = (SERVER, PORT)

MYSERVER = socket.gethostbyname(socket.gethostname())
MYADDR = (MYSERVER, PORT)

server = socket.socket(socket.AF_INET, socket.SOCK_STREAM)
server.bind(MYADDR)

def receive_msg(connection, addr):
    print(f"{addr[0]}:{addr[1]} connected to {MYSERVER}:{PORT} ")

    while True:
        msg_len = connection.recv(HEADER).decode(FORMAT)
        if not msg_len: break
        msg_len = int(msg_len)
        msg = connection.recv(msg_len).decode(FORMAT)
        if msg == DISCONN:
            print(f"{addr[0]}:{addr[1]} DISCONNECTED")
            return
        print(f"{addr[0]}:{addr[1]} -> {msg}")
    connection.close()
def start():
    print(f"MYSERVER STARTED {MYSERVER}:{PORT}")
    server.listen()
    while True:
        print(f"Active Connections: {threading.active_count() - 1}")
        connection, addr = server.accept()
        thread = threading.Thread(target=receive_msg, args=(connection,addr))
        thread.start()
        print(f"Active Connections: {threading.active_count() - 1}")

##

def send(msg) :
    msg = msg.encode(FORMAT)
    msg_len = len(msg)
    send_len = str(msg_len).encode(FORMAT)
    send_len += b' ' * (HEADER - len(send_len))
    client.send(send_len)
    client.send(msg)

serv = threading.Thread(target=start)
serv.start()

try:
    while True:
        ip = input("SERVER:")
        if ip == "q": break
        port = PORT
        client = socket.socket(socket.AF_INET, socket.SOCK_STREAM)
        client.connect((ip,int(port)))
        while True:
            msg = input("MSG: ")
            if msg == DISCONN:
                send(DISCONN)
                break
            send(msg)
except EOFError:    
    send(DISCONN)
except KeyboardInterrupt:
    send(DISCONN)
except Error as e:
    print(e)
    sys.exit(1)
    
    

``` | 2023-08-19 21:53:00.924870
turrnut says -> asdf | 2023-08-19 21:59:23.190099
turrnut says -> ```
import socket
import sys
import threading
HEADER = 64
PORT = 6787
FORMAT = 'utf-8'
DISCONN = '?DISCONN'
SERVER = "10.0.0.75"

ADDR = (SERVER, PORT)

MYSERVER = socket.gethostbyname(socket.gethostname())
MYADDR = (MYSERVER, PORT)

server = socket.socket(socket.AF_INET, socket.SOCK_STREAM)
server.bind(MYADDR)

def receive_msg(connection, addr):
    print(f"{addr[0]}:{addr[1]} connected to {MYSERVER}:{PORT} ")

    while True:
        msg_len = connection.recv(HEADER).decode(FORMAT)
        if not msg_len: break
        msg_len = int(msg_len)
        msg = connection.recv(msg_len).decode(FORMAT)
        if msg == DISCONN:
            print(f"{addr[0]}:{addr[1]} DISCONNECTED")
            return
        print(f"{addr[0]}:{addr[1]} -> {msg}")
    connection.close()
def start():
    print(f"MYSERVER STARTED {MYSERVER}:{PORT}")
    server.listen()
    while True:
        print(f"Active Connections: {threading.active_count() - 1}")
        connection, addr = server.accept()
        thread = threading.Thread(target=receive_msg, args=(connection,addr))
        thread.start()
        print(f"Active Connections: {threading.active_count() - 1}")

##

def send(msg) :
    msg = msg.encode(FORMAT)
    msg_len = len(msg)
    send_len = str(msg_len).encode(FORMAT)
    send_len += b' ' * (HEADER - len(send_len))
    client.send(send_len)
    client.send(msg)

serv = threading.Thread(target=start)
serv.start()

try:
    while True:
        ip = input("SERVER:")
        if ip == "q": break
        port = PORT
        client = socket.socket(socket.AF_INET, socket.SOCK_STREAM)
        client.connect((ip,int(port)))
        while True:
            msg = input("MSG: ")
            if msg == DISCONN:
                send(DISCONN)
                break
            send(msg)
except EOFError:    
    send(DISCONN)
except KeyboardInterrupt:
    send(DISCONN)
except Error as e:
    print(e)
    sys.exit(1)
    
    
```` | 2023-08-19 22:00:45.289582
turrnut says -> import socket
import sys
import threading
HEADER = 64
PORT = 6787
FORMAT = 'utf-8'
DISCONN = '?DISCONN'
SERVER = "10.0.0.75"

ADDR = (SERVER, PORT)

MYSERVER = socket.gethostbyname(socket.gethostname())
MYADDR = (MYSERVER, PORT)

server = socket.socket(socket.AF_INET, socket.SOCK_STREAM)
server.bind(MYADDR)

def receive_msg(connection, addr):
    print(f"{addr[0]}:{addr[1]} connected to {MYSERVER}:{PORT} ")

    while True:
        msg_len = connection.recv(HEADER).decode(FORMAT)
        if not msg_len: break
        msg_len = int(msg_len)
        msg = connection.recv(msg_len).decode(FORMAT)
        if msg == DISCONN:
            print(f"{addr[0]}:{addr[1]} DISCONNECTED")
            return
        print(f"{addr[0]}:{addr[1]} -> {msg}")
    connection.close()
def start():
    print(f"MYSERVER STARTED {MYSERVER}:{PORT}")
    server.listen()
    while True:
        print(f"Active Connections: {threading.active_count() - 1}")
        connection, addr = server.accept()
        thread = threading.Thread(target=receive_msg, args=(connection,addr))
        thread.start()
        print(f"Active Connections: {threading.active_count() - 1}")

##

def send(msg) :
    msg = msg.encode(FORMAT)
    msg_len = len(msg)
    send_len = str(msg_len).encode(FORMAT)
    send_len += b' ' * (HEADER - len(send_len))
    client.send(send_len)
    client.send(msg)

serv = threading.Thread(target=start)
serv.start()

while True:
    ip = input("SERVER:")
    if ip == "q": break
    port = PORT
    client = socket.socket(socket.AF_INET, socket.SOCK_STREAM)
    client.connect((ip,int(port)))
    while True:
        msg = input("MSG: ")
        if msg == DISCONN:
            send(DISCONN)
            break
        send(msg) | 2023-08-19 22:30:57.278902
turrnut says -> turrnut send 1133931783122079754 I AM WHORE | 2023-08-20 15:42:19.221427
the bot says to 1133931783122079754 -> I AM WHORE  | 2023-08-20 15:42:19.229291
turrnut says -> turrnut send 1133931783122079754 free COOOKIE | 2023-08-20 15:42:58.380145
the bot says to 1133931783122079754 -> free COOOKIE  | 2023-08-20 15:42:58.380145
turrnut says -> turrnut send 1133931783122079754 YYAAAAAYYYY | 2023-08-20 15:43:01.758153
the bot says to 1133931783122079754 -> YYAAAAAYYYY  | 2023-08-20 15:43:01.766149
turrnut says -> turrnut send 1133931783122079754 urmom | 2023-08-20 15:44:05.931256
the bot says to 1133931783122079754 -> urmom  | 2023-08-20 15:44:05.936775
turrnut says -> turrnut send 1133931783122079754 ursister | 2023-08-20 15:50:21.489844
the bot says to 1133931783122079754 -> ursister  | 2023-08-20 15:50:21.505851
turrnut says -> https://discord.com/channels/@me/1133944504626446528/1142889010897895455 | 2023-08-20 15:54:49.250304
turrnut says -> https://discord.gg/3WahMPWQ | 2023-08-25 15:56:02.975580
turrnut says -> Hello Luf,

I wanted to bring to your attention that your brother has been accessing your account without your knowledge. I initially posed a question, but it vanished due to his ongoing chat with me. Could you kindly respond to the message provided in this link: https://discord.com/channels/@me/1133944504626446528/1142889010897895455 ?

Also, as a precaution, you might want to consider changing your password. Your account security is important.

Best wishes,
Turrnut | 2023-08-28 16:51:36.257519
the bot says to 1133931783122079754 -> hey  | 2023-08-28 16:56:41.279414
the bot says to 1133931783122079754 -> hey  | 2023-08-28 16:56:41.716992
the bot says to 1133931783122079754 -> hey  | 2023-08-28 16:56:41.992591
the bot says to 1133931783122079754 -> hey  | 2023-08-28 16:56:42.294712
the bot says to 1133931783122079754 -> hey  | 2023-08-28 16:56:42.555808
the bot says to 1133931783122079754 -> hey  | 2023-08-28 16:56:42.871938
the bot says to 1133931783122079754 -> hey  | 2023-08-28 16:56:43.119920
the bot says to 1133931783122079754 -> hey  | 2023-08-28 16:56:43.317048
the bot says to 1133931783122079754 -> hey  | 2023-08-28 16:56:43.636884
the bot says to 1133931783122079754 -> i love perhapz  | 2023-08-28 17:06:26.277065
the bot says to 1133931783122079754 -> but they died  | 2023-08-28 17:06:52.565116
the bot says to 1133931783122079754 -> YOU DON'T KNOW HOW IT FEELS!!!! YOU DON'T KNOW WHAT IT WAS LIKE TO HAVE THE ONE YOU LOVE TO DIEEEE!!!!  | 2023-08-28 17:13:55.326690
turrnut says -> <@870750117530062858> | 2023-08-29 16:06:56.982615
the bot says to 1133931783122079754 -> hello!  | 2023-09-06 20:48:31.336561
the bot says to 1133931783122079754 -> shut up about perhapz  | 2023-09-06 20:50:13.261809
the bot says to 1133931783122079754 -> no, dont say lol  | 2023-09-06 20:50:27.461948
the bot says to 1133931783122079754 -> not funny  | 2023-09-06 20:50:35.908544
the bot says to 1133931783122079754 -> shut up  | 2023-09-06 20:50:43.479919
the bot says to 1133931783122079754 -> i am ignoring you  | 2023-09-06 20:51:20.395916
the bot says to 1133931783122079754 -> byebye  | 2023-09-06 20:51:23.208874
turrnut says -> turrnut time https://discord.com/channels/1097685659482857494/1097685660296548394/1149152174329319465 | 2023-09-06 21:20:52.086338
turrnut says ->  | 2023-09-06 21:21:30.323067
turrnut says -> https://cdn.discordapp.com/attachments/1078842655166959709/1149152429154254938/image.png | 2023-09-06 21:21:37.678348
turrnut says -> <@123ˇ· | 2023-09-15 18:44:20.332532
turrnut says -> <@123> | 2023-09-15 18:44:22.317139
the bot says to 969924134899425280 -> PRO TIP: use /collect to get free turrcoins  | 2023-10-04 23:50:07.937831
turrnut says ->  | 2023-11-02 20:57:21.256619
turrnut says -> <@1007616838508748832> | 2023-11-03 20:44:36.614196
the bot says to 547074639197765644 -> go f yourself  | 2023-11-21 17:24:53.823216
the bot says to 917059800154652732 -> A letter to Nickels the former admin
Hello Nickels,

Welcome back to the server. I am glad that you have reappeared, because it answered some members' questions as to who you are. However, there are a few things I need to address:

You are now a "former admin", you have resigned from admin 3 months ago. Therefore, as a Turrnut Republic resident, you unfortunately do not have the power to make an announcement in the news channel. I will remove your permission from doing so.;
I am sorry for the trauma that happened to you and am sorry that you have lost a friend. However, this is a personal matter between the two of us. I don't grant you permission to discuss such matters in my server. You see, you don't any more trauma, I too want no more drama(sorry for the rhyming) in my server, losing a friend is such a personal business, that I feel like it would not be appropriate to discuss in my server with the "public". What happened was sad, but you can't ping @ here because of that(This might be a violation to Rule #6). Our server members will not understand the context, so there is no need to lie to them;
Unfortunately, I can allow neither your emojis nor mentions of your name removed. As you see, you played an important part in this server's history, and by erasing your messages I am erasing the history of this country, which I don't feel inclined to do. Additionally, as you upload an emoji to the server, you are essentianlly giving the server permission to this emoji. In other words, you transferred the copyright from you the creator to the Turrnut Republic;

Again, I feel sorry about your mental state right now and hope you can recover soon. I suggest you to forget about me, so you can have a great weekend and live a traumaless remainder of your life.

Happy holidays,
Turrnut  | 2023-12-08 20:51:13.711009
turrnut says -> https://discord.com/channels/977378215360335952/1197697931705339924/1197700310173503588 | 2024-01-18 19:33:54.761618
turrnut says -> https://discord.com/channels/977378215360335952/1197697931705339924/1197700310173503588 | 2024-01-18 19:33:54.773592
turrnut says -> Turrnut coins grant inf <@977377574789472278> | 2024-02-17 22:10:46.223711
turrnut says -> Turrnut coins grant inf <@977377574789472278> | 2024-02-17 22:12:12.981246
turrnut says -> Turrnut coins take 56 @turrnut | 2024-02-17 22:20:54.972678
turrnut says -> Turrnut coins take 56 @turrnut | 2024-02-17 22:21:00.859991
turrnut says -> Turrnut coins take 56 @turrnut | 2024-02-17 22:21:09.197205
turrnut says -> turrnut coins take 56 <@977377574789472278> | 2024-02-17 22:21:27.674576
turrnut says -> turrnut react_all_remove :nut: | 2024-03-29 12:06:39.693732
turrnut says -> e | 2024-03-29 12:07:33.388588
turrnut says -> https://discord.com/channels/977378215360335952/977378215838498826/1253550110265184348 | 2024-06-21 12:41:06.912884
turrnut says -> turrnut send 1183126173304234027 https://tenor.com/view/rickroll-roll-rick-never-gonna-give-you-up-never-gonna-gif-22954713 | 2024-06-21 12:41:44.223897
the bot says to 1183126173304234027 -> https://tenor.com/view/rickroll-roll-rick-never-gonna-give-you-up-never-gonna-gif-22954713  | 2024-06-21 12:41:44.235098
turrnut says -> turrnut send 1183126173304234027 get rickrolled, noob | 2024-06-21 12:41:59.649601
the bot says to 1183126173304234027 -> get rickrolled, noob  | 2024-06-21 12:41:59.652606
turrnut says -> e | 2024-07-01 16:58:44.835281
turrnut says -> what is my userid | 2024-07-01 16:59:08.991328
turrnut says -> turrnut send 977377574789472278 stuff | 2024-07-01 16:59:21.373051
the bot says to 977377574789472278 -> stuff  | 2024-07-01 16:59:21.376045
turrnut says -> <@1183126173304234027> | 2024-07-01 16:59:38.946543
turrnut says -> turrnut send 1183126173304234027 get rickrolled, noob | 2024-07-01 16:59:46.535731
the bot says to 1183126173304234027 -> get rickrolled, noob  | 2024-07-01 16:59:46.537729
turrnut says -> turrnut send 1183126173304234027 get rickrolled, noob | 2024-07-01 16:59:49.191427
the bot says to 1183126173304234027 -> get rickrolled, noob  | 2024-07-01 16:59:49.194420
turrnut says -> turrnut send 1183126173304234027 get rickrolled, noob | 2024-07-01 16:59:52.685055
the bot says to 1183126173304234027 -> get rickrolled, noob  | 2024-07-01 16:59:52.688854
turrnut says -> turrnut send 1183126173304234027 https://tenor.com/view/rickroll-roll-rick-never-gonna-give-you-up-never-gonna-gif-22954713 | 2024-07-01 16:59:58.135279
the bot says to 1183126173304234027 -> https://tenor.com/view/rickroll-roll-rick-never-gonna-give-you-up-never-gonna-gif-22954713  | 2024-07-01 16:59:58.138341
turrnut says -> turrnut coins grant 8 <@977377574789472278> | 2024-07-01 17:17:14.737753
turrnut says -> turrnut coins take 400000 <@1183126173304234027> | 2024-07-01 17:17:48.674081
turrnut says -> USPs | 2024-07-06 09:49:15.638549
turrnut says -> USPS | 2024-07-06 09:49:17.893381
turrnut says -> turrnut react_all :turrnut: | 2024-07-16 09:36:05.537966
turrnut says -> [https://discord.gg/ajFanVMrzV] (https://discord.gg/ajFanVMrzV) | 2024-07-19 13:07:31.245405
turrnut says ->  | 2024-07-30 13:01:44.728473
the bot says to 1183126173304234027 -> never gonna give up uwu  | 2024-07-30 13:10:25.958130
turrnut says -> https://tenor.com/view/doja-cat-star-wars-gif-25078126 | 2024-07-30 13:17:43.506241
turrnut says -> what is my userid | 2024-07-30 18:36:20.038342
turrnut says ->  | 2024-08-04 23:06:10.103810
turrnut says -> e | 2024-12-22 22:35:15.524656
the bot says to 778745923793584158 -> EEEEEEEEEEEEEEEEEEEEEEEEEEEE  | 2025-01-26 21:29:57.514101
turrnut says -> https://tenor.com/view/smiling-joe-goldberg-you-happy-joyful-gif-3511218224005274089 | 2025-03-12 21:46:13.654455
turrnut says -> asdfasdf | 2025-03-18 00:07:55.763650
turrnut says -> <@1034310361236647997> | 2025-03-18 00:08:08.296406
turrnut says -> # [The FitnessGram PACER Test is a multistage aerobic capacity test that progressively gets more difficult as it continues. The test is used to measure a student's aerobic capacity as part of the FitnessGram assessment. Students run back and forth as many times as they can, each lap signaled by a beep sound. The test get progressively faster as it continues until the student reaches their max lap score.] (https://example.com) | 2025-03-18 00:09:48.836610
turrnut says -> [afsadfsadfdsf](https://example.com) | 2025-03-18 00:10:35.656474
turrnut says -> [The FitnessGram PACER Test is a multistage aerobic capacity test that progressively gets more difficult as it continues. The test is used to measure a student's aerobic capacity as part of the FitnessGram assessment. Students run back and forth as many times as they can, each lap signaled by a beep sound. The test get progressively faster as it continues until the student reaches their max lap score.](https://example.com) | 2025-03-18 00:10:54.790907
turrnut says -> [afsadfsadfdsf](https://www.youtube.com/watch?v=xvFZjo5PgG0) | 2025-03-18 00:13:19.788878
turrnut says -> what is my userid | 2025-03-18 00:40:07.407940
turrnut says -> Check out this #chess game: Guest5356463595 vs Guest3180373359 - https://www.chess.com/live/game/137854738212 | 2025-04-27 15:40:14.763294
turrnut says -> https://forms.gle/yjA4AWbFWqThvnea8 | 2025-06-08 16:21:17.844360
turrnut says -> Composter
Dried Kelp & Castaway
Obsidian
BARREL | 2025-06-17 12:11:37.909298
turrnut says -> https://discord.com/channels/977378215360335952/1152650539746738270/1389583568463855668 | 2025-07-01 15:20:15.438718
turrnut says -> turrnut chess | 2025-07-07 18:41:01.248830
turrnut says -> turrnuchess | 2025-07-07 18:47:33.457926
turrnut says -> turrnut chess | 2025-07-07 18:47:41.908578
turrnut says -> turrnut chess | 2025-07-07 18:48:59.079400
turrnut says -> turrnut chess | 2025-07-07 18:50:50.269546
turrnut says -> turrnut spam 10 yxkhskx)))? | 2025-07-07 18:52:38.014881
turrnut says -> turrnut chess | 2025-07-07 18:52:47.213033
turrnut says -> turrnut chess | 2025-07-07 18:53:42.360443
turrnut says -> turrnut chess | 2025-07-07 18:53:49.871801
turrnut says -> turrnut Chess | 2025-07-07 18:55:00.249979
turrnut says -> turrnut chess | 2025-07-07 18:55:06.032730
turrnut says -> [simisoqpu](https://example.com) | 2025-07-07 18:55:46.193403
turrnut says -> turrnut chess | 2025-07-07 18:56:51.241844
turrnut says -> turrnut spam 20 o | 2025-07-07 18:57:41.185326
turrnut says -> turrnut chess | 2025-07-07 18:57:46.473215
turrnut says -> turrnut chess | 2025-07-09 10:38:46.127450
turrnut says ->  | 2025-07-14 12:44:10.739857
turrnut says -> turrnut coins grant <@977377574789472278> 1000.53 | 2025-07-15 22:16:29.557127
turrnut says -> turrnut coins grant 1000.53 <@977377574789472278> | 2025-07-15 22:16:54.386636
turrnut says -> what is my userid | 2025-07-18 19:34:54.647871
turrnut says -> turrnut send 977377574789472278 UwU | 2025-07-18 19:35:08.352239
the bot says to 977377574789472278 -> UwU  | 2025-07-18 19:35:08.359235
turrnut says -> turrnut send 820541682415960064 UwU :3 | 2025-07-24 11:39:47.330735
the bot says to 820541682415960064 -> UwU :3  | 2025-07-24 11:39:47.342355
turrnut says -> turrnut chess | 2025-07-27 19:56:54.827142
turrnut says -> turrnut join | 2025-07-27 21:22:47.515755
turrnut says -> turrnut send 820541682415960064 C | 2025-08-16 20:04:19.685558
the bot says to 820541682415960064 -> C  | 2025-08-16 20:04:20.693274
turrnut says -> https://discord.com/channels/977378215360335952/977378215838498826/1409602408954462219 | 2025-08-25 18:25:48.896599
turrnut says -> turrnut coins grant 10.641592653589793238462643383279 <@140560802913> | 2025-08-31 23:44:34.623912
turrnut says -> turrnut send 1405608029134782545 hello sir would you consider becoming a probation officer
-# plz | 2025-09-03 18:24:11.211822
the bot says to 1405608029134782545 -> hello sir would you consider becoming a probation officer
-# plz  | 2025-09-03 18:24:11.218052
turrnut says -> turrnut send 820541682415960064 UwU | 2025-09-03 18:24:47.866921
the bot says to 820541682415960064 -> UwU  | 2025-09-03 18:24:47.869933
turrnut says -> turrnut send 1405608029134782545 woo! | 2025-09-03 18:26:38.401903
the bot says to 1405608029134782545 -> woo!  | 2025-09-03 18:26:38.405906
turrnut says -> turrnut coins grant <@977377574789472278> 2123.12390 | 2025-09-04 16:41:57.104775
turrnut says -> turrnut coins grant 2123.12390 <@977377574789472278> | 2025-09-04 16:42:13.805907
turrnut says -> turrnut sync | 2025-09-21 14:53:46.783817
turrnut says -> turrnut sync | 2025-09-21 14:56:24.540008
turrnut says -> <@1133931783122079754> | 2025-09-21 17:40:14.120201
turrnut says -> https://tenor.com/grVdjN9JO2G.gif | 2025-09-21 18:01:26.877950
turrnut says -> turrnut send 820541682415960064 hello | 2025-09-21 18:06:55.810213
the bot says to 820541682415960064 -> hello  | 2025-09-21 18:06:55.816213
turrnut says -> turrnut send 820541682415960064 hru doing | 2025-09-21 18:07:05.520072
the bot says to 820541682415960064 -> hru doing  | 2025-09-21 18:07:05.525067
turrnut says -> turrnut send <@977377574789472278> test | 2025-09-21 18:07:23.544195
the bot says to 977377574789472278 -> test  | 2025-09-21 18:07:23.549817
turrnut says -> turrnut coins grant 40000 @turrnut | 2025-09-24 13:52:12.133026
turrnut says -> turrnut coins grant 40000 @turrnut | 2025-09-24 13:52:28.216476
turrnut says -> turrnut coins grant 40000 @turrnut | 2025-09-24 13:52:36.582218
turrnut says -> turrnut coins grant 40000 977377574789472278 | 2025-09-24 13:53:01.694777
turrnut says -> turrnut say uwu | 2025-09-24 13:54:17.348676
turrnut says -> e | 2025-09-24 14:24:24.927771
turrnut says -> turrnut typ disable | 2025-09-24 14:28:03.710153
turrnut says -> turrnut typ check | 2025-09-24 14:28:10.353781
turrnut says -> turrnut typ check | 2025-09-24 14:29:48.118554
turrnut says -> turrnut typ disable | 2025-09-24 14:29:57.209601
turrnut says -> turrnut coins grant 64321 <@977377574789472278> | 2025-09-27 22:00:45.082543
turrnut says -> turrnut coins grant 30000 <@977377574789472278> | 2025-09-27 22:01:34.602967
turrnut says -> turrnut coins grant 30000 <@977377574789472278> | 2025-09-27 22:01:47.251534
turrnut says -> turrnut coins grant 30000 <@977377574789472278> | 2025-09-27 22:01:47.571063
turrnut says -> turrnut coins grant <@977377574789472278> 57791.51294601357 | 2025-09-27 22:02:28.784793
turrnut says -> turrnut coins grant @turrnut 57791.51294601357 | 2025-09-27 22:02:30.741884
turrnut says -> turrnut coins grant 57791.51294601357 <@977377574789472278> | 2025-09-27 22:02:37.664800
turrnut says -> turrnut coins grant 57791.51294601357 <@977377574789472278> | 2025-09-27 22:02:40.043285
turrnut says -> turrnut coins grant -57791.51294601357 <@977377574789472278> | 2025-09-27 22:02:45.940559
turrnut says -> turrnut coins grant 57791.51294601357 <@977377574789472278> | 2025-09-27 22:02:50.790007
turrnut says -> turrnut coins grant 200000 <@977377574789472278> | 2025-09-27 22:04:35.570489
turrnut says -> turrnut coins grant 100000 <@977377574789472278> | 2025-09-27 22:05:22.055592
turrnut says -> turrnut coins grant 706782.0 <@977377574789472278> | 2025-09-27 22:05:42.691410
turrnut says -> turrnut chess | 2025-10-18 23:54:37.575040
turrnut says -> turrnut spam 20 charge MP3 player | 2025-10-25 13:21:47.154526
turrnut says -> Mali_bread
Citiz_mriage | 2025-10-26 20:07:48.054675
turrnut says -> turrnut chess | 2025-11-09 09:40:11.918888
turrnut says -> mind of a duck
a parrot that won't talk
the sun rising from the west
68 | 2025-11-09 18:53:22.344532
turrnut says -> mind of a duck
a parrot that won't talk
the sun rising from the west
68 | 2025-11-11 15:50:34.816909
turrnut says -> ScAr id: Mali bread | 2025-11-11 15:50:55.521661
turrnut says -> turrnut chess | 2025-11-20 22:57:40.055023
turrnut says -> turrnutchess | 2025-11-20 22:58:37.050524
turrnut says -> turrnut chess | 2025-11-20 22:58:39.647967
turrnut says -> Never gonna give you up
Beat It
Smooth Criminal
Bad
Updown Funk
Country roads
Uptown girl
Mozart violin piece
Mozart, Bach, etc
Bossa Azul
The Code
Ventus
9&10 pieces
Chopin Nocturne
Gymnopedie
Despacito
Celia Cruz, etc.
Ojos marrones
Mejor que ayer
Mi medicina
Gozadera
Bonita
Feliz Navidad
Jingle Bell Rock
Weird Al Yankovic, etc.
Every breath you take the police 
Spring
Autumn
Mamma Mia
Money, money, money
Viva la vida
How to train your dragon
Wicked
eine kleine nachtmusik
english folk song suite arr vaughan Williams
Hogan's heroes
Muppets
Bad Apple!
Boccherini Minuet
Ave Maria
Sweet Child o Mine
100 miles
Gimme gimme gimme
I want to break free 
Texas holdem
Hoosier
I'll be watching you
Temnata Nosh
Bohemian Rhapsody
Elvis Presley
Beatles 
My favorite Things
Cantina Band
Wood's Bolero
We built this city on rock and roll
Nothing can stop us now
Ye Banks and Braes o Bonnie Doon
Cuban Overture
Danza (Vaclav Nelhybel)
Sweater weather
I will love you forever
Livin Thing | 2025-11-29 10:14:40.446269
turrnut says -> turrnut send 1405608029134782545 P. Diddy | 2025-12-03 07:59:50.473067
the bot says to 1405608029134782545 -> P. Diddy  | 2025-12-03 07:59:50.481109
turrnut says -> <@300147502630305792> | 2025-12-13 22:58:41.563837
turrnut says -> turrnut coins grant 500 720292051849314436 | 2025-12-24 10:00:29.260852
turrnut says ->  | 2025-12-31 20:20:28.895470
turrnut says -> turrnut send 820541682415960064 SIMAS | 2026-01-02 11:20:45.286344
the bot says to 820541682415960064 -> SIMAS  | 2026-01-02 11:20:45.301441
turrnut says -> https://tenor.com/view/bin-can-can-dancing-trash-gif-18176457 | 2026-01-02 11:21:16.216856
turrnut says -> turrnut send 820541682415960064 https://tenor.com/view/bin-can-can-dancing-trash-gif-18176457 | 2026-01-02 11:21:31.338162
the bot says to 820541682415960064 -> https://tenor.com/view/bin-can-can-dancing-trash-gif-18176457  | 2026-01-02 11:21:31.340919
turrnut says -> turrnut send 820541682415960064 What the fuck did you just fucking say about me, you little bitch? I'll have you know I graduated top of my class in the Navy Seals, and I've been involved in numerous secret raids on Al-Quaeda, and I have over 300 confirmed kills. I am trained in gorilla warfare and I'm the top sniper in the entire US armed forces. You are nothing to me but just another target. I will wipe you the fuck out with precision the likes of which has never been seen before on this Earth, mark my fucking words. You think you can get away with saying that shit to me over the Internet? Think again, fucker. As we speak I am contacting my secret network of spies across the USA and your IP is being traced right now so you better prepare for the storm, maggot. The storm that wipes out the pathetic little thing you call your life. You're fucking dead, kid. I can be anywhere, anytime, and I can kill you in over seven hundred ways, and that's just with my bare hands. Not only am I extensively trained in unarmed combat, but I have access to the entire arsenal of the United States Marine Corps and I will use it to its full extent to wipe your miserable ass off the face of the continent, you little shit. If only you could have known what unholy retribution your little "clever" comment was about to bring down upon you, maybe you would have held your fucking tongue. But you couldn't, you didn't, and now you're paying the price, you goddamn idiot. I will shit fury all over you and you will drown in it. You're fucking dead, kiddo. | 2026-01-02 11:24:36.307225
the bot says to 820541682415960064 -> What the fuck did you just fucking say about me, you little bitch? I'll have you know I graduated top of my class in the Navy Seals, and I've been involved in numerous secret raids on Al-Quaeda, and I have over 300 confirmed kills. I am trained in gorilla warfare and I'm the top sniper in the entire US armed forces. You are nothing to me but just another target. I will wipe you the fuck out with precision the likes of which has never been seen before on this Earth, mark my fucking words. You think you can get away with saying that shit to me over the Internet? Think again, fucker. As we speak I am contacting my secret network of spies across the USA and your IP is being traced right now so you better prepare for the storm, maggot. The storm that wipes out the pathetic little thing you call your life. You're fucking dead, kid. I can be anywhere, anytime, and I can kill you in over seven hundred ways, and that's just with my bare hands. Not only am I extensively trained in unarmed combat, but I have access to the entire arsenal of the United States Marine Corps and I will use it to its full extent to wipe your miserable ass off the face of the continent, you little shit. If only you could have known what unholy retribution your little "clever" comment was about to bring down upon you, maybe you would have held your fucking tongue. But you couldn't, you didn't, and now you're paying the price, you goddamn idiot. I will shit fury all over you and you will drown in it. You're fucking dead, kiddo.  | 2026-01-02 11:24:36.318055
turrnut says -> turrnut send 820541682415960064 guerilla | 2026-01-02 11:27:03.836587
the bot says to 820541682415960064 -> guerilla  | 2026-01-02 11:27:03.836587
turrnut says -> turrnut send 1405608029134782545 hi merGAYso what are your thoughts on drugs | 2026-01-13 18:04:08.722223
the bot says to 1405608029134782545 -> hi merGAYso what are your thoughts on drugs  | 2026-01-13 18:04:08.730226
turrnut says -> tf
s/fzSP05voPc | 2026-01-19 13:32:58.497949
turrnut says -> hj
s/P3YoMcukgE | 2026-01-19 13:40:11.455413
turrnut says -> (ph)
6954148628262 | 2026-01-19 14:02:06.843274
turrnut says -> 6931f8ac8d021 | 2026-01-19 14:25:54.661922
turrnut says -> https://www.reddit.com/r/AskReddit/s/qJkImkLand | 2026-01-19 18:18:29.176732
turrnut says -> https://tenor.com/view/it-gute-nacht-not-gluten-nacht-gluten-nacht-gute-nacht-gif-11419817225655515471 | 2026-01-21 20:26:16.025475
turrnut says ->  | 2026-01-21 20:27:52.369055
turrnut says -> sst
s/h0uOuwgPOX | 2026-02-01 16:50:40.280483
turrnut says -> oil paint medium | 2026-02-01 19:02:17.605962
turrnut says -> potentional snow shovel miaolaoshi | 2026-02-01 19:06:19.231707
turrnut says -> https://discord.gg/WA5tZZqT | 2026-02-08 10:06:10.167297
turrnut says -> Hello sir, I am willing to offer you a generous sum of money, in USD, that has definitely nothing to do with the Minecraft server and is definitely not bribery.
However, in exchange of this money, you agree to:
1. unban me
2. give me op
If you think this is a good idea, name the price | 2026-02-08 16:44:40.333933
turrnut says -> lowkey imma use our dms as a place to save important cords, such as this one for myself:
4008 62 -2077
I call it Turrnut Island | 2026-02-12 18:36:20.220437
turrnut says -> https://discord.gg/JAcjvvw2XS | 2026-02-14 18:31:28.013870
turrnut says -> pernalink | 2026-02-14 18:31:36.648469
turrnut says -> permalink | 2026-02-14 18:31:39.889241
turrnut says -> https://discord.com/channels/@me/1469785085468348599/1472460127897522217 | 2026-02-15 08:52:22.462108
turrnut says -> turrnut join_vc | 2026-02-16 10:42:36.546359
turrnut says -> dvta balance | 2026-02-19 16:03:46.171235
turrnut says -> D      DDDD
D      D
DDDDDDD 
         D       D
DDDD       D | 2026-03-06 18:42:29.694311
turrnut says -> get lyr ver. Don't start now | 2026-03-14 13:04:49.236603
turrnut says -> turrnut send 1405608029134782545 I AM LESBIAN | 2026-03-15 14:30:18.267439
the bot says to 1405608029134782545 -> I AM LESBIAN  | 2026-03-15 14:30:18.271018
turrnut says -> cancel tenis | 2026-03-24 20:09:26.160649
turrnut says ->  | 2026-03-25 15:52:37.972978
turrnut says ->  | 2026-03-25 18:19:08.097991
turrnut says -> 15th: <@923946525795713034> | 2026-03-26 15:54:43.115549
turrnut says -> <@923946525795713034> | 2026-03-31 11:43:09.191528
turrnut says -> https://encrypted-tbn0.gstatic.com/images?q=tbn:ANd9GcQDBCxFAiXmQEjw0iaIanljSpyjIdI3qELA3A&s | 2026-03-31 12:19:53.345649
turrnut says -> turrnut send 1405608029134782545 https://encrypted-tbn0.gstatic.com/images?q=tbn:ANd9GcQDBCxFAiXmQEjw0iaIanljSpyjIdI3qELA3A&s | 2026-03-31 12:20:03.522632
the bot says to 1405608029134782545 -> https://encrypted-tbn0.gstatic.com/images?q=tbn:ANd9GcQDBCxFAiXmQEjw0iaIanljSpyjIdI3qELA3A&s  | 2026-03-31 12:20:03.522632
turrnut says -> shut up | 2026-04-06 18:02:37.188307
turrnut says -> turrnut send @turrnut yes daddy | 2026-04-06 18:02:43.391291
turrnut says -> turrnut send @turrnut  yes daddy | 2026-04-06 18:02:53.849735
turrnut says -> @turrnut ASIDHE | 2026-04-06 18:03:05.762694
turrnut says -> turrnut send 977377574789472278 yes daddy | 2026-04-06 18:04:20.561821
the bot says to 977377574789472278 -> yes daddy  | 2026-04-06 18:04:20.561821
turrnut says -> S1&6 | 2026-04-07 15:54:34.436110
turrnut says -> **M** w. ~~H~~ | 2026-04-07 15:54:51.636367
turrnut says -> ·č×Ó

Race based UFrisbee | 2026-04-13 15:32:18.832383
turrnut says -> https://youtu.be/VO4YWAP-b6M?si=xuWPl7Xzl8FYf68b | 2026-04-19 00:10:53.086847
turrnut says -> https://youtu.be/0Aw_GVpwwZQ?si=f4p91gjOE-OvyuXn | 2026-04-19 00:11:11.363791
turrnut says -> https://cdn.discordapp.com/attachments/1405668054985080842/1498092587708579900/8mb.video-10I-N44bBhvz.mp4?ex=69f13872&is=69efe6f2&hm=0f36b9144ff6d07dc66735c6c4c76070a1e061b5cf10da6807859b64af183d82& | 2026-04-27 21:43:21.658576
turrnut says ->  | 2026-05-01 21:19:55.918552
turrnut says -> https://Republic.turrnut.com | 2026-05-02 09:36:10.158711
turrnut says -> turrnut coins grant 10000 <@1014960764378939453> | 2026-05-02 23:26:33.418122
turrnut says -> turrnut coins grant 5000 <@977377574789472278> | 2026-05-02 23:26:43.698520
turrnut says -> minimap mod 4 tmrc ii (?) | 2026-05-03 12:05:07.186627
turrnut says -> Lozone | 2026-05-08 00:09:26.659225
turrnut says -> https://discord.com/channels/1487919702700458055/1487919703350313112/1502799928030662666 | 2026-05-09 18:30:57.905989
turrnut says -> turrnut send 1470396340315095153 https://discord.gg/ajFanVMrzV | 2026-05-09 18:33:49.295626
the bot says to 1470396340315095153 -> https://discord.gg/ajFanVMrzV  | 2026-05-09 18:33:49.295626
turrnut says -> turrnut send <@977377574789472278> hello!
ea | 2026-05-09 18:36:02.093034
the bot says to 977377574789472278 -> hello!
ea  | 2026-05-09 18:36:02.093034
turrnut says ->  | 2026-05-10 10:40:28.904877
turrnut says -> https://discord.gg/bruzMqfw | 2026-05-10 16:47:28.649163
turrnut says -> [test](https://link.com) | 2026-05-10 16:51:19.406967
turrnut says -> turrnut send 1502061063368343733 hello! I am [Turrnut Jr.](https://discord.gg/ajFanVMrzV) | 2026-05-10 16:51:39.405527
the bot says to 1502061063368343733 -> hello! I am [Turrnut Jr.](https://discord.gg/ajFanVMrzV)  | 2026-05-10 16:51:39.408725
turrnut says -> turrnut send <@977377574789472278> hello! I am [Turrnut Jr.](https://discord.gg/ajFanVMrzV) | 2026-05-10 16:51:49.695826
the bot says to 977377574789472278 -> hello! I am [Turrnut Jr.](https://discord.gg/ajFanVMrzV)  | 2026-05-10 16:51:49.702438
turrnut says -> 1502061063368343733 | 2026-05-10 16:52:21.762481
turrnut says -> turrnut send 1321897497991446568 # RAM | 2026-05-19 22:16:12.244147
the bot says to 1321897497991446568 -> # RAM  | 2026-05-19 22:16:12.281119
turrnut says -> what is my userid | 2026-05-19 22:16:42.860107
turrnut says -> turrnut send 977377574789472278 # RAM | 2026-05-19 22:16:49.757787
the bot says to 977377574789472278 -> # RAM  | 2026-05-19 22:16:49.759974
turrnut says -> turrnut send 1321897497991446568 tf u mean "ayo" | 2026-05-19 22:17:00.868404
the bot says to 1321897497991446568 -> tf u mean "ayo"  | 2026-05-19 22:17:00.872786
turrnut says -> turrnut send 1321897497991446568 you told me to dm u the word ram | 2026-05-19 22:17:32.143722
the bot says to 1321897497991446568 -> you told me to dm u the word ram  | 2026-05-19 22:17:32.146737
turrnut says -> turrnut send 1321897497991446568 whats the problem? | 2026-05-19 22:17:47.916020
the bot says to 1321897497991446568 -> whats the problem?  | 2026-05-19 22:17:47.923670
turrnut says -> turrnut send 1321897497991446568 il wait 2 seconds | 2026-05-19 22:17:57.876874
the bot says to 1321897497991446568 -> il wait 2 seconds  | 2026-05-19 22:17:57.919252
turrnut says -> turrnut send 1321897497991446568 also im not turrnut im turrnut jr | 2026-05-19 22:18:30.512286
the bot says to 1321897497991446568 -> also im not turrnut im turrnut jr  | 2026-05-19 22:18:30.516315
turrnut says -> turrnut send 1321897497991446568 stop adding reactions. also im not telling my dad u said that | 2026-05-19 22:19:17.362335
the bot says to 1321897497991446568 -> stop adding reactions. also im not telling my dad u said that  | 2026-05-19 22:19:17.362335
turrnut says -> turrnut send 1321897497991446568 buddy | 2026-05-19 22:19:50.046084
the bot says to 1321897497991446568 -> buddy  | 2026-05-19 22:19:50.050510
turrnut says -> turrnut send 1321897497991446568 im not schizophrenic | 2026-05-19 22:19:56.416150
the bot says to 1321897497991446568 -> im not schizophrenic  | 2026-05-19 22:19:56.419170
turrnut says -> turrnut send 1321897497991446568 nuh uh | 2026-05-19 22:20:33.964522
the bot says to 1321897497991446568 -> nuh uh  | 2026-05-19 22:20:33.966540
turrnut says -> turrnut send 1321897497991446568 wait so you think im turrnut? | 2026-05-19 22:23:27.010431
the bot says to 1321897497991446568 -> wait so you think im turrnut?  | 2026-05-19 22:23:27.014629
turrnut says -> turrnut send 1321897497991446568 proof? | 2026-05-19 22:23:50.130595
the bot says to 1321897497991446568 -> proof?  | 2026-05-19 22:23:50.138034
turrnut says -> turrnut send 1321897497991446568 wow, no proof | 2026-05-19 22:24:48.990410
the bot says to 1321897497991446568 -> wow, no proof  | 2026-05-19 22:24:48.994443
turrnut says -> turrnut send 1321897497991446568 https://lmao-nice-try-i-am-not-going-to-click-on-that.turrnut.com/ | 2026-05-19 22:26:19.911790
the bot says to 1321897497991446568 -> https://lmao-nice-try-i-am-not-going-to-click-on-that.turrnut.com/  | 2026-05-19 22:26:19.925110
turrnut says -> turrnut send 1321897497991446568 OH WAIT | 2026-05-19 22:26:36.709824
the bot says to 1321897497991446568 -> OH WAIT  | 2026-05-19 22:26:36.716333
turrnut says -> turrnut send 1321897497991446568 NOOOOOOOOOO | 2026-05-19 22:26:45.006246
the bot says to 1321897497991446568 -> NOOOOOOOOOO  | 2026-05-19 22:26:45.008261
turrnut says -> turrnut send 1321897497991446568 https://www.youtube.com/watch?v=2sTUI6jbVHw | 2026-05-19 22:28:22.996822
the bot says to 1321897497991446568 -> https://www.youtube.com/watch?v=2sTUI6jbVHw  | 2026-05-19 22:28:23.004465
turrnut says -> turrnut send 1321897497991446568 plz watch this | 2026-05-19 22:28:35.559424
the bot says to 1321897497991446568 -> plz watch this  | 2026-05-19 22:28:35.559960
turrnut says -> https://youtu.be/ewPburLEZyY?si=ZCmwhdbRIEH8rwfC | 2026-05-23 20:24:38.781849
turrnut says -> 1.By land alone, China is the second largest country.
2. Theodore Roosevelt, not John kennedy, was the youngest person to become US president | 2026-05-25 15:24:03.094633
turrnut says -> loudness ranking | 2026-05-25 17:16:47.101836
turrnut says -> [your pleas](https://discord.com/channels/977378215360335952/1048372218381471774/1516426567985926228) | 2026-06-24 21:08:09.194276
turrnut says -> <@1177133363769917441> | 2026-06-26 20:19:50.659578
turrnut says -> <@1177133363769917441> | 2026-06-26 20:22:05.818687
turrnut says -> OBJECTIVE: to find a certain type of content that works well and make similar types of it in the future (e.g. countries based, flags!)

1. Next two long-form videos are **India & China why not in World Cup?** and **Europe is having an A/C problem**
Focus on Title+Thumbnail optimization(flags?)
2. Make some shorts about topics that are interesting but would have insufficient material to be on a long form. Maybe historic
3. Country based reports
3a. and/or, every country explained?
3b. and/or, book from every country?

*RE-READ WRITTEN NOTES?* | 2026-07-04 13:34:48.711210
turrnut says ->  | 2026-07-08 12:24:07.499677
turrnut says ->  | 2026-07-16 11:00:27.601314
turrnut says ->  | 2026-07-18 19:00:58.242225
turrnut says -> Iran War, Andy Burnham, A/C in Europe, Cockroach Party India
World Cup? | 2026-07-21 13:13:42.889897
