
1486526399144787999mines | 2026-05-12 18:57:56.589191
COINS 1000.0 GRANT BY turrnut(977377574789472278) to 1321897497991446568 | 2026-05-12 19:07:03.577194
1486526399144787999mines | 2026-05-12 19:07:03.983999
COINS 300.0 GRANT BY turrnut(977377574789472278) to 977377574789472278 | 2026-05-12 19:07:25.409066
COINS 1000.0 GRANT BY turrnut(977377574789472278) to 1014960764378939453 | 2026-05-12 19:07:37.129007
COINS 29.0 GRANT BY turrnut(977377574789472278) to 1014960764378939453 | 2026-05-12 19:08:04.199665
COINS 900.0 GRANT BY turrnut(977377574789472278) to 1014960764378939453 | 2026-05-12 19:08:10.398761
COINS 871.0 GRANT BY turrnut(977377574789472278) to 980121390306983997 | 2026-05-12 19:08:41.954730
977377574789472278minerals check | 2026-05-12 19:09:43.963563
977377574789472278minerals check | 2026-05-12 19:09:47.624965
977377574789472278mines | 2026-05-12 19:10:12.915772
977377574789472278minerals check | 2026-05-12 19:10:24.655952
820541682415960064tried to use something | 2026-05-12 19:16:08.279946
820541682415960064tried to use something | 2026-05-12 19:16:10.125432
820541682415960064tried to use something | 2026-05-12 19:16:11.383247
820541682415960064tried to use something | 2026-05-12 19:16:13.764584
820541682415960064tried to use something | 2026-05-12 19:16:16.483759
820541682415960064tried to use something | 2026-05-12 19:16:18.308520
820541682415960064tried to use something | 2026-05-12 19:16:20.942499
977377574789472278minerals check | 2026-05-12 19:16:32.140115
977377574789472278tried to use something | 2026-05-12 19:16:37.001054
977377574789472278minerals check | 2026-05-12 19:17:14.889604
977377574789472278mines | 2026-05-12 19:17:48.390901
977377574789472278mines | 2026-05-12 19:17:49.003330
977377574789472278mines | 2026-05-12 19:17:51.465986
977377574789472278mines | 2026-05-12 19:17:53.904571
977377574789472278mines | 2026-05-12 19:17:56.225396
977377574789472278mines | 2026-05-12 19:17:58.657454
977377574789472278mines | 2026-05-12 19:18:01.046639
977377574789472278mines | 2026-05-12 19:18:04.446540
977377574789472278mines | 2026-05-12 19:18:06.776543
977377574789472278mines | 2026-05-12 19:18:11.810039
977377574789472278mines | 2026-05-12 19:18:13.062326
977377574789472278mines | 2026-05-12 19:18:14.753091
977377574789472278mines | 2026-05-12 19:18:17.377218
977377574789472278mines | 2026-05-12 19:18:19.919284
977377574789472278mines | 2026-05-12 19:18:34.083648
977377574789472278mines | 2026-05-12 19:18:35.401888
977377574789472278mines | 2026-05-12 19:18:36.966705
977377574789472278mines | 2026-05-12 19:18:40.153439
977377574789472278mines | 2026-05-12 19:18:42.613625
977377574789472278mines | 2026-05-12 19:18:52.446439
977377574789472278mines | 2026-05-12 19:18:53.744318
977377574789472278mines | 2026-05-12 19:18:55.371687
977377574789472278mines | 2026-05-12 19:18:58.480997
977377574789472278mines | 2026-05-12 19:19:00.419314
977377574789472278mines | 2026-05-12 19:19:03.416055
977377574789472278mines | 2026-05-12 19:19:05.896856
977377574789472278mines | 2026-05-12 19:19:07.722705
977377574789472278mines | 2026-05-12 19:19:10.288667
977377574789472278mines | 2026-05-12 19:19:12.671350
977377574789472278mines | 2026-05-12 19:19:16.002480
977377574789472278mines | 2026-05-12 19:19:18.552493
977377574789472278mines | 2026-05-12 19:19:20.994361
977377574789472278mines | 2026-05-12 19:19:23.373556
977377574789472278mines | 2026-05-12 19:19:25.749654
977377574789472278mines | 2026-05-12 19:19:28.369186
977377574789472278mines | 2026-05-12 19:19:30.921106
977377574789472278mines | 2026-05-12 19:19:33.358447
977377574789472278minerals check | 2026-05-12 19:19:37.461952
977377574789472278mines | 2026-05-13 11:45:16.219102
977377574789472278mines | 2026-05-13 11:45:16.699350
977377574789472278mines | 2026-05-13 11:45:19.637692
977377574789472278mines | 2026-05-13 11:45:22.048557
977377574789472278mines | 2026-05-13 11:45:24.460864
977377574789472278mines | 2026-05-13 11:45:26.958257
977377574789472278mines | 2026-05-13 11:45:29.575190
977377574789472278mines | 2026-05-13 11:45:32.302413
977377574789472278mines | 2026-05-13 11:45:34.960239
977377574789472278mines | 2026-05-13 11:45:36.340287
977377574789472278mines | 2026-05-13 11:45:39.699739
977377574789472278minerals check | 2026-05-13 11:45:42.630600
977377574789472278minerals check | 2026-05-13 11:46:15.709281
977377574789472278minerals check | 2026-05-13 11:46:38.533351
977377574789472278minerals check | 2026-05-13 11:46:47.075404
1321897497991446568wants to pay977377574789472278 100.0 | 2026-05-13 11:48:16.857141
977377574789472278minerals check | 2026-05-13 11:48:58.621675
1321897497991446568loves money | 2026-05-13 12:14:33.020978
1321897497991446568wants to pay820541682415960064 750.0 | 2026-05-13 12:14:49.400590
1321897497991446568wants to buy something | 2026-05-13 12:16:06.538257
1321897497991446568mines | 2026-05-13 12:17:24.009853
1321897497991446568mines | 2026-05-13 12:17:32.789370
1321897497991446568mines | 2026-05-13 12:17:36.369721
1321897497991446568mines | 2026-05-13 12:17:41.016744
1321897497991446568mines | 2026-05-13 12:17:46.168790
1321897497991446568mines | 2026-05-13 12:17:51.904588
1321897497991446568mines | 2026-05-13 12:17:57.040280
1321897497991446568checks on items | 2026-05-13 12:18:48.982230
1321897497991446568tried to use something | 2026-05-13 12:18:56.759500
977377574789472278checks on items | 2026-05-13 12:24:49.013325
977377574789472278is generous | 2026-05-13 12:25:03.021780
977377574789472278checks on items | 2026-05-13 12:25:25.673819
977377574789472278checks on items | 2026-05-13 12:25:31.634326
1321897497991446568tried to use something | 2026-05-13 12:29:04.236334
1321897497991446568tried to use something | 2026-05-13 12:35:07.248946
1321897497991446568tried to use something | 2026-05-13 12:35:16.382200
1321897497991446568tried to use something | 2026-05-13 12:35:22.439704
1321897497991446568tried to use something | 2026-05-13 12:35:28.189559
1321897497991446568tried to use something | 2026-05-13 12:35:48.469706
1321897497991446568tried to use something | 2026-05-13 12:35:50.989758
1321897497991446568tried to use something | 2026-05-13 12:35:56.221622
1321897497991446568tried to use something | 2026-05-13 12:36:08.323406
1321897497991446568tried to use something | 2026-05-13 12:36:08.862588
1486526399144787999loves money | 2026-05-13 19:44:11.457855
1486526399144787999wants to pay977377574789472278 100.0 | 2026-05-14 07:07:15.904668
783554615605329970wants to pay977377574789472278 100.0 | 2026-05-14 17:05:15.831145
1405608029134782545wants to buy something | 2026-05-15 12:31:37.929882
1405608029134782545mines | 2026-05-15 12:31:43.138761
1405608029134782545mines | 2026-05-15 12:31:47.188291
1405608029134782545mines | 2026-05-15 12:31:49.960142
1405608029134782545mines | 2026-05-15 12:31:52.382653
1405608029134782545mines | 2026-05-15 12:31:53.668963
1405608029134782545mines | 2026-05-15 12:31:55.277578
1405608029134782545mines | 2026-05-15 12:32:11.419509
1405608029134782545mines | 2026-05-15 12:32:12.923148
1405608029134782545mines | 2026-05-15 12:32:15.534627
1405608029134782545mines | 2026-05-15 12:32:16.940898
1405608029134782545mines | 2026-05-15 12:32:19.467568
1405608029134782545mines | 2026-05-15 12:32:21.956771
1405608029134782545mines | 2026-05-15 12:32:44.011243
1405608029134782545mines | 2026-05-15 12:32:45.850587
1405608029134782545mines | 2026-05-15 12:32:47.777023
1405608029134782545mines | 2026-05-15 12:32:49.213529
1405608029134782545mines | 2026-05-15 12:32:51.916537
1405608029134782545mines | 2026-05-15 12:32:54.989627
1405608029134782545mines | 2026-05-15 12:32:56.996364
1405608029134782545mines | 2026-05-15 12:32:59.540861
1405608029134782545mines | 2026-05-15 12:33:01.731557
1405608029134782545mines | 2026-05-15 12:33:05.172458
1405608029134782545mines | 2026-05-15 12:33:07.029250
1405608029134782545mines | 2026-05-15 12:33:10.076801
1405608029134782545mines | 2026-05-15 12:33:12.360545
1405608029134782545mines | 2026-05-15 12:33:16.809153
1405608029134782545mines | 2026-05-15 12:33:18.502743
1405608029134782545mines | 2026-05-15 12:33:20.017210
1405608029134782545mines | 2026-05-15 12:33:22.452344
1405608029134782545mines | 2026-05-15 12:33:24.665983
1405608029134782545mines | 2026-05-15 12:33:27.004237
1405608029134782545mines | 2026-05-15 12:33:29.013633
1405608029134782545mines | 2026-05-15 12:33:32.424376
1405608029134782545mines | 2026-05-15 12:33:34.893035
1405608029134782545mines | 2026-05-15 12:33:37.499119
1405608029134782545mines | 2026-05-15 12:33:40.152932
1405608029134782545mines | 2026-05-15 12:33:42.188324
1405608029134782545mines | 2026-05-15 12:33:44.634652
1405608029134782545mines | 2026-05-15 12:33:47.348544
1405608029134782545mines | 2026-05-15 12:33:50.073733
1405608029134782545mines | 2026-05-15 12:33:52.521057
1405608029134782545mines | 2026-05-15 12:33:54.637908
1405608029134782545mines | 2026-05-15 12:33:57.219348
1405608029134782545mines | 2026-05-15 12:33:59.878436
1405608029134782545mines | 2026-05-15 12:34:02.675068
1405608029134782545mines | 2026-05-15 12:34:04.371643
1405608029134782545mines | 2026-05-15 12:34:07.148498
1405608029134782545mines | 2026-05-15 12:34:09.780808
1405608029134782545mines | 2026-05-15 12:34:11.911485
1405608029134782545mines | 2026-05-15 12:34:14.402593
1405608029134782545mines | 2026-05-15 12:34:16.995492
1405608029134782545mines | 2026-05-15 12:34:19.845636
1405608029134782545mines | 2026-05-15 12:34:22.153294
1405608029134782545checks on items | 2026-05-15 12:35:38.805769
1405608029134782545checks on items | 2026-05-15 12:36:29.417195
1405608029134782545checks on items | 2026-05-15 12:36:35.701004
1405608029134782545tried to use something | 2026-05-15 12:37:10.479969
1405608029134782545checks on items | 2026-05-15 12:37:23.597237
1486526399144787999loves money | 2026-05-15 17:10:48.152719
1486526399144787999loves money | 2026-05-15 19:04:17.857815
820541682415960064loves money | 2026-05-15 23:46:49.539419
tuvalutorture(820541682415960064)won 30.0 TRC gambling. | 2026-05-15 23:47:02.717064
tuvalutorture(820541682415960064)lost 15.0 TRC gambling. | 2026-05-15 23:47:12.339519
tuvalutorture(820541682415960064)lost 15.0 TRC gambling. | 2026-05-15 23:47:16.912134
tuvalutorture(820541682415960064)won 15.0 TRC gambling. | 2026-05-15 23:47:24.321728
820541682415960064wants to buy something | 2026-05-15 23:47:33.734070
820541682415960064mines | 2026-05-15 23:47:36.763915
820541682415960064mines | 2026-05-15 23:47:39.736984
820541682415960064tried to use something | 2026-05-15 23:47:45.929462
tuvalutorture(820541682415960064)won 50.0 TRC gambling. | 2026-05-15 23:47:55.390234
tuvalutorture(820541682415960064)lost 20.0 TRC gambling. | 2026-05-15 23:48:34.609918
tuvalutorture(820541682415960064)won 20.0 TRC gambling. | 2026-05-15 23:48:38.521191
tuvalutorture(820541682415960064)won 20.0 TRC gambling. | 2026-05-15 23:48:46.263307
tuvalutorture(820541682415960064)won 40.0 TRC gambling. | 2026-05-15 23:48:53.660863
tuvalutorture(820541682415960064)lost 20.0 TRC gambling. | 2026-05-15 23:49:09.239045
tuvalutorture(820541682415960064)won 20.0 TRC gambling. | 2026-05-15 23:49:14.675229
tuvalutorture(820541682415960064)won 20.0 TRC gambling. | 2026-05-15 23:49:23.420678
tuvalutorture(820541682415960064)lost 50.0 TRC gambling. | 2026-05-15 23:49:30.868371
tuvalutorture(820541682415960064)lost 50.0 TRC gambling. | 2026-05-15 23:49:34.541705
tuvalutorture(820541682415960064)lost 200.0 TRC gambling. | 2026-05-15 23:49:45.777232
tuvalutorture(820541682415960064)won 200.0 TRC gambling. | 2026-05-15 23:49:54.425608
tuvalutorture(820541682415960064)won 300.0 TRC gambling. | 2026-05-15 23:50:03.623503
820541682415960064earnings check | 2026-05-15 23:50:41.982589
tuvalutorture(820541682415960064)lost 10.0 TRC gambling. | 2026-05-15 23:50:56.166175
tuvalutorture(820541682415960064)won 10.0 TRC gambling. | 2026-05-15 23:51:01.901705
tuvalutorture(820541682415960064)lost 100.0 TRC gambling. | 2026-05-15 23:51:10.052241
tuvalutorture(820541682415960064)won 100.0 TRC gambling. | 2026-05-15 23:51:17.149789
tuvalutorture(820541682415960064)lost 150.0 TRC gambling. | 2026-05-15 23:51:25.376282
tuvalutorture(820541682415960064)won 150.0 TRC gambling. | 2026-05-15 23:51:30.995400
tuvalutorture(820541682415960064)lost 150.0 TRC gambling. | 2026-05-15 23:51:40.341304
1486526399144787999loves money | 2026-05-16 07:00:37.143360
1486526399144787999mines | 2026-05-16 07:01:23.535512
1486526399144787999mines | 2026-05-16 07:01:47.972557
1486526399144787999mines | 2026-05-16 07:01:53.957531
1486526399144787999mines | 2026-05-16 07:02:05.865703
1486526399144787999mines | 2026-05-16 07:02:08.992806
1486526399144787999mines | 2026-05-16 07:02:14.680344
1486526399144787999mines | 2026-05-16 09:51:30.076920
1486526399144787999mines | 2026-05-16 10:32:35.288185
1486526399144787999mines | 2026-05-16 10:32:51.662644
1486526399144787999mines | 2026-05-16 10:32:54.971048
1486526399144787999mines | 2026-05-16 10:32:57.384404
1486526399144787999mines | 2026-05-16 10:32:59.842823
1486526399144787999minerals check | 2026-05-16 10:33:19.220295
1486526399144787999mines | 2026-05-16 10:33:24.312157
1486526399144787999mines | 2026-05-16 10:33:26.257570
1486526399144787999mines | 2026-05-16 10:33:29.170761
1486526399144787999mines | 2026-05-16 10:33:31.568119
1486526399144787999mines | 2026-05-16 10:33:36.101624
1486526399144787999mines | 2026-05-16 10:33:38.253690
1486526399144787999mines | 2026-05-16 10:33:40.038398
1486526399144787999mines | 2026-05-16 10:33:42.698797
1486526399144787999mines | 2026-05-16 10:33:45.198983
1486526399144787999mines | 2026-05-16 10:33:47.652488
1486526399144787999mines | 2026-05-16 10:33:50.291034
1486526399144787999tried to use something | 2026-05-16 10:34:15.409568
1486526399144787999minerals check | 2026-05-16 10:34:22.268360
1486526399144787999tried to use something | 2026-05-16 10:34:36.461202
1486526399144787999mines | 2026-05-16 10:34:43.398208
1486526399144787999mines | 2026-05-16 10:34:45.408977
1486526399144787999mines | 2026-05-16 10:34:47.031887
1486526399144787999mines | 2026-05-16 10:34:52.396727
1486526399144787999mines | 2026-05-16 10:34:54.902465
1486526399144787999mines | 2026-05-16 10:35:10.080405
1486526399144787999wants to buy something | 2026-05-16 10:35:49.695160
1486526399144787999mines | 2026-05-16 10:35:53.972229
1486526399144787999mines | 2026-05-16 10:35:55.845590
1486526399144787999mines | 2026-05-16 10:35:58.530457
1486526399144787999wants to buy something | 2026-05-16 10:36:06.951406
1486526399144787999loves money | 2026-05-16 10:36:11.362399
1486526399144787999mines | 2026-05-16 10:36:13.696287
1486526399144787999mines | 2026-05-16 10:36:15.789681
1486526399144787999mines | 2026-05-16 10:36:18.193883
1486526399144787999mines | 2026-05-16 10:36:21.346196
1486526399144787999mines | 2026-05-16 10:36:23.680236
1486526399144787999mines | 2026-05-16 10:36:25.961908
1486526399144787999mines | 2026-05-16 10:36:28.573649
1486526399144787999mines | 2026-05-16 10:36:31.781899
1486526399144787999mines | 2026-05-16 10:36:33.506306
1486526399144787999mines | 2026-05-16 10:36:35.828595
1486526399144787999mines | 2026-05-16 10:36:38.502427
1486526399144787999mines | 2026-05-16 10:36:40.782271
1486526399144787999mines | 2026-05-16 10:36:43.180193
1486526399144787999mines | 2026-05-16 10:36:45.345022
1486526399144787999mines | 2026-05-16 10:36:47.964594
1486526399144787999mines | 2026-05-16 10:36:50.187648
1486526399144787999mines | 2026-05-16 10:36:52.614010
1486526399144787999mines | 2026-05-16 10:36:54.675731
1486526399144787999mines | 2026-05-16 10:36:58.059725
1486526399144787999mines | 2026-05-16 10:36:59.758419
1486526399144787999mines | 2026-05-16 10:37:02.396502
1486526399144787999mines | 2026-05-16 10:37:04.898235
1486526399144787999mines | 2026-05-16 10:37:07.779638
1486526399144787999mines | 2026-05-16 10:37:10.249912
1486526399144787999mines | 2026-05-16 10:37:12.588179
1486526399144787999mines | 2026-05-16 10:37:14.990201
1486526399144787999mines | 2026-05-16 10:37:18.326861
1486526399144787999mines | 2026-05-16 10:37:19.853835
1486526399144787999mines | 2026-05-16 10:37:22.266397
1486526399144787999mines | 2026-05-16 10:37:24.638518
1486526399144787999mines | 2026-05-16 10:37:27.060435
1486526399144787999mines | 2026-05-16 10:37:29.520443
1486526399144787999mines | 2026-05-16 10:37:31.852262
1486526399144787999mines | 2026-05-16 10:37:34.386693
1486526399144787999mines | 2026-05-16 10:37:37.713358
1486526399144787999mines | 2026-05-16 10:37:44.356014
1486526399144787999mines | 2026-05-16 10:37:47.228459
1486526399144787999mines | 2026-05-16 10:37:49.579926
1486526399144787999mines | 2026-05-16 10:37:51.630011
1486526399144787999mines | 2026-05-16 10:37:53.542407
1486526399144787999mines | 2026-05-16 10:37:55.024666
1486526399144787999mines | 2026-05-16 10:37:57.969547
1486526399144787999mines | 2026-05-16 10:38:02.493461
1486526399144787999mines | 2026-05-16 10:38:04.723454
1486526399144787999mines | 2026-05-16 10:38:06.575873
1486526399144787999mines | 2026-05-16 10:38:08.215845
1486526399144787999mines | 2026-05-16 10:38:11.014594
1486526399144787999mines | 2026-05-16 10:38:12.614684
1486526399144787999mines | 2026-05-16 10:38:15.516107
1486526399144787999mines | 2026-05-16 10:38:18.504775
1486526399144787999mines | 2026-05-16 10:38:20.197167
1486526399144787999mines | 2026-05-16 10:38:22.746207
1486526399144787999mines | 2026-05-16 10:38:25.237012
1486526399144787999mines | 2026-05-16 10:38:27.746524
1486526399144787999mines | 2026-05-16 10:38:30.415719
1486526399144787999mines | 2026-05-16 10:38:32.825554
1486526399144787999mines | 2026-05-16 10:38:35.236710
1486526399144787999mines | 2026-05-16 10:38:37.692750
1486526399144787999mines | 2026-05-16 10:38:40.110448
1486526399144787999mines | 2026-05-16 10:38:42.493576
1486526399144787999mines | 2026-05-16 10:38:45.941691
1486526399144787999mines | 2026-05-16 10:38:49.434424
1486526399144787999mines | 2026-05-16 10:38:50.902369
1486526399144787999mines | 2026-05-16 10:38:53.464797
1486526399144787999mines | 2026-05-16 10:38:56.738578
1486526399144787999mines | 2026-05-16 10:39:00.131795
1486526399144787999mines | 2026-05-16 10:39:01.601405
1486526399144787999mines | 2026-05-16 10:39:04.101965
1486526399144787999mines | 2026-05-16 10:39:06.042224
1486526399144787999mines | 2026-05-16 10:39:08.730149
1486526399144787999mines | 2026-05-16 10:39:15.026362
1486526399144787999minerals check | 2026-05-16 10:39:22.040071
1486526399144787999mines | 2026-05-16 10:39:45.778728
1486526399144787999mines | 2026-05-16 10:39:47.389564
1486526399144787999mines | 2026-05-16 10:39:48.928161
1486526399144787999mines | 2026-05-16 10:39:51.831596
1486526399144787999mines | 2026-05-16 10:39:53.862024
1486526399144787999mines | 2026-05-16 10:39:58.583207
1486526399144787999mines | 2026-05-16 10:40:00.272079
1486526399144787999mines | 2026-05-16 10:40:03.471532
1486526399144787999mines | 2026-05-16 10:40:05.730679
1486526399144787999mines | 2026-05-16 10:40:07.905062
1486526399144787999mines | 2026-05-16 10:40:11.062214
1321897497991446568loves money | 2026-05-16 11:31:15.251212
1486526399144787999loves money | 2026-05-16 15:20:46.832237
1486526399144787999loves money | 2026-05-17 07:34:33.591495
1486526399144787999loves money | 2026-05-17 09:22:38.054076
1486526399144787999loves money | 2026-05-17 12:18:16.628283
977377574789472278loves money | 2026-05-17 15:06:29.849465
778745923793584158loves money | 2026-05-17 15:07:01.278899
778745923793584158mines | 2026-05-17 15:07:17.193763
778745923793584158mines | 2026-05-17 15:07:25.361860
778745923793584158tried to use something | 2026-05-17 15:08:00.846512
778745923793584158mines | 2026-05-17 15:08:24.003060
1486526399144787999loves money | 2026-05-17 16:35:22.078806
1486526399144787999loves money | 2026-05-17 17:09:06.300312
1486526399144787999loves money | 2026-05-19 17:34:05.932573
1321897497991446568loves money | 2026-06-24 10:23:31.940457
