
turrnut#0 prompted a random meme | 2023-07-07 20:11:27.634413
turrnut prompted a random meme | 2023-08-02 07:26:47.526867
turrnut is sus. Ewww.  | 2023-08-02 16:46:32.946226
turrnut is sus. Ewww.  | 2023-08-02 16:46:36.343426
rxush is sus. Ewww.  | 2023-08-02 16:48:13.923867
rxush is sus. Ewww.  | 2023-08-02 16:48:19.164436
sammythebammy prompted a random meme | 2023-08-02 17:13:15.450930
sammythebammy prompted a random meme | 2023-08-02 17:13:30.747687
sammythebammy prompted a random meme | 2023-08-02 17:13:49.390185
sammythebammy prompted a random meme | 2023-08-02 17:14:10.241221
sammythebammy prompted a random meme | 2023-08-02 17:14:34.672743
sammythebammy prompted a random meme | 2023-08-02 17:14:47.406110
sammythebammy prompted a random meme | 2023-08-02 17:14:55.058000
sammythebammy prompted a random meme | 2023-08-02 17:15:16.571733
turrnut prompted a random meme | 2023-08-02 17:17:37.112904
turrnut prompted a random meme | 2023-08-02 17:17:44.429546
turrnut used the spam command, count=10 | 2023-08-05 17:10:17.843851
turrnut used the spam command, count=100 | 2023-08-05 17:11:48.140816
turrnut is sus. Ewww.  | 2023-08-28 16:44:42.910076
turrnut used the spam command, count=99 | 2023-08-28 16:44:43.136870
the_epic_figure is sus. Ewww.  | 2023-08-28 16:45:45.205556
turrnut is sus. Ewww.  | 2023-08-28 16:46:26.505652
turrnut used the spam command, count=1000 | 2023-08-28 16:46:26.960259
turrnut used the spam command, count=999 | 2023-08-28 16:46:57.444441
turrnut halted the spam | 2023-08-28 16:47:21.694169
turrnut halted the spam | 2023-08-28 16:47:33.399286
