
1486526399144787999wants to pay783554615605329970 100.0 | 2026-05-10 20:23:54.626318
1486526399144787999loves money | 2026-05-10 20:27:14.673396
977377574789472278loves money | 2026-05-10 20:27:16.701719
1486526399144787999mines | 2026-05-10 20:27:32.851087
1486526399144787999mines | 2026-05-10 20:27:36.605760
1486526399144787999mines | 2026-05-10 20:27:40.948511
1486526399144787999mines | 2026-05-10 20:27:55.341512
1486526399144787999mines | 2026-05-10 20:28:00.123660
1486526399144787999mines | 2026-05-10 20:28:16.817689
1486526399144787999mines | 2026-05-10 20:28:22.962181
1486526399144787999mines | 2026-05-10 20:28:32.267095
1486526399144787999mines | 2026-05-10 20:28:35.929461
1486526399144787999mines | 2026-05-10 20:28:39.910059
1486526399144787999mines | 2026-05-10 20:28:42.318045
1486526399144787999mines | 2026-05-10 20:28:44.825909
1486526399144787999mines | 2026-05-10 20:28:47.983655
1486526399144787999mines | 2026-05-10 20:28:58.328053
1486526399144787999mines | 2026-05-10 20:29:01.852323
1486526399144787999mines | 2026-05-10 20:29:07.152175
1486526399144787999mines | 2026-05-10 20:29:13.151488
1486526399144787999mines | 2026-05-10 20:29:20.252475
1486526399144787999mines | 2026-05-10 20:29:23.891461
1486526399144787999mines | 2026-05-10 20:29:27.202376
977377574789472278checks on items | 2026-05-10 20:29:32.015213
1486526399144787999mines | 2026-05-10 20:29:32.022727
1486526399144787999mines | 2026-05-10 20:29:39.402415
977377574789472278wants to buy something | 2026-05-10 20:29:39.564760
977377574789472278mines | 2026-05-10 20:29:43.762950
1486526399144787999mines | 2026-05-10 20:29:45.202236
977377574789472278mines | 2026-05-10 20:29:49.470106
1486526399144787999mines | 2026-05-10 20:29:49.818506
977377574789472278mines | 2026-05-10 20:29:50.478427
977377574789472278mines | 2026-05-10 20:29:53.471461
977377574789472278mines | 2026-05-10 20:29:54.909645
977377574789472278mines | 2026-05-10 20:29:57.309000
1486526399144787999mines | 2026-05-10 20:29:59.568397
977377574789472278mines | 2026-05-10 20:29:59.728166
977377574789472278mines | 2026-05-10 20:30:03.006318
1486526399144787999mines | 2026-05-10 20:30:03.441131
977377574789472278mines | 2026-05-10 20:30:07.935042
977377574789472278mines | 2026-05-10 20:30:08.875911
1486526399144787999mines | 2026-05-10 20:30:12.873015
1486526399144787999mines | 2026-05-10 20:30:30.421592
TURRNUT(977377574789472278)lost 20.0 TRC gambling. | 2026-05-10 20:30:32.388271
1486526399144787999mines | 2026-05-10 20:30:33.425048
1486526399144787999mines | 2026-05-10 20:30:37.128525
Disorted_alex(1486526399144787999)lost 2.0 TRC gambling. | 2026-05-10 20:30:48.543907
TURRNUT(977377574789472278)lost 30.0 TRC gambling. | 2026-05-10 20:30:56.298726
1486526399144787999mines | 2026-05-10 20:30:56.431550
TURRNUT(977377574789472278)won 30.0 TRC gambling. | 2026-05-10 20:31:11.148597
1486526399144787999mines | 2026-05-10 20:31:13.128330
1486526399144787999mines | 2026-05-10 20:31:17.210653
1486526399144787999mines | 2026-05-10 20:31:22.098490
TURRNUT(977377574789472278)lost 90.0 TRC gambling. | 2026-05-10 20:31:22.408009
1486526399144787999mines | 2026-05-10 20:31:36.814286
TURRNUT(977377574789472278)won 32.0 TRC gambling. | 2026-05-10 20:31:37.346029
1486526399144787999mines | 2026-05-10 20:31:39.519571
1486526399144787999mines | 2026-05-10 20:31:42.177489
1486526399144787999mines | 2026-05-10 20:31:45.167852
1486526399144787999mines | 2026-05-10 20:31:47.819749
1486526399144787999mines | 2026-05-10 20:31:50.245401
1486526399144787999mines | 2026-05-10 20:31:52.976464
1486526399144787999mines | 2026-05-10 20:31:55.563647
977377574789472278checks on items | 2026-05-10 20:32:04.093983
977377574789472278tried to use something | 2026-05-10 20:32:12.035862
977377574789472278checks on items | 2026-05-10 20:32:21.648588
977377574789472278tried to use something | 2026-05-10 20:32:29.970473
977377574789472278mines | 2026-05-10 20:34:31.796132
1486526399144787999minerals check | 2026-05-10 20:42:33.375769
1486526399144787999tried to use something | 2026-05-10 20:42:43.385529
1486526399144787999mines | 2026-05-10 20:42:51.572469
1486526399144787999mines | 2026-05-10 20:42:53.898828
1486526399144787999mines | 2026-05-10 20:42:56.511783
1486526399144787999mines | 2026-05-10 20:42:58.647227
1486526399144787999mines | 2026-05-10 20:43:00.794108
1486526399144787999mines | 2026-05-10 20:43:03.147396
1486526399144787999mines | 2026-05-10 20:43:05.387498
1486526399144787999mines | 2026-05-10 20:43:07.598564
1486526399144787999mines | 2026-05-10 20:43:09.797928
1486526399144787999tried to use something | 2026-05-10 20:43:30.465285
1486526399144787999mines | 2026-05-10 20:43:34.647416
1486526399144787999mines | 2026-05-10 20:43:37.375939
1486526399144787999mines | 2026-05-10 20:43:39.429845
1486526399144787999mines | 2026-05-10 20:43:41.708973
1486526399144787999mines | 2026-05-10 20:43:44.188609
1486526399144787999mines | 2026-05-10 20:43:46.359580
1486526399144787999mines | 2026-05-10 20:43:48.611544
1486526399144787999mines | 2026-05-10 20:43:50.864904
1486526399144787999mines | 2026-05-10 20:43:53.003562
1486526399144787999mines | 2026-05-10 20:43:54.929144
1486526399144787999mines | 2026-05-10 20:43:57.537572
1486526399144787999mines | 2026-05-10 20:44:00.865920
1486526399144787999mines | 2026-05-10 20:44:02.472940
1486526399144787999mines | 2026-05-10 20:44:05.761309
1486526399144787999mines | 2026-05-10 20:44:08.098971
1486526399144787999mines | 2026-05-10 20:44:10.672675
1486526399144787999mines | 2026-05-10 20:44:13.690541
1486526399144787999mines | 2026-05-10 20:44:20.780997
1486526399144787999minerals check | 2026-05-10 20:44:28.240930
1486526399144787999tried to use something | 2026-05-10 20:44:41.531045
1486526399144787999mines | 2026-05-10 20:44:44.776698
1486526399144787999mines | 2026-05-10 20:44:48.088707
1486526399144787999mines | 2026-05-10 20:44:50.197583
1486526399144787999mines | 2026-05-10 20:44:52.586289
1486526399144787999mines | 2026-05-10 20:44:55.356115
1486526399144787999mines | 2026-05-10 20:44:58.485309
1486526399144787999mines | 2026-05-10 20:45:01.940597
1486526399144787999mines | 2026-05-10 20:45:04.570789
1486526399144787999mines | 2026-05-10 20:45:07.104995
1486526399144787999mines | 2026-05-10 20:45:11.213282
1486526399144787999mines | 2026-05-10 20:45:13.228540
1486526399144787999mines | 2026-05-10 20:45:15.639963
1486526399144787999tried to use something | 2026-05-10 20:45:28.704447
1486526399144787999mines | 2026-05-10 20:45:37.567630
1486526399144787999mines | 2026-05-10 20:45:40.517656
1486526399144787999mines | 2026-05-10 20:45:42.587374
1486526399144787999mines | 2026-05-10 20:45:46.557636
1486526399144787999minerals check | 2026-05-10 20:45:52.122473
1486526399144787999mines | 2026-05-10 20:46:05.734494
1486526399144787999mines | 2026-05-10 20:46:08.306632
1486526399144787999mines | 2026-05-10 20:46:11.322392
1486526399144787999mines | 2026-05-10 20:46:13.497092
1486526399144787999mines | 2026-05-10 20:46:16.368648
1486526399144787999mines | 2026-05-10 20:46:19.574374
977377574789472278minerals check | 2026-05-10 21:10:12.168300
1486526399144787999loves money | 2026-05-11 07:11:56.438795
977377574789472278loves money | 2026-05-11 07:50:48.286775
1486526399144787999loves money | 2026-05-11 11:26:49.277571
1486526399144787999mines | 2026-05-11 11:27:05.073297
1486526399144787999mines | 2026-05-11 11:27:06.989221
1486526399144787999mines | 2026-05-11 11:27:09.043831
1486526399144787999mines | 2026-05-11 11:27:12.390606
1486526399144787999loves money | 2026-05-11 11:55:20.049812
1486526399144787999mines | 2026-05-11 11:57:35.579678
1486526399144787999mines | 2026-05-11 11:57:37.546069
1486526399144787999mines | 2026-05-11 11:57:39.221161
1486526399144787999mines | 2026-05-11 11:57:40.997547
1486526399144787999mines | 2026-05-11 11:57:43.834698
1486526399144787999mines | 2026-05-11 11:57:46.818546
1486526399144787999mines | 2026-05-11 11:57:48.470538
1486526399144787999mines | 2026-05-11 11:57:51.241304
1486526399144787999mines | 2026-05-11 11:57:53.816929
1486526399144787999mines | 2026-05-11 11:57:56.207198
1486526399144787999mines | 2026-05-11 11:57:58.731340
1486526399144787999mines | 2026-05-11 11:58:01.159210
1486526399144787999mines | 2026-05-11 11:58:03.570373
1486526399144787999mines | 2026-05-11 11:58:05.915798
1486526399144787999mines | 2026-05-11 11:58:08.362214
1486526399144787999mines | 2026-05-11 11:58:10.902452
1486526399144787999mines | 2026-05-11 11:58:13.381491
1486526399144787999mines | 2026-05-11 11:58:15.856140
1486526399144787999mines | 2026-05-11 11:58:19.077118
1486526399144787999loves money | 2026-05-11 12:20:22.664584
1486526399144787999loves money | 2026-05-11 13:18:36.943115
1486526399144787999loves money | 2026-05-11 14:13:40.721885
1486526399144787999mines | 2026-05-11 14:13:55.369975
1486526399144787999mines | 2026-05-11 14:13:57.398148
1486526399144787999mines | 2026-05-11 14:13:59.425325
1486526399144787999mines | 2026-05-11 14:14:05.785518
1486526399144787999wants to pay1251719137689075834 100.0 | 2026-05-11 14:16:05.235248
1251719137689075834wants to buy something | 2026-05-11 14:16:47.948778
1251719137689075834mines | 2026-05-11 14:16:56.087372
1486526399144787999mines | 2026-05-11 14:16:56.935865
1486526399144787999mines | 2026-05-11 14:16:59.571099
1486526399144787999loves money | 2026-05-11 15:13:32.647643
1486526399144787999mines | 2026-05-11 15:13:39.268314
1486526399144787999mines | 2026-05-11 15:13:41.127894
1486526399144787999mines | 2026-05-11 15:13:43.826499
1486526399144787999mines | 2026-05-11 15:13:45.524556
1486526399144787999mines | 2026-05-11 15:13:47.274884
1486526399144787999mines | 2026-05-11 15:13:49.970884
1486526399144787999mines | 2026-05-11 15:13:53.649287
1486526399144787999mines | 2026-05-11 15:14:01.882447
1486526399144787999mines | 2026-05-11 15:20:42.694414
1486526399144787999mines | 2026-05-11 15:20:44.409725
1486526399144787999mines | 2026-05-11 15:20:47.313721
1486526399144787999checks on items | 2026-05-11 15:20:56.824683
1486526399144787999mines | 2026-05-11 15:20:59.323586
1486526399144787999mines | 2026-05-11 15:21:01.468567
1486526399144787999mines | 2026-05-11 15:21:03.594283
1486526399144787999mines | 2026-05-11 15:21:05.644123
1486526399144787999mines | 2026-05-11 15:21:08.275616
1486526399144787999mines | 2026-05-11 15:21:10.391246
1486526399144787999mines | 2026-05-11 15:21:12.827454
1486526399144787999mines | 2026-05-11 15:21:14.916309
1502061063368343733loves money | 2026-05-11 16:23:08.621410
1486526399144787999loves money | 2026-05-11 16:50:28.812288
1486526399144787999mines | 2026-05-11 16:50:36.493509
1486526399144787999mines | 2026-05-11 16:50:44.437003
1486526399144787999mines | 2026-05-11 16:50:46.665823
1486526399144787999mines | 2026-05-11 16:50:48.235594
1486526399144787999mines | 2026-05-11 16:50:49.871840
1486526399144787999mines | 2026-05-11 16:50:52.769241
1486526399144787999mines | 2026-05-11 16:50:55.323244
1486526399144787999mines | 2026-05-11 16:50:58.023328
1502061063368343733loves money | 2026-05-11 17:12:22.635269
1486526399144787999loves money | 2026-05-11 17:12:40.081226
1486526399144787999mines | 2026-05-11 17:21:44.880056
1486526399144787999mines | 2026-05-11 17:21:48.286696
1486526399144787999mines | 2026-05-11 17:21:50.020704
1486526399144787999mines | 2026-05-11 17:21:52.713375
1486526399144787999mines | 2026-05-11 17:21:54.171239
1486526399144787999mines | 2026-05-11 17:21:56.277913
1486526399144787999mines | 2026-05-11 17:21:58.113986
1486526399144787999mines | 2026-05-11 17:22:01.369364
1486526399144787999mines | 2026-05-11 17:22:04.050128
1486526399144787999mines | 2026-05-11 17:22:21.038300
1486526399144787999mines | 2026-05-11 17:22:23.194016
1486526399144787999mines | 2026-05-11 17:22:24.701883
1486526399144787999mines | 2026-05-11 17:22:26.138697
1486526399144787999mines | 2026-05-11 17:22:29.750848
1486526399144787999mines | 2026-05-11 17:22:32.478029
1486526399144787999mines | 2026-05-11 17:22:33.838321
1486526399144787999mines | 2026-05-11 17:22:37.173224
1486526399144787999mines | 2026-05-11 17:22:39.510855
1486526399144787999mines | 2026-05-11 17:22:42.009492
1486526399144787999mines | 2026-05-11 17:22:44.325945
1486526399144787999mines | 2026-05-11 17:22:46.676789
1486526399144787999mines | 2026-05-11 17:22:48.966635
1486526399144787999mines | 2026-05-11 17:22:51.524167
1486526399144787999mines | 2026-05-11 17:22:53.942550
1486526399144787999mines | 2026-05-11 17:22:56.431950
1486526399144787999mines | 2026-05-11 17:22:58.931413
1486526399144787999mines | 2026-05-11 17:23:01.477681
1486526399144787999mines | 2026-05-11 17:23:04.367281
1486526399144787999checks on items | 2026-05-11 17:23:22.515854
1486526399144787999mines | 2026-05-11 17:28:23.132228
1486526399144787999mines | 2026-05-11 17:28:26.749458
1486526399144787999mines | 2026-05-11 17:28:30.222134
1486526399144787999mines | 2026-05-11 17:28:33.244662
1486526399144787999minerals check | 2026-05-11 17:28:37.650633
1486526399144787999mines | 2026-05-11 17:28:59.922522
1486526399144787999mines | 2026-05-11 17:29:15.688132
1486526399144787999mines | 2026-05-11 17:29:18.447325
1486526399144787999mines | 2026-05-11 17:29:21.026120
1486526399144787999mines | 2026-05-11 17:29:23.494293
1486526399144787999mines | 2026-05-11 17:29:25.956885
1486526399144787999minerals check | 2026-05-11 17:30:13.647541
shadewalker09771 prompted a random meme | 2026-05-11 17:30:58.410628
shadewalker09771 prompted a random meme | 2026-05-11 17:31:18.940932
shadewalker09771 prompted a random meme | 2026-05-11 17:31:22.323016
shadewalker09771 prompted a random meme | 2026-05-11 17:31:58.109730
shadewalker09771 prompted a random meme | 2026-05-11 17:32:05.061601
1502061063368343733loves money | 2026-05-11 17:34:05.888435
1486526399144787999loves money | 2026-05-11 17:34:16.819148
977377574789472278mines | 2026-05-11 17:57:27.267138
977377574789472278mines | 2026-05-11 17:57:31.065272
977377574789472278mines | 2026-05-11 17:57:34.415087
977377574789472278mines | 2026-05-11 17:57:37.750216
977377574789472278mines | 2026-05-11 17:57:41.515792
977377574789472278mines | 2026-05-11 17:57:49.006517
977377574789472278mines | 2026-05-11 17:57:52.430614
977377574789472278mines | 2026-05-11 17:57:57.400342
977377574789472278mines | 2026-05-11 17:58:00.618560
TURRNUT(977377574789472278)lost 400.0 TRC gambling. | 2026-05-11 18:12:57.918773
TURRNUT(977377574789472278)lost 400.0 TRC gambling. | 2026-05-11 18:13:33.197578
TURRNUT(977377574789472278)lost 400.0 TRC gambling. | 2026-05-11 18:13:43.680427
TURRNUT(977377574789472278)won 800.0 TRC gambling. | 2026-05-11 18:13:52.133322
TURRNUT(977377574789472278)lost 800.0 TRC gambling. | 2026-05-11 18:13:59.576397
TURRNUT(977377574789472278)lost 697.0 TRC gambling. | 2026-05-11 18:14:15.871339
TURRNUT(977377574789472278)won 1000.0 TRC gambling. | 2026-05-11 18:14:33.491042
TURRNUT(977377574789472278)lost 900.0 TRC gambling. | 2026-05-11 18:15:11.806727
977377574789472278loves money | 2026-05-11 18:15:16.438810
TURRNUT(977377574789472278)won 900.0 TRC gambling. | 2026-05-11 18:15:31.076888
TURRNUT(977377574789472278)lost 500.0 TRC gambling. | 2026-05-11 18:15:41.753107
TURRNUT(977377574789472278)won 2000.0 TRC gambling. | 2026-05-11 18:15:53.399174
TURRNUT(977377574789472278)lost 200.0 TRC gambling. | 2026-05-11 18:16:47.552465
TURRNUT(977377574789472278)lost 1313.0 TRC gambling. | 2026-05-11 18:17:02.080172
TURRNUT(977377574789472278)lost 999.0 TRC gambling. | 2026-05-11 18:17:09.869611
TURRNUT(977377574789472278)won 200.0 TRC gambling. | 2026-05-11 18:17:17.258631
TURRNUT(977377574789472278)lost 800.0 TRC gambling. | 2026-05-11 18:17:51.276016
TURRNUT(977377574789472278)lost 890.0 TRC gambling. | 2026-05-11 18:18:02.037259
TURRNUT(977377574789472278)won 520.0 TRC gambling. | 2026-05-11 18:18:16.009599
977377574789472278earnings check | 2026-05-11 18:18:22.618040
TURRNUT(977377574789472278)lost 1000.0 TRC gambling. | 2026-05-11 18:18:32.577346
977377574789472278tried to use something | 2026-05-11 18:18:59.870306
977377574789472278tried to use something | 2026-05-11 18:19:08.184078
977377574789472278checks on items | 2026-05-11 18:19:17.449618
977377574789472278tried to use something | 2026-05-11 18:19:30.525867
977377574789472278checks on items | 2026-05-11 18:19:43.879414
TURRNUT(977377574789472278)won 500.0 TRC gambling. | 2026-05-11 18:19:59.188365
977377574789472278checks on items | 2026-05-11 18:20:33.925280
977377574789472278tried to use something | 2026-05-11 18:20:50.913137
1486526399144787999loves money | 2026-05-11 18:26:14.716622
1502061063368343733loves money | 2026-05-11 18:28:50.416303
1486526399144787999loves money | 2026-05-11 19:06:48.363501
1486526399144787999loves money | 2026-05-11 19:47:09.663737
977377574789472278loves money | 2026-05-11 20:08:14.250820
TURRNUT(977377574789472278)lost 300.0 TRC gambling. | 2026-05-11 20:09:13.560979
TURRNUT(977377574789472278)lost 300.0 TRC gambling. | 2026-05-11 20:09:15.513994
TURRNUT(977377574789472278)lost 300.0 TRC gambling. | 2026-05-11 20:09:23.787340
TURRNUT(977377574789472278)lost 20.0 TRC gambling. | 2026-05-11 20:10:06.021742
TURRNUT(977377574789472278)lost 20.0 TRC gambling. | 2026-05-11 20:10:17.626678
TURRNUT(977377574789472278)lost 77.0 TRC gambling. | 2026-05-11 20:11:07.605267
TURRNUT(977377574789472278)lost 77.0 TRC gambling. | 2026-05-11 20:11:13.147962
TURRNUT(977377574789472278)lost 77.0 TRC gambling. | 2026-05-11 20:11:19.245226
TURRNUT(977377574789472278)lost 829.0 TRC gambling. | 2026-05-11 20:12:42.685661
TURRNUT(977377574789472278)won 829.0 TRC gambling. | 2026-05-11 20:12:45.495368
1486526399144787999loves money | 2026-05-11 20:12:48.013509
TURRNUT(977377574789472278)lost 829.0 TRC gambling. | 2026-05-11 20:12:56.866648
TURRNUT(977377574789472278)won 829.0 TRC gambling. | 2026-05-11 20:12:59.147526
1486526399144787999minerals check | 2026-05-11 20:14:54.004156
1486526399144787999checks on items | 2026-05-11 20:15:27.859496
977377574789472278wants to pay1486526399144787999 2165.0 | 2026-05-11 20:16:05.884268
1486526399144787999checks on items | 2026-05-11 20:18:01.717732
1486526399144787999checks on items | 2026-05-11 20:18:53.882012
Disorted_alex(1486526399144787999)lost 100.0 TRC gambling. | 2026-05-11 20:19:49.839367
977377574789472278wants to pay1486526399144787999 500.0 | 2026-05-11 20:21:25.496182
TURRNUT(977377574789472278)lost 600.0 TRC gambling. | 2026-05-11 20:25:47.494224
TURRNUT(977377574789472278)won 600.0 TRC gambling. | 2026-05-11 20:25:59.091036
TURRNUT(977377574789472278)lost 600.0 TRC gambling. | 2026-05-11 20:26:09.692084
TURRNUT(977377574789472278)lost 800.0 TRC gambling. | 2026-05-11 20:26:28.677952
TURRNUT(977377574789472278)won 800.0 TRC gambling. | 2026-05-11 20:26:47.905498
TURRNUT(977377574789472278)won 600.0 TRC gambling. | 2026-05-11 20:26:59.664203
TURRNUT(977377574789472278)won 600.0 TRC gambling. | 2026-05-11 20:27:08.231231
1486526399144787999wants to buy something | 2026-05-11 20:48:23.466047
1486526399144787999mines | 2026-05-11 20:49:14.593223
1486526399144787999mines | 2026-05-11 20:49:23.037984
1486526399144787999mines | 2026-05-11 20:49:26.567965
1486526399144787999mines | 2026-05-11 20:49:29.735155
1486526399144787999mines | 2026-05-11 20:49:33.845037
1486526399144787999mines | 2026-05-11 20:49:39.795433
1486526399144787999mines | 2026-05-11 20:49:42.945497
1486526399144787999mines | 2026-05-11 20:49:46.207019
1486526399144787999mines | 2026-05-11 20:49:49.189958
1486526399144787999mines | 2026-05-11 20:49:51.810220
1486526399144787999mines | 2026-05-11 20:50:34.515060
1486526399144787999mines | 2026-05-11 20:50:38.041392
1486526399144787999mines | 2026-05-11 20:50:42.334411
1486526399144787999mines | 2026-05-11 20:50:46.227068
1486526399144787999mines | 2026-05-11 20:50:50.089369
1486526399144787999mines | 2026-05-11 20:50:53.568918
1486526399144787999mines | 2026-05-11 20:50:58.394814
1486526399144787999mines | 2026-05-11 20:51:06.562347
1486526399144787999mines | 2026-05-11 20:51:11.318873
1486526399144787999mines | 2026-05-11 20:51:14.673163
1486526399144787999mines | 2026-05-11 20:51:39.434600
1486526399144787999mines | 2026-05-11 20:51:42.894778
1486526399144787999mines | 2026-05-11 20:51:46.441445
1486526399144787999mines | 2026-05-11 20:51:49.760451
1486526399144787999mines | 2026-05-11 20:51:53.204123
1486526399144787999mines | 2026-05-11 20:51:56.182118
1486526399144787999mines | 2026-05-11 20:52:02.103202
1486526399144787999minerals check | 2026-05-11 20:52:10.572332
disorted_alex prompted a random meme | 2026-05-11 20:53:26.819455
turrnut prompted a random meme | 2026-05-11 20:55:05.941460
turrnut prompted a random meme | 2026-05-11 20:55:10.381745
turrnut prompted a random meme | 2026-05-11 20:55:14.321443
turrnut prompted a random meme | 2026-05-11 20:55:21.257146
disorted_alex prompted a random meme | 2026-05-11 20:55:36.032156
1486526399144787999loves money | 2026-05-11 20:55:51.222640
1486526399144787999tried to use something | 2026-05-11 21:00:10.153533
1486526399144787999tried to use something | 2026-05-11 21:01:26.848935
1486526399144787999minerals check | 2026-05-11 21:01:36.432044
1486526399144787999checks on items | 2026-05-11 21:02:23.450774
1486526399144787999loves money | 2026-05-12 06:51:25.946634
1486526399144787999loves money | 2026-05-12 07:16:24.964759
1486526399144787999loves money | 2026-05-12 07:29:04.808549
1486526399144787999loves money | 2026-05-12 12:08:34.367557
1486526399144787999mines | 2026-05-12 12:08:46.011820
1486526399144787999loves money | 2026-05-12 12:52:39.597131
977377574789472278loves money | 2026-05-12 15:44:34.588092
977377574789472278minerals check | 2026-05-12 15:44:52.974039
1486526399144787999loves money | 2026-05-12 15:45:15.111416
977377574789472278checks on items | 2026-05-12 15:46:00.909331
977377574789472278wants to pay1486526399144787999 305.0 | 2026-05-12 15:46:32.886494
1486526399144787999wants to buy something | 2026-05-12 15:48:01.393964
977377574789472278minerals check | 2026-05-12 15:49:40.990684
1486526399144787999minerals check | 2026-05-12 15:50:10.423165
1486526399144787999mines | 2026-05-12 15:51:40.775067
1486526399144787999mines | 2026-05-12 15:51:42.693865
1486526399144787999mines | 2026-05-12 15:51:44.206113
1486526399144787999mines | 2026-05-12 15:51:46.600663
1486526399144787999mines | 2026-05-12 15:51:49.022334
1486526399144787999mines | 2026-05-12 15:51:51.593924
1486526399144787999mines | 2026-05-12 15:51:54.003125
1486526399144787999mines | 2026-05-12 15:51:56.377111
1486526399144787999mines | 2026-05-12 15:51:58.785438
1486526399144787999mines | 2026-05-12 15:52:06.135442
977377574789472278mines | 2026-05-12 15:52:11.349912
1486526399144787999mines | 2026-05-12 15:52:13.895526
1486526399144787999mines | 2026-05-12 15:52:16.324286
977377574789472278mines | 2026-05-12 15:52:16.460476
1486526399144787999mines | 2026-05-12 15:52:27.773484
1486526399144787999mines | 2026-05-12 15:52:36.328220
1486526399144787999mines | 2026-05-12 15:52:40.006007
1486526399144787999mines | 2026-05-12 15:52:42.421357
1486526399144787999mines | 2026-05-12 15:52:44.651178
977377574789472278earnings check | 2026-05-12 15:52:45.951688
1486526399144787999mines | 2026-05-12 15:52:52.548381
1486526399144787999mines | 2026-05-12 15:52:54.163958
TURRNUT(977377574789472278)lost 200.0 TRC gambling. | 2026-05-12 15:52:59.758914
1486526399144787999mines | 2026-05-12 15:53:01.069678
1486526399144787999mines | 2026-05-12 15:53:03.453656
1486526399144787999mines | 2026-05-12 15:53:05.968432
1486526399144787999mines | 2026-05-12 15:53:09.502985
TURRNUT(977377574789472278)won 50.0 TRC gambling. | 2026-05-12 15:53:11.141076
1486526399144787999mines | 2026-05-12 15:53:12.020062
1486526399144787999mines | 2026-05-12 15:53:14.084902
1486526399144787999mines | 2026-05-12 15:53:15.888092
1486526399144787999mines | 2026-05-12 15:53:17.798486
1486526399144787999mines | 2026-05-12 15:53:20.468933
1486526399144787999mines | 2026-05-12 15:53:23.078298
TURRNUT(977377574789472278)lost 400.0 TRC gambling. | 2026-05-12 15:53:23.880438
1486526399144787999mines | 2026-05-12 15:53:25.674927
1486526399144787999mines | 2026-05-12 15:53:28.220459
1486526399144787999mines | 2026-05-12 15:53:33.481777
TURRNUT(977377574789472278)lost 900.0 TRC gambling. | 2026-05-12 15:53:35.302747
1486526399144787999mines | 2026-05-12 15:53:37.316040
1486526399144787999mines | 2026-05-12 15:53:37.597450
1486526399144787999mines | 2026-05-12 15:53:40.135490
TURRNUT(977377574789472278)won 5000.0 TRC gambling. | 2026-05-12 15:53:42.815255
1486526399144787999mines | 2026-05-12 15:53:44.938106
1486526399144787999mines | 2026-05-12 15:53:45.475997
1486526399144787999mines | 2026-05-12 15:53:47.422557
1486526399144787999mines | 2026-05-12 15:53:50.167403
1486526399144787999mines | 2026-05-12 15:53:53.079447
1486526399144787999mines | 2026-05-12 15:53:55.500212
1486526399144787999mines | 2026-05-12 15:53:57.938788
1486526399144787999mines | 2026-05-12 15:54:00.321684
977377574789472278checks on items | 2026-05-12 15:54:02.710042
1486526399144787999mines | 2026-05-12 15:54:02.916869
1486526399144787999mines | 2026-05-12 15:54:05.241860
1486526399144787999mines | 2026-05-12 15:54:07.635603
1486526399144787999mines | 2026-05-12 15:54:10.091207
977377574789472278tried to use something | 2026-05-12 15:54:10.176028
1486526399144787999mines | 2026-05-12 15:54:12.668778
1486526399144787999mines | 2026-05-12 15:54:17.561209
1486526399144787999mines | 2026-05-12 15:54:20.252549
1486526399144787999mines | 2026-05-12 15:54:22.430817
1486526399144787999mines | 2026-05-12 15:54:24.474106
1486526399144787999mines | 2026-05-12 15:54:26.390592
1486526399144787999mines | 2026-05-12 15:54:28.510702
1486526399144787999mines | 2026-05-12 15:54:32.326084
977377574789472278minerals check | 2026-05-12 15:54:33.577635
1486526399144787999mines | 2026-05-12 15:54:33.858697
1486526399144787999mines | 2026-05-12 15:54:36.208498
1486526399144787999mines | 2026-05-12 15:54:47.464791
1486526399144787999mines | 2026-05-12 15:54:47.711858
1486526399144787999mines | 2026-05-12 15:54:51.069634
1486526399144787999mines | 2026-05-12 15:54:52.597205
1486526399144787999mines | 2026-05-12 15:55:01.182800
1486526399144787999mines | 2026-05-12 15:55:02.862067
1486526399144787999mines | 2026-05-12 15:55:04.948923
1486526399144787999mines | 2026-05-12 15:55:07.332687
977377574789472278tried to use something | 2026-05-12 15:55:07.609037
1486526399144787999mines | 2026-05-12 15:55:09.102182
1486526399144787999mines | 2026-05-12 15:55:11.938866
1486526399144787999mines | 2026-05-12 15:55:14.157828
TURRNUT(977377574789472278)lost 90.0 TRC gambling. | 2026-05-12 15:55:17.694824
1486526399144787999loves money | 2026-05-12 15:55:20.021758
1486526399144787999mines | 2026-05-12 15:55:23.076016
1486526399144787999mines | 2026-05-12 15:55:28.970129
1486526399144787999mines | 2026-05-12 15:55:30.581239
1486526399144787999mines | 2026-05-12 15:55:32.904707
1486526399144787999mines | 2026-05-12 15:55:35.558596
1486526399144787999mines | 2026-05-12 15:55:37.806533
1486526399144787999mines | 2026-05-12 15:55:40.434116
1486526399144787999mines | 2026-05-12 15:55:48.510067
1486526399144787999mines | 2026-05-12 15:55:52.166595
1486526399144787999mines | 2026-05-12 15:55:54.814392
1486526399144787999mines | 2026-05-12 15:55:57.158949
1486526399144787999mines | 2026-05-12 15:55:59.684831
1486526399144787999mines | 2026-05-12 15:56:02.766937
1486526399144787999mines | 2026-05-12 15:56:03.038482
1486526399144787999mines | 2026-05-12 15:56:04.922354
1486526399144787999mines | 2026-05-12 15:56:07.372930
1486526399144787999mines | 2026-05-12 15:56:10.751201
1486526399144787999mines | 2026-05-12 15:56:13.321612
1486526399144787999mines | 2026-05-12 15:56:15.410350
1486526399144787999mines | 2026-05-12 15:56:18.737267
1486526399144787999mines | 2026-05-12 15:56:22.425256
1486526399144787999mines | 2026-05-12 15:56:24.512654
1486526399144787999mines | 2026-05-12 15:56:26.061848
1486526399144787999mines | 2026-05-12 15:56:28.458612
1486526399144787999mines | 2026-05-12 15:56:31.202704
1486526399144787999mines | 2026-05-12 15:56:32.989426
1486526399144787999mines | 2026-05-12 15:56:35.746597
1486526399144787999mines | 2026-05-12 15:56:38.350581
turrnut prompted a random compliment | 2026-05-12 15:56:38.779732
turrnut prompted a random compliment | 2026-05-12 15:56:46.739473
turrnut prompted a random compliment | 2026-05-12 15:56:50.871678
1486526399144787999mines | 2026-05-12 16:04:49.162274
1486526399144787999mines | 2026-05-12 16:04:57.597044
1486526399144787999mines | 2026-05-12 16:05:01.360861
1486526399144787999mines | 2026-05-12 16:05:04.057030
1486526399144787999mines | 2026-05-12 16:05:06.730503
1486526399144787999mines | 2026-05-12 16:05:09.690893
1486526399144787999mines | 2026-05-12 16:05:12.553202
1486526399144787999mines | 2026-05-12 16:05:15.657390
1486526399144787999mines | 2026-05-12 16:05:18.460372
1486526399144787999mines | 2026-05-12 16:05:25.958055
1486526399144787999mines | 2026-05-12 16:05:31.936890
1486526399144787999mines | 2026-05-12 16:05:34.788800
1486526399144787999mines | 2026-05-12 16:05:37.231893
1486526399144787999mines | 2026-05-12 16:05:40.236758
1486526399144787999mines | 2026-05-12 16:05:45.632507
1486526399144787999mines | 2026-05-12 16:05:49.285636
1486526399144787999mines | 2026-05-12 16:05:52.369997
1486526399144787999mines | 2026-05-12 16:05:56.192444
1486526399144787999mines | 2026-05-12 16:05:58.836067
1486526399144787999mines | 2026-05-12 16:06:02.037545
1486526399144787999mines | 2026-05-12 16:06:04.205837
1486526399144787999mines | 2026-05-12 16:06:06.281718
1486526399144787999mines | 2026-05-12 16:06:09.263854
1486526399144787999mines | 2026-05-12 16:06:12.437490
1486526399144787999mines | 2026-05-12 16:06:14.920181
1486526399144787999mines | 2026-05-12 16:10:18.728274
1486526399144787999mines | 2026-05-12 16:10:22.575686
1486526399144787999mines | 2026-05-12 16:10:25.373527
1486526399144787999mines | 2026-05-12 16:10:27.604875
1486526399144787999mines | 2026-05-12 16:10:30.351304
1486526399144787999mines | 2026-05-12 16:10:32.159973
1486526399144787999mines | 2026-05-12 16:10:34.446842
1486526399144787999mines | 2026-05-12 16:10:41.902363
1486526399144787999mines | 2026-05-12 16:10:45.369733
1486526399144787999loves money | 2026-05-12 17:49:11.251464
1486526399144787999loves money | 2026-05-12 18:57:48.236260
1486526399144787999minerals check | 2026-05-12 18:58:01.606802
1486526399144787999checks on items | 2026-05-12 18:58:23.983596
1486526399144787999mines | 2026-05-12 19:01:52.632034
1486526399144787999mines | 2026-05-12 19:02:18.194066
1486526399144787999mines | 2026-05-12 19:02:21.355453
1486526399144787999mines | 2026-05-12 19:02:23.123744
1486526399144787999mines | 2026-05-12 19:02:25.914982
977377574789472278mines | 2026-05-12 19:02:26.368502
1486526399144787999mines | 2026-05-12 19:02:27.303719
977377574789472278mines | 2026-05-12 19:02:29.125851
1486526399144787999mines | 2026-05-12 19:02:29.435569
1486526399144787999mines | 2026-05-12 19:02:32.434066
1486526399144787999mines | 2026-05-12 19:02:33.986458
977377574789472278mines | 2026-05-12 19:02:35.173480
977377574789472278mines | 2026-05-12 19:02:35.945317
1486526399144787999mines | 2026-05-12 19:02:37.155857
977377574789472278mines | 2026-05-12 19:02:38.671700
977377574789472278mines | 2026-05-12 19:02:41.255494
977377574789472278mines | 2026-05-12 19:02:43.714798
977377574789472278mines | 2026-05-12 19:02:46.104231
1486526399144787999mines | 2026-05-12 19:02:46.775449
977377574789472278mines | 2026-05-12 19:02:48.422493
1486526399144787999mines | 2026-05-12 19:02:48.614810
1486526399144787999mines | 2026-05-12 19:02:50.170431
977377574789472278mines | 2026-05-12 19:02:50.776905
1486526399144787999mines | 2026-05-12 19:02:52.650812
1486526399144787999mines | 2026-05-12 19:02:55.333757
977377574789472278mines | 2026-05-12 19:02:56.166316
1486526399144787999mines | 2026-05-12 19:02:57.393944
977377574789472278mines | 2026-05-12 19:02:58.027269
977377574789472278mines | 2026-05-12 19:02:59.660790
977377574789472278mines | 2026-05-12 19:03:02.366156
1486526399144787999mines | 2026-05-12 19:03:02.514339
1486526399144787999mines | 2026-05-12 19:03:03.225293
977377574789472278mines | 2026-05-12 19:03:04.332344
1486526399144787999mines | 2026-05-12 19:03:05.499051
977377574789472278mines | 2026-05-12 19:03:07.302768
1486526399144787999mines | 2026-05-12 19:03:07.773952
977377574789472278mines | 2026-05-12 19:03:08.712024
1486526399144787999mines | 2026-05-12 19:03:09.356514
1486526399144787999mines | 2026-05-12 19:03:11.998708
977377574789472278mines | 2026-05-12 19:03:12.238878
1486526399144787999mines | 2026-05-12 19:03:14.697618
977377574789472278mines | 2026-05-12 19:03:14.975165
977377574789472278mines | 2026-05-12 19:03:16.830441
1486526399144787999mines | 2026-05-12 19:03:17.355875
977377574789472278mines | 2026-05-12 19:03:19.361744
1486526399144787999mines | 2026-05-12 19:03:19.900028
977377574789472278mines | 2026-05-12 19:03:21.780869
1486526399144787999mines | 2026-05-12 19:03:22.192573
977377574789472278mines | 2026-05-12 19:03:24.310161
1486526399144787999mines | 2026-05-12 19:03:24.554606
977377574789472278mines | 2026-05-12 19:03:26.771641
977377574789472278mines | 2026-05-12 19:03:30.504499
977377574789472278mines | 2026-05-12 19:03:33.190754
977377574789472278mines | 2026-05-12 19:03:34.917727
977377574789472278mines | 2026-05-12 19:03:36.384353
1486526399144787999checks on items | 2026-05-12 19:03:38.172410
977377574789472278mines | 2026-05-12 19:03:38.998564
977377574789472278mines | 2026-05-12 19:03:41.625448
1486526399144787999mines | 2026-05-12 19:03:41.734834
1486526399144787999mines | 2026-05-12 19:03:44.391484
977377574789472278mines | 2026-05-12 19:03:44.824689
1486526399144787999mines | 2026-05-12 19:03:46.677534
1486526399144787999mines | 2026-05-12 19:03:48.613933
1486526399144787999mines | 2026-05-12 19:03:50.268617
977377574789472278checks on items | 2026-05-12 19:03:51.229378
1486526399144787999mines | 2026-05-12 19:03:51.882110
977377574789472278mines | 2026-05-12 19:03:54.005368
977377574789472278mines | 2026-05-12 19:03:55.336827
1486526399144787999mines | 2026-05-12 19:03:55.549257
977377574789472278mines | 2026-05-12 19:03:56.646593
1486526399144787999mines | 2026-05-12 19:03:57.146966
977377574789472278mines | 2026-05-12 19:03:59.412137
1486526399144787999mines | 2026-05-12 19:03:59.487801
977377574789472278mines | 2026-05-12 19:04:01.944179
1486526399144787999mines | 2026-05-12 19:04:02.784176
977377574789472278mines | 2026-05-12 19:04:04.369706
1486526399144787999mines | 2026-05-12 19:04:05.118444
977377574789472278mines | 2026-05-12 19:04:06.662990
1486526399144787999mines | 2026-05-12 19:04:07.403294
977377574789472278mines | 2026-05-12 19:04:09.343687
1486526399144787999mines | 2026-05-12 19:04:09.773518
977377574789472278mines | 2026-05-12 19:04:12.214324
1486526399144787999mines | 2026-05-12 19:04:12.754875
977377574789472278mines | 2026-05-12 19:04:14.646904
1486526399144787999mines | 2026-05-12 19:04:15.077352
977377574789472278mines | 2026-05-12 19:04:17.044621
1486526399144787999mines | 2026-05-12 19:04:17.321513
977377574789472278mines | 2026-05-12 19:04:19.979185
1486526399144787999mines | 2026-05-12 19:04:19.993728
1486526399144787999mines | 2026-05-12 19:04:22.358844
977377574789472278mines | 2026-05-12 19:04:22.721076
1486526399144787999mines | 2026-05-12 19:04:24.755981
1486526399144787999mines | 2026-05-12 19:04:27.774842
1486526399144787999mines | 2026-05-12 19:04:32.077972
1486526399144787999mines | 2026-05-12 19:04:33.734640
977377574789472278minerals check | 2026-05-12 19:04:34.194276
1486526399144787999mines | 2026-05-12 19:04:35.523559
1486526399144787999mines | 2026-05-12 19:04:43.188268
1486526399144787999mines | 2026-05-12 19:04:45.819345
1486526399144787999mines | 2026-05-12 19:04:49.790749
1486526399144787999mines | 2026-05-12 19:04:51.480649
1486526399144787999mines | 2026-05-12 19:04:53.052624
1486526399144787999mines | 2026-05-12 19:04:55.214007
977377574789472278wants to buy something | 2026-05-12 19:04:55.327896
1486526399144787999mines | 2026-05-12 19:04:57.717834
977377574789472278mines | 2026-05-12 19:04:59.094729
977377574789472278mines | 2026-05-12 19:05:00.402113
1486526399144787999mines | 2026-05-12 19:05:00.601059
977377574789472278mines | 2026-05-12 19:05:01.831909
1486526399144787999mines | 2026-05-12 19:05:03.363500
977377574789472278mines | 2026-05-12 19:05:04.624549
1486526399144787999mines | 2026-05-12 19:05:05.764672
977377574789472278mines | 2026-05-12 19:05:06.908158
1486526399144787999mines | 2026-05-12 19:05:08.081646
977377574789472278mines | 2026-05-12 19:05:09.081716
1486526399144787999mines | 2026-05-12 19:05:10.478774
977377574789472278mines | 2026-05-12 19:05:11.581826
1486526399144787999mines | 2026-05-12 19:05:12.788162
977377574789472278mines | 2026-05-12 19:05:14.620123
1486526399144787999mines | 2026-05-12 19:05:15.148742
1486526399144787999mines | 2026-05-12 19:05:17.475126
1486526399144787999mines | 2026-05-12 19:05:20.224705
1486526399144787999mines | 2026-05-12 19:05:23.132992
1486526399144787999mines | 2026-05-12 19:05:25.415673
1486526399144787999mines | 2026-05-12 19:05:27.745991
1486526399144787999mines | 2026-05-12 19:05:30.367864
1486526399144787999mines | 2026-05-12 19:05:32.863750
1486526399144787999mines | 2026-05-12 19:05:35.687919
1486526399144787999mines | 2026-05-12 19:05:37.968156
1486526399144787999mines | 2026-05-12 19:05:40.383114
1486526399144787999mines | 2026-05-12 19:05:42.670571
977377574789472278mines | 2026-05-12 19:05:43.755161
977377574789472278mines | 2026-05-12 19:05:44.609628
1486526399144787999mines | 2026-05-12 19:05:45.713265
977377574789472278mines | 2026-05-12 19:05:47.265422
1486526399144787999mines | 2026-05-12 19:05:47.969067
977377574789472278mines | 2026-05-12 19:05:48.922411
1486526399144787999mines | 2026-05-12 19:05:50.363773
977377574789472278mines | 2026-05-12 19:05:51.369854
1486526399144787999mines | 2026-05-12 19:05:53.784966
977377574789472278mines | 2026-05-12 19:05:54.087958
1486526399144787999mines | 2026-05-12 19:05:55.672803
977377574789472278mines | 2026-05-12 19:05:56.676912
1486526399144787999mines | 2026-05-12 19:05:57.975174
977377574789472278mines | 2026-05-12 19:05:59.059664
1486526399144787999mines | 2026-05-12 19:06:00.418675
977377574789472278mines | 2026-05-12 19:06:01.453637
1486526399144787999mines | 2026-05-12 19:06:13.808646
1486526399144787999mines | 2026-05-12 19:06:15.633696
1486526399144787999mines | 2026-05-12 19:06:16.981793
1486526399144787999mines | 2026-05-12 19:06:19.913089
1486526399144787999mines | 2026-05-12 19:06:21.945700
1486526399144787999mines | 2026-05-12 19:06:24.404667
1486526399144787999mines | 2026-05-12 19:06:27.343260
1486526399144787999mines | 2026-05-12 19:06:30.167880
1486526399144787999mines | 2026-05-12 19:06:45.328346
1486526399144787999mines | 2026-05-12 19:06:47.873236
1486526399144787999minerals check | 2026-05-12 19:06:52.150794
1486526399144787999mines | 2026-05-12 19:06:55.863718
1486526399144787999mines | 2026-05-12 19:06:57.716568
1486526399144787999mines | 2026-05-12 19:06:59.369568
1486526399144787999mines | 2026-05-12 19:07:01.095856
1486526399144787999mines | 2026-05-12 19:07:06.212313
1486526399144787999minerals check | 2026-05-12 19:07:20.540871
1486526399144787999loves money | 2026-05-13 12:08:01.962250
977377574789472278loves money | 2026-05-13 12:08:09.226449
977377574789472278checks on items | 2026-05-13 12:08:38.845175
1486526399144787999minerals check | 2026-05-13 12:08:41.051631
977377574789472278wants to pay1486526399144787999 370.0 | 2026-05-13 12:08:54.965845
1486526399144787999minerals check | 2026-05-13 12:11:18.004656
1486526399144787999loves money | 2026-05-13 12:21:32.963461
1486526399144787999mines | 2026-05-13 12:22:20.519500
1486526399144787999loves money | 2026-05-13 15:14:24.884536
1486526399144787999loves money | 2026-05-13 16:11:44.809964
977377574789472278loves money | 2026-05-13 17:04:31.147064
1486526399144787999loves money | 2026-05-13 18:19:09.106686
1486526399144787999loves money | 2026-05-13 19:02:27.986677
1486526399144787999wants to buy something | 2026-05-13 19:02:39.257909
1486526399144787999tried to use something | 2026-05-13 19:02:54.810876
1486526399144787999wants to buy something | 2026-05-13 19:04:00.186063
1486526399144787999tried to use something | 2026-05-13 19:04:11.570900
1486526399144787999mines | 2026-05-13 19:04:32.882482
1486526399144787999mines | 2026-05-13 19:04:36.771902
1486526399144787999mines | 2026-05-13 19:04:39.455572
1486526399144787999mines | 2026-05-13 19:04:41.324295
1486526399144787999mines | 2026-05-13 19:04:44.869168
1486526399144787999mines | 2026-05-13 19:04:48.944104
1486526399144787999minerals check | 2026-05-13 19:05:27.113064
1486526399144787999tried to use something | 2026-05-13 19:05:51.455674
783554615605329970mines | 2026-05-13 19:10:40.241264
783554615605329970mines | 2026-05-13 19:10:53.838886
783554615605329970wants to buy something | 2026-05-13 19:11:17.934906
783554615605329970mines | 2026-05-13 19:11:25.951227
1486526399144787999loves money | 2026-05-13 19:17:17.043007
1486526399144787999loves money | 2026-05-13 20:56:11.125501
1486526399144787999loves money | 2026-05-14 16:40:26.710734
1486526399144787999loves money | 2026-05-14 16:58:29.328868
783554615605329970loves money | 2026-05-14 17:01:02.570165
1486526399144787999wants to pay783554615605329970 112.0 | 2026-05-14 17:02:32.904287
1486526399144787999loves money | 2026-05-14 19:02:19.979650
1486526399144787999loves money | 2026-05-14 20:07:11.107287
1486526399144787999loves money | 2026-05-15 07:12:45.047313
977377574789472278loves money | 2026-05-15 07:48:35.409130
1486526399144787999loves money | 2026-05-15 10:21:59.683946
1486526399144787999loves money | 2026-05-15 11:28:37.884823
1486526399144787999loves money | 2026-05-15 12:19:44.235479
1502061063368343733loves money | 2026-05-15 18:35:23.019039
1486526399144787999loves money | 2026-05-15 18:42:17.387816
1486526399144787999loves money | 2026-05-15 19:22:38.449407
TURRNUT(977377574789472278)won 10.0 TRC gambling. | 2026-05-15 19:26:44.433769
1486526399144787999loves money | 2026-05-16 07:16:32.114856
1486526399144787999loves money | 2026-05-16 07:48:34.748762
1486526399144787999loves money | 2026-05-16 08:19:16.813229
1486526399144787999loves money | 2026-05-16 09:51:03.805539
1486526399144787999mines | 2026-05-16 09:51:24.407992
1321897497991446568loves money | 2026-05-16 09:53:50.402260
disorted_alex prompted a random meme | 2026-05-16 10:03:47.430145
1486526399144787999mines | 2026-05-16 10:41:16.729219
1486526399144787999mines | 2026-05-16 10:41:20.278860
1486526399144787999mines | 2026-05-16 10:41:22.295866
1486526399144787999mines | 2026-05-16 10:41:24.911542
1486526399144787999mines | 2026-05-16 10:41:27.217145
1486526399144787999mines | 2026-05-16 10:41:31.518445
1486526399144787999loves money | 2026-05-16 11:07:23.100160
977377574789472278loves money | 2026-05-16 11:58:02.216593
1321897497991446568loves money | 2026-05-16 11:59:48.066452
neon_anonymous prompted a random meme | 2026-05-16 11:59:50.704930
neon_anonymous prompted a random meme | 2026-05-16 11:59:54.308236
neon_anonymous prompted a random meme | 2026-05-16 11:59:55.038747
neon_anonymous prompted a random meme | 2026-05-16 11:59:58.450816
neon_anonymous prompted a random meme | 2026-05-16 12:00:00.970047
neon_anonymous prompted a random meme | 2026-05-16 12:00:05.009193
neon_anonymous prompted a random meme | 2026-05-16 12:00:07.399619
neon_anonymous prompted a random meme | 2026-05-16 12:00:10.620131
neon_anonymous prompted a random meme | 2026-05-16 12:00:13.284546
neon_anonymous prompted a random meme | 2026-05-16 12:00:15.469751
neon_anonymous prompted a random meme | 2026-05-16 12:00:17.737493
neon_anonymous prompted a random meme | 2026-05-16 12:00:20.165246
neon_anonymous prompted a random meme | 2026-05-16 12:00:22.408270
neon_anonymous prompted a random meme | 2026-05-16 12:00:25.518001
neon_anonymous prompted a random meme | 2026-05-16 12:00:27.935330
neon_anonymous prompted a random meme | 2026-05-16 12:00:30.303026
neon_anonymous prompted a random meme | 2026-05-16 12:00:32.476369
1486526399144787999loves money | 2026-05-16 13:13:57.067185
1321897497991446568loves money | 2026-05-17 00:40:19.320386
1502061063368343733loves money | 2026-05-22 07:29:22.871332
977377574789472278loves money | 2026-05-22 08:01:29.799389
977377574789472278mines | 2026-05-22 08:01:31.415491
turrnut prompted a random meme | 2026-05-22 16:14:59.147163
turrnut prompted a random meme | 2026-05-22 16:15:01.680728
1486526399144787999loves money | 2026-05-23 09:33:43.076796
1321897497991446568loves money | 2026-05-24 12:17:49.301825
1502061063368343733loves money | 2026-05-25 17:43:47.773430
1321897497991446568loves money | 2026-06-04 00:43:20.399810
977377574789472278wants to pay1486526399144787999 40.0 | 2026-06-06 21:48:50.996945
1321897497991446568loves money | 2026-06-06 22:55:59.056180
1486526399144787999wants to pay977377574789472278 5.0 | 2026-06-07 06:28:47.537593
1486526399144787999loves money | 2026-06-07 13:31:46.486117
1486526399144787999loves money | 2026-06-07 16:10:34.648141
1486526399144787999loves money | 2026-06-07 18:55:46.714519
1486526399144787999loves money | 2026-06-09 18:51:10.491538
977377574789472278loves money | 2026-06-09 22:56:18.075363
977377574789472278mines | 2026-06-09 22:56:19.892363
977377574789472278mines | 2026-06-09 22:56:21.967736
977377574789472278mines | 2026-06-09 22:56:24.640274
1486526399144787999loves money | 2026-06-10 20:17:10.572064
1486526399144787999loves money | 2026-06-13 18:50:34.887996
977377574789472278loves money | 2026-06-13 18:52:58.602618
977377574789472278mines | 2026-06-13 18:53:03.420009
1486526399144787999loves money | 2026-06-13 20:02:14.066729
1486526399144787999loves money | 2026-06-13 20:37:22.240735
1486526399144787999mines | 2026-06-13 20:38:07.099146
1486526399144787999mines | 2026-06-13 20:38:11.012820
1486526399144787999mines | 2026-06-13 20:38:13.113130
1486526399144787999mines | 2026-06-13 20:38:16.058817
1486526399144787999minerals check | 2026-06-13 20:38:19.819698
1321897497991446568loves money | 2026-06-14 00:52:01.135246
1321897497991446568minerals check | 2026-06-14 00:52:05.490015
1321897497991446568mines | 2026-06-14 00:52:12.686245
1321897497991446568mines | 2026-06-14 00:52:14.471499
1321897497991446568mines | 2026-06-14 00:52:15.016180
1321897497991446568mines | 2026-06-14 00:52:18.190641
1321897497991446568mines | 2026-06-14 00:54:42.797275
1486526399144787999loves money | 2026-06-14 06:27:52.808373
1486526399144787999loves money | 2026-06-14 07:22:19.718131
1486526399144787999loves money | 2026-06-14 09:06:01.976359
1486526399144787999loves money | 2026-06-14 10:34:43.962520
1321897497991446568loves money | 2026-06-14 11:05:10.782536
1486526399144787999wants to buy something | 2026-06-14 12:36:02.591920
1486526399144787999loves money | 2026-06-14 12:36:22.436131
1486526399144787999wants to buy something | 2026-06-14 12:36:47.714068
1486526399144787999loves money | 2026-06-14 13:07:47.140915
977377574789472278loves money | 2026-06-14 13:09:40.833811
1486526399144787999loves money | 2026-06-14 13:51:00.874113
1448508243554074674loves money | 2026-06-15 09:27:56.467556
1486526399144787999loves money | 2026-06-15 09:28:29.051385
1448508243554074674wants to pay1486526399144787999 5.0 | 2026-06-15 09:29:26.383776
1486526399144787999mines | 2026-06-15 09:29:30.139359
1486526399144787999mines | 2026-06-15 09:29:53.329518
1448508243554074674mines | 2026-06-15 09:29:53.891085
1486526399144787999mines | 2026-06-15 09:29:55.725394
1486526399144787999mines | 2026-06-15 09:29:57.962565
1486526399144787999mines | 2026-06-15 09:30:02.502924
1486526399144787999mines | 2026-06-15 09:30:05.163530
1448508243554074674mines | 2026-06-15 09:30:06.563252
1486526399144787999mines | 2026-06-15 09:30:07.463128
1486526399144787999mines | 2026-06-15 09:30:09.670616
1486526399144787999mines | 2026-06-15 09:30:13.749018
1448508243554074674mines | 2026-06-15 09:30:14.552590
1486526399144787999mines | 2026-06-15 09:30:16.426277
1486526399144787999mines | 2026-06-15 09:30:19.286949
1486526399144787999mines | 2026-06-15 09:30:21.399532
1448508243554074674mines | 2026-06-15 09:30:23.561283
1486526399144787999mines | 2026-06-15 09:30:23.903627
1486526399144787999mines | 2026-06-15 09:30:26.554079
1448508243554074674mines | 2026-06-15 09:30:29.003128
1486526399144787999mines | 2026-06-15 09:30:29.301172
1448508243554074674wants to buy something | 2026-06-15 09:30:45.470697
1486526399144787999minerals check | 2026-06-15 09:31:05.169654
1448508243554074674minerals check | 2026-06-15 09:31:08.314912
1486526399144787999mines | 2026-06-15 09:31:47.059312
1486526399144787999mines | 2026-06-15 09:31:50.691140
1486526399144787999mines | 2026-06-15 09:31:53.323475
1486526399144787999mines | 2026-06-15 09:31:56.139313
1486526399144787999mines | 2026-06-15 09:32:17.226984
1486526399144787999mines | 2026-06-15 09:32:19.680658
1486526399144787999mines | 2026-06-15 09:32:21.154406
1486526399144787999mines | 2026-06-15 09:32:23.752763
1486526399144787999mines | 2026-06-15 09:32:26.038264
1486526399144787999checks on items | 2026-06-15 09:32:34.077797
1486526399144787999mines | 2026-06-15 09:32:38.169798
1486526399144787999mines | 2026-06-15 09:32:40.807674
1486526399144787999mines | 2026-06-15 09:32:42.921122
1409683367296897128loves money | 2026-06-17 14:18:32.579361
turrnut prompted a random meme | 2026-06-17 14:20:16.255187
skividishimav2 prompted a random meme | 2026-06-17 14:20:31.883999
skividishimav2 prompted a random meme | 2026-06-17 14:26:55.994777
skividishimav2 prompted a random meme | 2026-06-17 14:27:06.243479
skividishimav2 prompted a random meme | 2026-06-17 14:27:08.521751
skividishimav2 prompted a random meme | 2026-06-17 14:27:10.655712
skividishimav2 prompted a random meme | 2026-06-17 14:27:12.592881
skividishimav2 prompted a random meme | 2026-06-17 14:27:15.153542
skividishimav2 prompted a random meme | 2026-06-17 14:27:16.596298
skividishimav2 prompted a random meme | 2026-06-17 14:27:20.277218
skividishimav2 prompted a random meme | 2026-06-17 14:27:22.459277
1486526399144787999loves money | 2026-06-22 17:08:41.676142
1486526399144787999wants to pay783554615605329970 40.0 | 2026-06-22 17:09:31.678944
1486526399144787999mines | 2026-06-22 17:09:40.420080
1486526399144787999mines | 2026-06-22 17:09:43.028578
1486526399144787999mines | 2026-06-22 17:09:45.252642
1486526399144787999mines | 2026-06-22 17:09:47.491736
1486526399144787999mines | 2026-06-22 17:09:49.784471
1486526399144787999mines | 2026-06-22 17:09:52.169704
1486526399144787999mines | 2026-06-22 17:09:54.358829
1486526399144787999mines | 2026-06-22 17:09:57.076468
1486526399144787999mines | 2026-06-22 17:09:59.621765
1486526399144787999mines | 2026-06-22 17:10:01.890234
1486526399144787999mines | 2026-06-22 17:10:04.075185
1486526399144787999mines | 2026-06-22 17:10:06.453957
1486526399144787999checks on items | 2026-06-22 17:14:34.857204
1486526399144787999mines | 2026-06-22 17:14:37.632885
1486526399144787999mines | 2026-06-22 17:14:40.087908
1486526399144787999mines | 2026-06-22 17:14:42.735330
Disorted_alex(1486526399144787999)lost 20.0 TRC gambling. | 2026-06-22 17:15:01.367233
977377574789472278mines | 2026-06-22 17:29:02.276608
977377574789472278mines | 2026-06-22 17:29:04.146146
977377574789472278mines | 2026-06-22 17:29:05.596267
977377574789472278loves money | 2026-06-22 17:29:08.389577
1486526399144787999loves money | 2026-06-22 17:30:50.367108
1486526399144787999minerals check | 2026-06-22 17:30:56.882214
977377574789472278checks on items | 2026-06-22 17:34:00.705187
977377574789472278wants to pay1486526399144787999 4115.0 | 2026-06-22 17:34:32.594165
1486526399144787999minerals check | 2026-06-22 17:36:21.851154
1502061063368343733minerals check | 2026-06-22 17:41:33.334618
1502061063368343733checks on items | 2026-06-22 17:41:54.561965
1486526399144787999loves money | 2026-06-23 18:19:28.891241
1486526399144787999loves money | 2026-06-23 19:15:28.669826
1486526399144787999loves money | 2026-06-24 10:50:02.160512
1486526399144787999wants to pay1519103856703967382 100.0 | 2026-06-24 12:27:22.605633
1486526399144787999loves money | 2026-06-24 12:29:04.076222
1486526399144787999loves money | 2026-06-25 10:59:14.670401
977377574789472278loves money | 2026-06-25 16:19:17.612460
1486526399144787999mines | 2026-06-25 16:55:15.117129
1486526399144787999loves money | 2026-06-25 16:55:33.608990
1486526399144787999mines | 2026-06-25 16:55:36.989689
1486526399144787999mines | 2026-06-25 16:55:40.299728
1486526399144787999mines | 2026-06-25 16:55:43.601074
1486526399144787999mines | 2026-06-25 16:55:46.889336
1486526399144787999mines | 2026-06-25 16:55:52.629440
1486526399144787999mines | 2026-06-25 16:56:39.388583
1486526399144787999mines | 2026-06-25 16:56:42.639434
1486526399144787999mines | 2026-06-25 16:56:45.376549
1486526399144787999mines | 2026-06-25 16:56:51.218969
1486526399144787999mines | 2026-06-25 16:58:38.290823
1486526399144787999mines | 2026-06-25 16:58:41.550785
1486526399144787999mines | 2026-06-25 16:58:47.976625
1486526399144787999mines | 2026-06-25 16:58:50.717149
1486526399144787999mines | 2026-06-25 16:58:53.270510
1486526399144787999mines | 2026-06-25 16:58:56.540783
1486526399144787999mines | 2026-06-25 16:59:00.332250
1486526399144787999mines | 2026-06-25 16:59:03.857840
1486526399144787999mines | 2026-06-25 16:59:07.406574
1486526399144787999mines | 2026-06-25 16:59:10.027776
1486526399144787999mines | 2026-06-25 16:59:12.915232
1486526399144787999mines | 2026-06-25 16:59:16.124664
1486526399144787999mines | 2026-06-25 16:59:18.749664
1486526399144787999wants to buy something | 2026-06-25 16:59:31.677866
1486526399144787999mines | 2026-06-25 16:59:36.849842
1486526399144787999mines | 2026-06-25 16:59:39.581776
1486526399144787999mines | 2026-06-25 16:59:41.759787
1486526399144787999loves money | 2026-06-26 11:50:42.867660
1486526399144787999loves money | 2026-06-27 11:07:16.055538
TURRNUT(977377574789472278)won 33.0 TRC gambling. | 2026-06-27 21:45:55.660407
977377574789472278earnings check | 2026-06-27 21:46:04.172922
977377574789472278loves money | 2026-06-27 21:46:14.034582
1486526399144787999loves money | 2026-07-06 06:41:44.435197
1486526399144787999mines | 2026-07-06 06:41:49.411927
1486526399144787999mines | 2026-07-06 06:41:58.527902
1486526399144787999mines | 2026-07-06 06:42:01.204891
1486526399144787999mines | 2026-07-06 06:42:03.839496
1486526399144787999mines | 2026-07-06 06:42:07.286453
1486526399144787999mines | 2026-07-06 06:42:09.643248
1486526399144787999mines | 2026-07-06 06:42:12.167773
1486526399144787999mines | 2026-07-06 06:42:14.463417
1486526399144787999mines | 2026-07-06 06:42:16.458506
1486526399144787999mines | 2026-07-06 06:42:18.237934
1486526399144787999mines | 2026-07-06 06:42:21.291182
1486526399144787999mines | 2026-07-06 06:42:23.255129
1486526399144787999mines | 2026-07-06 06:42:24.793843
1486526399144787999mines | 2026-07-06 06:42:29.456703
1486526399144787999mines | 2026-07-06 06:42:31.833217
1486526399144787999mines | 2026-07-06 06:42:36.968988
1486526399144787999mines | 2026-07-06 06:42:38.396883
1486526399144787999mines | 2026-07-06 06:42:40.041244
1486526399144787999mines | 2026-07-06 06:42:42.846215
1486526399144787999mines | 2026-07-06 06:42:44.676162
1486526399144787999mines | 2026-07-06 06:42:47.167511
1486526399144787999mines | 2026-07-06 06:42:51.549078
1486526399144787999mines | 2026-07-06 06:42:51.782158
1486526399144787999mines | 2026-07-06 06:42:56.677563
1486526399144787999mines | 2026-07-06 06:42:56.956137
1486526399144787999mines | 2026-07-06 06:43:00.534682
1486526399144787999mines | 2026-07-06 06:43:03.852891
1486526399144787999mines | 2026-07-06 06:43:04.336949
1486526399144787999mines | 2026-07-06 06:43:08.133801
1486526399144787999mines | 2026-07-06 06:43:11.148778
1486526399144787999mines | 2026-07-06 06:43:13.724428
1486526399144787999mines | 2026-07-06 06:43:16.953707
1486526399144787999mines | 2026-07-06 06:43:17.319394
1486526399144787999mines | 2026-07-06 06:43:19.733972
1486526399144787999mines | 2026-07-06 06:43:23.295630
1486526399144787999mines | 2026-07-06 06:43:26.192824
1486526399144787999mines | 2026-07-06 06:43:29.633696
1486526399144787999mines | 2026-07-06 06:43:30.138844
1486526399144787999mines | 2026-07-06 06:43:33.761773
1486526399144787999mines | 2026-07-06 06:43:35.784339
1486526399144787999mines | 2026-07-06 06:43:39.680319
1486526399144787999mines | 2026-07-06 06:43:40.101431
1486526399144787999mines | 2026-07-06 06:43:43.726803
1486526399144787999mines | 2026-07-06 06:43:47.962115
1486526399144787999mines | 2026-07-06 06:43:48.265788
1486526399144787999mines | 2026-07-06 06:43:50.957869
1486526399144787999mines | 2026-07-06 06:43:54.238853
1486526399144787999mines | 2026-07-06 06:43:57.582619
1486526399144787999mines | 2026-07-06 06:47:08.173458
1486526399144787999mines | 2026-07-06 06:47:09.651812
1486526399144787999mines | 2026-07-06 06:47:11.895289
1486526399144787999mines | 2026-07-06 06:47:13.616212
1486526399144787999mines | 2026-07-06 06:47:15.622225
1486526399144787999mines | 2026-07-06 06:47:18.612610
1486526399144787999mines | 2026-07-06 06:47:22.622815
1486526399144787999minerals check | 2026-07-06 06:47:28.135835
1486526399144787999mines | 2026-07-06 06:47:37.851536
1486526399144787999mines | 2026-07-06 06:47:42.359470
1486526399144787999mines | 2026-07-06 06:47:43.806313
1486526399144787999mines | 2026-07-06 06:47:45.621791
1486526399144787999mines | 2026-07-06 06:47:47.734677
1486526399144787999mines | 2026-07-06 06:47:50.076394
1486526399144787999mines | 2026-07-06 06:47:53.125671
1486526399144787999mines | 2026-07-06 06:47:55.800214
977377574789472278mines | 2026-07-06 10:33:27.508163
977377574789472278mines | 2026-07-06 10:33:30.525094
977377574789472278mines | 2026-07-06 10:33:32.922488
977377574789472278mines | 2026-07-06 10:33:37.787552
1486526399144787999mines | 2026-07-06 10:40:17.113053
1486526399144787999mines | 2026-07-06 10:40:19.934019
1486526399144787999mines | 2026-07-06 13:35:33.516903
1486526399144787999mines | 2026-07-06 13:35:36.169229
1486526399144787999mines | 2026-07-06 13:35:38.447995
1486526399144787999mines | 2026-07-06 13:35:39.996919
1486526399144787999mines | 2026-07-06 13:35:41.919490
1486526399144787999mines | 2026-07-06 13:35:46.357021
1486526399144787999mines | 2026-07-06 13:35:47.093529
1486526399144787999mines | 2026-07-06 13:35:50.830459
1486526399144787999mines | 2026-07-06 13:35:52.113227
1486526399144787999mines | 2026-07-06 13:35:59.021683
1486526399144787999mines | 2026-07-06 13:36:01.252828
1486526399144787999mines | 2026-07-06 13:36:02.727377
1486526399144787999mines | 2026-07-06 13:36:06.500838
1486526399144787999mines | 2026-07-06 13:36:06.886842
1486526399144787999mines | 2026-07-06 13:36:09.700587
1486526399144787999mines | 2026-07-06 13:36:12.367904
1486526399144787999mines | 2026-07-06 13:36:17.549172
1486526399144787999mines | 2026-07-06 13:47:36.460314
1486526399144787999mines | 2026-07-06 13:47:38.317781
1486526399144787999mines | 2026-07-06 13:47:43.347163
