
turrnut#9727 says -> asdfasdfasdf | 2023-04-15 12:51:14.508277
turrnut#9727 says -> !!!SEND!!! | 2023-04-15 12:51:51.759887
the bot says to turrnut#9727 -> test | 2023-04-15 12:51:51.775514
turrnut#9727 says -> dm test | 2023-04-15 13:00:20.209554
turrnut#9727 says -> !!!send!!! | 2023-04-15 13:02:41.836708
the bot says to turrnut#9727 -> oh btw i like pizza | 2023-04-15 13:02:41.852716
turrnut#9727 says -> https://tenor.com/view/sus-pizza-among-us-among-us-meme-sussy-gif-24581549 | 2023-04-15 13:03:39.497097
turrnut#9727 says -> !!!send!!! | 2023-04-15 13:04:29.493292
the bot says to turrnut#9727 -> https://tenor.com/view/sus-pizza-among-us-among-us-meme-sussy-gif-24581549 | 2023-04-15 13:04:29.506294
the bot says to turrnut#9727 -> https://tenor.com/view/sus-pizza-among-us-among-us-meme-sussy-gif-24581549 | 2023-04-15 13:24:15.342758
the bot says to turrnut#9727 -> https://tenor.com/view/0001-gif-25597406 | 2023-04-15 13:27:18.067349
turrnut#9727 says -> https://tenor.com/view/0001-gif-25597406 | 2023-04-15 13:28:53.471422
turrnut#9727 says -> turrnut grade predict 77 77 78 | 2023-04-15 18:13:22.998979
turrnut#9727 says -> !!!send!!! | 2023-04-15 18:15:09.527696
the bot says to turrnut#9727 -> ¡Hola Nétcrosystem! ¿Cómo estás? Soy un robot muy intelligente porque puedo predigo tus grados y tambien puedo hablar inglés, chino y español. ¡adíos! | 2023-04-15 18:15:09.543330
the bot says to turrnut#9727 -> https://tenor.com/view/spongebob-hola-hello-hey-hi-gif-11050459 | 2023-04-15 18:15:30.526907
turrnut#9727 says -> !!!send!!! | 2023-04-15 20:42:05.300668
the bot says to turrnut#9727 -> Hello, Haley Shiff. | 2023-04-15 20:42:05.307783
turrnut#9727 says -> !!!send!!! | 2023-04-15 20:44:15.493130
the bot says to turrnut#9727 -> https://media.discordapp.net/attachments/1077419815033114685/1088051470991118356/IMG_9251.jpg?width=496&height=662 | 2023-04-15 20:44:15.509131
turrnut#9727 says -> !!!send!!! | 2023-04-15 20:45:14.845288
the bot says to turrnut#9727 -> this photo above will be preserved by me forever | 2023-04-15 20:45:14.861292
turrnut#9727 says -> !!!send!!! | 2023-04-15 20:46:11.443955
the bot says to turrnut#9727 -> thats good!!! since i dont care either
nice chat with you | 2023-04-15 20:46:11.463759
turrnut#9727 says -> !!!send!!! | 2023-04-15 20:49:18.138180
the bot says to turrnut#9727 -> Indeed! you are very very suspicous why do you say "sus" ???!?!!!! | 2023-04-15 20:49:18.154222
turrnut#9727 says -> !!!send!!! | 2023-04-15 20:58:39.349526
turrnut#9727 says -> !!!send!!! | 2023-04-15 20:59:00.647430
turrnut#9727 says -> turrnut send 977377574789472278 amogus | 2023-04-15 21:11:41.144442
turrnut#9727 says -> turrnut send 977377574789472278 amogus | 2023-04-15 21:12:58.030524
the bot says to turrnut#9727 -> amogus  | 2023-04-15 21:12:58.038527
turrnut#9727 says -> turrnut send 977377574789472278 amogus | 2023-04-15 21:13:34.473382
the bot says to turrnut#9727 -> amogus  | 2023-04-15 21:13:34.473382
