
turrnut#9727 prompted a random meme | 2023-06-19 11:42:10.350999
turrnut#9727 prompted a random meme | 2023-06-19 11:42:18.104616
sammythebammy#0 prompted a random meme | 2023-06-19 11:42:38.852290
turrnut#9727 prompted a random meme | 2023-06-19 11:42:41.827305
turrnut#9727 prompted a random meme | 2023-06-19 11:42:45.150990
sammythebammy#0 got greeted by the random greeting system | 2023-06-19 14:41:37.676922
sammythebammy#0 prompted a random meme | 2023-06-19 14:41:48.842500
sammythebammy#0 prompted a random meme | 2023-06-19 14:41:53.530681
sammythebammy#0 prompted a random meme | 2023-06-19 14:42:07.804584
sammythebammy#0 prompted a random meme | 2023-06-19 14:42:21.689125
sammythebammy#0 prompted a random meme | 2023-06-19 14:42:43.794490
sammythebammy#0 prompted a random meme | 2023-06-19 14:42:52.476878
sammythebammy#0 prompted a random meme | 2023-06-19 14:42:59.887610
sammythebammy#0 prompted a random meme | 2023-06-19 14:43:04.845519
turrnut#9727 prompted a random meme | 2023-06-19 14:50:43.266231
turrnut#9727 prompted a random meme | 2023-06-19 14:50:48.262681
turrnut#9727 prompted a random meme | 2023-06-20 12:00:43.773140
turrnut#9727 prompted a random meme | 2023-06-20 12:00:50.794102
sammythebammy#0 prompted a random meme | 2023-06-20 12:08:28.869889
sammythebammy#0 got greeted by the random greeting system | 2023-06-20 14:45:54.826902
KingDomination#4744 got greeted by the random greeting system | 2023-06-20 14:51:02.882478
Pok¨¦two#8236 got greeted by the random greeting system | 2023-06-21 13:53:55.892265
Pok¨¦two#8236 got greeted by the random greeting system | 2023-06-21 13:54:57.195069
turrnut#0 got greeted by the random greeting system | 2023-06-24 11:15:03.758162
Pok¨¦two#8236 got greeted by the random greeting system | 2023-06-27 18:47:09.824505
88wumpy88#0 got greeted by the random greeting system | 2023-06-28 05:51:27.568089
turrnut#0 prompted a random meme | 2023-07-03 17:06:20.777487
turrnut#0 prompted a random meme | 2023-07-03 17:06:30.624005
turrnut#0 prompted a random meme | 2023-07-03 17:07:45.630920
turrnut prompted a random meme | 2023-07-26 16:46:25.513582
turrnut is sus. Ewww.  | 2023-08-12 19:17:29.184130
