
sammythebammy#0 is sus. Ewww.  | 2023-06-16 18:53:07.567572
sammythebammy#0 is sus. Ewww.  | 2023-06-16 18:53:25.057562
turrnut#9727 is sus. Ewww.  | 2023-06-16 20:17:30.973779
turrnut#9727 got greeted by the random greeting system | 2023-06-16 20:17:40.761853
¤¦¤Á¤Ï¤ÎÍöë‘#3474 is sus. Ewww.  | 2023-06-16 20:47:28.183905
¤¦¤Á¤Ï¤ÎÍöë‘#3474 is sus. Ewww.  | 2023-06-16 20:47:32.694915
turrnut#9727 is sus. Ewww.  | 2023-06-16 20:47:38.011834
blueraspy#7253 is sus. Ewww.  | 2023-06-16 20:47:58.995871
sammythebammy#0 is sus. Ewww.  | 2023-06-16 20:48:15.700408
sammythebammy#0 is sus. Ewww.  | 2023-06-16 20:48:21.542796
sammythebammy#0 is sus. Ewww.  | 2023-06-16 20:48:27.785582
blueraspy#7253 got greeted by the random greeting system | 2023-06-16 20:49:10.231759
turrnut#9727 prompted a random meme | 2023-06-16 20:49:40.486709
sammythebammy#0 prompted a random meme | 2023-06-16 20:50:01.252208
turrnut#9727 prompted a random meme | 2023-06-16 20:50:12.719586
sammythebammy#0 prompted a random meme | 2023-06-16 20:50:19.995025
¤¦¤Á¤Ï¤ÎÍöë‘#3474 got greeted by the random greeting system | 2023-06-16 20:50:24.551485
turrnut#9727 prompted a random meme | 2023-06-16 20:50:24.799792
OwO#8456 got greeted by the random greeting system | 2023-06-17 13:42:34.767448
Burnt Nuggets!!#2595 got greeted by the random greeting system | 2023-06-17 18:05:30.528556
Burnt Nuggets!!#2595 got greeted by the random greeting system | 2023-06-17 18:05:43.662939
Burnt Nuggets!!#2595 got greeted by the random greeting system | 2023-06-17 18:05:46.009285
dora_is_aesthetic#6225 got greeted by the random greeting system | 2023-06-17 18:06:38.431624
dora_is_aesthetic#6225 got greeted by the random greeting system | 2023-06-17 18:06:47.547885
Burnt Nuggets!!#2595 got greeted by the random greeting system | 2023-06-17 18:08:33.286660
dora_is_aesthetic#6225 got greeted by the random greeting system | 2023-06-17 18:08:59.964926
dora_is_aesthetic#6225 got greeted by the random greeting system | 2023-06-17 18:10:04.300521
i know ur credit card number#1328 got greeted by the random greeting system | 2023-06-17 18:12:18.096798
Burnt Nuggets!!#2595 got greeted by the random greeting system | 2023-06-17 18:12:53.688097
bettername.#0 got greeted by the random greeting system | 2023-06-17 19:06:50.988890
sammythebammy#0 is sus. Ewww.  | 2023-06-17 19:11:37.168996
sammythebammy#0 got greeted by the random greeting system | 2023-06-17 19:12:23.181148
blueraspy#7253 got greeted by the random greeting system | 2023-06-17 20:42:56.304893
bettername.#0 got greeted by the random greeting system | 2023-06-18 02:48:01.552659
Burnt Nuggets!!#2595 got greeted by the random greeting system | 2023-06-18 10:06:54.085660
Burnt Nuggets!!#2595 got greeted by the random greeting system | 2023-06-18 11:01:43.740220
blueraspy#7253 got greeted by the random greeting system | 2023-06-18 12:14:07.875519
sammythebammy#0 got greeted by the random greeting system | 2023-06-18 12:52:28.110135
blueraspy#7253 got greeted by the random greeting system | 2023-06-18 12:54:03.945710
Mudae#0807 got greeted by the random greeting system | 2023-06-18 14:34:24.726101
mafuluvr#0 got greeted by the random greeting system | 2023-06-18 16:02:44.727762
