
turrnut#9727 Check logged, it isTrue | 2023-04-14 19:58:18.368859
turrnut#9727let the bot to say 'it is insane lmao ' | 2023-04-14 20:04:51.119246
J0KERR#2939 got greeted by the random greeting system | 2023-04-14 20:05:48.251528
turrnut#9727 got greeted by the random greeting system | 2023-04-14 20:10:22.279250
turrnut#9727let the bot to say 'someone is talking 'bout me huh? ' | 2023-04-14 20:10:22.608795
turrnut#9727let the bot to say 'yo ' | 2023-04-14 20:11:21.509242
turrnut#9727 Used the help command | 2023-04-14 20:12:20.222940
turrnut#9727let the bot to say 'of course it's insane what d'ya expect ' | 2023-04-14 20:13:11.442542
turrnut#9727let the bot to say 'https://tenor.com/view/going-crazy-willem-dafoe-grin-smile-gif-16959907 ' | 2023-04-14 20:14:04.626574
turrnut#9727let the bot to say 'did I just hear the word'*CRAZY*' ' | 2023-04-14 20:14:44.231632
turrnut#9727 got greeted by the random greeting system | 2023-04-14 20:14:55.747192
turrnut#9727let the bot to say '? ' | 2023-04-14 20:14:55.935510
turrnut#9727let the bot to say 'hello, toons bot ' | 2023-04-14 20:44:32.719233
birdsfan24#3924 got greeted by the random greeting system | 2023-04-14 20:44:46.434489
turrnut#9727 is sus. Ewww.  | 2023-04-14 20:46:39.987280
birdsfan24#3924 is sus. Ewww.  | 2023-04-14 20:46:46.612390
turrnut#9727 is sus. Ewww.  | 2023-04-14 20:46:52.418450
turrnut#9727let the bot to say 'bruh ' | 2023-04-14 20:47:31.170252
the person that exists#9350tries to use let the bot to say 'your mother ' but has no proper permission | 2023-04-14 20:47:46.317998
turrnut#9727let the bot to say 'https://tenor.com/view/boburnham-inside-netflix-internet-computer-gif-21887509 ' | 2023-04-14 20:50:14.751693
turrnut#9727let the bot to say 'L Ratio ' | 2023-04-14 20:51:58.765463
turrnut#9727let the bot to say 'bro is born in Ohio ' | 2023-04-14 20:52:15.279107
owen exists#2763 got greeted by the random greeting system | 2023-04-14 20:52:17.554334
birdsfan24#3924 got greeted by the random greeting system | 2023-04-14 20:52:17.931192
the person that exists#9350 got greeted by the random greeting system | 2023-04-14 20:52:48.788715
turrnut#9727let the bot to say 'how am i annoying ' | 2023-04-14 20:53:30.104509
birdsfan24#3924 got greeted by the random greeting system | 2023-04-14 20:55:09.344490
birdsfan24#3924 got greeted by the random greeting system | 2023-04-14 20:55:11.666010
the person that exists#9350 is sus. Ewww.  | 2023-04-14 20:55:16.011982
the person that exists#9350 is sus. Ewww.  | 2023-04-14 20:55:19.087069
the person that exists#9350 is sus. Ewww.  | 2023-04-14 20:55:21.424942
the person that exists#9350 is sus. Ewww.  | 2023-04-14 20:55:22.742637
the person that exists#9350 is sus. Ewww.  | 2023-04-14 20:55:23.966415
the person that exists#9350 is sus. Ewww.  | 2023-04-14 20:55:25.299491
the person that exists#9350 is sus. Ewww.  | 2023-04-14 20:55:26.491898
the person that exists#9350 is sus. Ewww.  | 2023-04-14 20:55:27.809780
the person that exists#9350 is sus. Ewww.  | 2023-04-14 20:55:28.923451
the person that exists#9350 got greeted by the random greeting system | 2023-04-14 20:55:30.445411
the person that exists#9350 is sus. Ewww.  | 2023-04-14 20:55:30.868991
the person that exists#9350 is sus. Ewww.  | 2023-04-14 20:55:32.029471
the person that exists#9350 is sus. Ewww.  | 2023-04-14 20:55:47.092590
the person that exists#9350 is sus. Ewww.  | 2023-04-14 20:55:48.111738
the person that exists#9350 is sus. Ewww.  | 2023-04-14 20:55:49.225535
the person that exists#9350 is sus. Ewww.  | 2023-04-14 20:55:50.496345
birdsfan24#3924 is sus. Ewww.  | 2023-04-14 20:55:52.222236
birdsfan24#3924 is sus. Ewww.  | 2023-04-14 20:55:53.006209
the person that exists#9350 is sus. Ewww.  | 2023-04-14 20:57:21.894865
birdsfan24#3924 is sus. Ewww.  | 2023-04-14 20:57:57.599802
birdsfan24#3924 is sus. Ewww.  | 2023-04-14 20:58:00.878752
birdsfan24#3924 is sus. Ewww.  | 2023-04-14 20:58:02.951787
turrnut#9727 used the spam command, count=50 | 2023-04-14 20:58:05.571650
birdsfan24#3924 is sus. Ewww.  | 2023-04-14 20:58:13.623702
birdsfan24#3924 is sus. Ewww.  | 2023-04-14 20:58:14.625911
the person that exists#9350 is sus. Ewww.  | 2023-04-14 20:58:24.026682
the person that exists#9350 is sus. Ewww.  | 2023-04-14 20:58:25.785111
the person that exists#9350 got greeted by the random greeting system | 2023-04-14 20:58:29.561700
the person that exists#9350 is sus. Ewww.  | 2023-04-14 20:58:30.241095
turrnut#9727 predict the grade as 99.0 67.0 89.0 | 2023-04-14 20:58:49.408021
birdsfan24#3924 got greeted by the random greeting system | 2023-04-14 20:59:06.339084
birdsfan24#3924 tries to use spam command but has no proper permission, count=100 | 2023-04-14 21:00:58.426426
turrnut#9727 got greeted by the random greeting system | 2023-04-14 21:01:30.518046
turrnut#9727 used the spam command, count=10 | 2023-04-14 21:01:31.004651
birdsfan24#3924 tries to use spam command but has no proper permission, count=50 | 2023-04-14 21:01:59.236980
birdsfan24#3924 tries to use spam command but has no proper permission, count=10 | 2023-04-14 21:02:05.562162
birdsfan24#3924 got greeted by the random greeting system | 2023-04-14 21:02:54.326608
birdsfan24#3924 got greeted by the random greeting system | 2023-04-14 21:03:02.175261
turrnut#9727let the bot to say '<:Amongus:1029150809528737873> ' | 2023-04-14 21:03:41.864160
turrnut#9727let the bot to say '<@881621308134260797> since you put that emoji to your server you acknowledge that anyone in your server can use that emoji(including bots), which is under the fair use, which means that it has no copyright ' | 2023-04-14 21:09:07.574471
birdsfan24#3924 got greeted by the random greeting system | 2023-04-14 21:09:23.637558
turrnut#9727let the bot to say 'idk ' | 2023-04-14 21:09:45.995748
turrnut#9727let the bot to say 'oh, basically this message is create by <@977377574789472278> ' | 2023-04-14 21:12:06.014053
turrnut#9727let the bot to say 'all my actions are manipulated by turrnut ' | 2023-04-14 21:12:55.226166
turrnut#9727let the bot to say 'I didn't quite understand your question though, sorry ' | 2023-04-14 21:13:46.191634
owen exists#2763 got greeted by the random greeting system | 2023-04-14 21:36:16.058812
the person that exists#9350 got greeted by the random greeting system | 2023-04-14 21:40:35.994864
Nickels#8378 got greeted by the random greeting system | 2023-04-15 19:56:13.535616
turrnut#9727let the bot to say '<@551475425189036044><@594651190084763658>YOU BETTER BEHAVE ' | 2023-04-15 19:56:52.637669
turrnut#9727let the bot to say 'WHO INVITED THESE PEOPLE ' | 2023-04-15 19:58:06.583138
turrnut#9727let the bot to say 'this is not acceptable ' | 2023-04-15 19:58:41.178081
turrnut#9727let the bot to say '407 ' | 2023-04-15 20:40:08.102614
turrnut#9727 used the spam command, count=200 | 2023-04-15 20:40:27.861265
turrnut#9727let the bot to say '<@582002576296378371> happy birthday! ' | 2023-04-15 20:40:55.638588
turrnut#9727 used the spam command, count=200 | 2023-04-15 20:41:13.795636
turrnut#9727let the bot to say 'https://tenor.com/view/amogus-among-us-meme-impostor-sus-gif-20948491 ' | 2023-04-16 11:03:22.722799
turrnut#9727 used the spam command, count=1000 | 2023-04-16 11:15:10.838599
turrnut#9727 used the spam command, count=1000 | 2023-04-16 11:15:22.530372
turrnut#9727 used the spam command, count=halt¡¯ | 2023-04-16 11:16:32.288377
turrnut#9727 halted the spam | 2023-04-16 11:16:42.422412
turrnut#9727 used the spam command, count=50 | 2023-04-16 11:21:19.124669
turrnut#9727 used the spam command, count=500 | 2023-04-16 11:22:18.978551
turrnut#9727 used the spam command, count=500 | 2023-04-16 11:24:34.312584
turrnut#9727 used the spam command, count=500 | 2023-04-16 11:25:14.455908
turrnut#9727 got greeted by the random greeting system | 2023-04-16 11:29:58.491496
turrnut#9727let the bot to say 'im sorry, but isnt this channel for me to spam? ' | 2023-04-16 11:29:58.875816
turrnut#9727let the bot to say 'oh sorry i wont spam then ' | 2023-04-16 11:30:45.485043
turrnut#9727let the bot to say '<@757723287345430554> why?? ' | 2023-04-16 11:38:29.273605
Netcrosystem#8581 got greeted by the random greeting system | 2023-04-16 12:32:57.071438
turrnut#9727 got greeted by the random greeting system | 2023-04-17 17:44:25.036162
turrnut#9727 used the spam command, count=10 | 2023-04-17 17:44:25.716633
Nickels#8378 got greeted by the random greeting system | 2023-04-17 17:44:47.424210
turrnut#9727 used the spam command, count=10 | 2023-04-17 17:44:54.036925
baffled#9103 got greeted by the random greeting system | 2023-04-17 17:45:00.443347
baffled#9103 got greeted by the random greeting system | 2023-04-17 17:45:05.598685
SnowIsFalling#0514 got greeted by the random greeting system | 2023-04-17 17:48:10.541412
SnowIsFalling#0514 got greeted by the random greeting system | 2023-04-17 17:51:43.198725
uraniumconsumer4000#8388 got greeted by the random greeting system | 2023-04-17 17:58:51.941522
uraniumconsumer4000#8388 got greeted by the random greeting system | 2023-04-17 18:01:20.403507
turrnut#9727let the bot to say 'byeeeeeee ' | 2023-04-17 18:03:40.110787
uraniumconsumer4000#8388 got greeted by the random greeting system | 2023-04-17 18:04:29.424333
uraniumconsumer4000#8388 got greeted by the random greeting system | 2023-04-17 18:04:51.817548
uraniumconsumer4000#8388 got greeted by the random greeting system | 2023-04-17 18:06:09.944703
turrnut#9727 got greeted by the random greeting system | 2023-04-17 18:08:18.808522
turrnut#9727 got greeted by the random greeting system | 2023-04-17 19:51:29.005542
the person that exists#9350 got greeted by the random greeting system | 2023-04-17 19:52:34.283568
the person that exists#9350 got greeted by the random greeting system | 2023-04-17 19:52:52.061592
the person that exists#9350 is sus. Ewww.  | 2023-04-17 19:52:53.872741
turrnut#9727let the bot to say 'bruh ' | 2023-04-17 19:52:59.203565
the person that exists#9350 is sus. Ewww.  | 2023-04-17 19:53:12.431119
birdsfan24#3924 is sus. Ewww.  | 2023-04-17 19:53:14.801342
turrnut#9727 is sus. Ewww.  | 2023-04-17 19:53:14.986670
turrnut#9727 is sus. Ewww.  | 2023-04-17 19:53:15.856790
turrnut#9727 got greeted by the random greeting system | 2023-04-17 19:53:16.959801
turrnut#9727 is sus. Ewww.  | 2023-04-17 19:53:17.941712
turrnut#9727 is sus. Ewww.  | 2023-04-17 19:53:21.769802
the person that exists#9350 is sus. Ewww.  | 2023-04-17 19:53:25.352716
the person that exists#9350 is sus. Ewww.  | 2023-04-17 19:53:28.720635
turrnut#9727let the bot to say '<@874094518234923060> YOU ARE VERY SUSPICOUS ' | 2023-04-17 19:53:38.244626
baffled#9103 got greeted by the random greeting system | 2023-04-17 19:54:32.468128
birdsfan24#3924 got greeted by the random greeting system | 2023-04-17 19:54:38.432785
baffled#9103 got greeted by the random greeting system | 2023-04-17 19:55:45.110795
birdsfan24#3924 got greeted by the random greeting system | 2023-04-17 19:56:29.760088
turrnut#9727 got greeted by the random greeting system | 2023-04-17 19:58:53.441192
Nickels#8378 got greeted by the random greeting system | 2023-04-17 20:18:28.407769
Nickels#8378 got greeted by the random greeting system | 2023-04-17 20:26:41.736503
Nickels#8378 got greeted by the random greeting system | 2023-04-17 20:27:31.007487
turrnut#9727 got greeted by the random greeting system | 2023-04-17 20:27:36.533836
Nickels#8378 got greeted by the random greeting system | 2023-04-17 20:28:26.485253
birdsfan24#3924 got greeted by the random greeting system | 2023-04-17 20:35:33.851299
turrnut#9727let the bot to say 'no you didnt ' | 2023-04-17 20:42:21.754871
turrnut#9727 got greeted by the random greeting system | 2023-04-17 20:43:22.149873
turrnut#9727let the bot to say 'https://tenor.com/view/heyeayeah-heyeayeayeayeah-heman-gif-19180771 ' | 2023-04-17 20:43:22.542435
turrnut#9727let the bot to say 'top secret information ' | 2023-04-17 20:44:28.256602
turrnut#9727 got greeted by the random greeting system | 2023-04-17 20:45:40.346114
SnowIsFalling#0514 got greeted by the random greeting system | 2023-04-17 21:15:25.644084
SnowIsFalling#0514 got greeted by the random greeting system | 2023-04-17 21:15:27.814329
SnowIsFalling#0514 got greeted by the random greeting system | 2023-04-17 21:16:21.908161
turrnut#9727 Check logged, it isTrue | 2023-04-21 23:32:30.902557
turrnut#9727 Check logged, it isTrue | 2023-04-21 23:34:24.549482
birdsfan24#3924 got greeted by the random greeting system | 2023-04-22 10:47:51.242926
Comte de Monte Cristo#4077 is sus. Ewww.  | 2023-04-22 12:31:00.598600
turrnut#9727 Check logged, it isTrue | 2023-04-22 12:41:49.574664
Toanstation#6037 is sus. Ewww.  | 2023-04-22 18:46:27.579854
turrnut#9727 used the spam command, count=10 | 2023-04-22 18:46:42.439249
Toanstation#6037 tries to use spam command but has no proper permission, count=15 | 2023-04-22 18:47:03.730276
turrnut#9727 used the spam command, count=15 | 2023-04-22 18:47:12.475531
turrnut#9727let the bot to say 'big oily sweaty feet ' | 2023-04-22 18:47:48.002768
Toanstation#6037 is sus. Ewww.  | 2023-04-22 18:51:19.284451
turrnut#9727 is sus. Ewww.  | 2023-04-22 18:51:28.082641
toonsBOT#3086 is sus. Ewww.  | 2023-04-22 18:51:28.347855
toonsBOT#3086 is sus. Ewww.  | 2023-04-22 18:51:28.571052
toonsBOT#3086 is sus. Ewww.  | 2023-04-22 18:51:28.843540
Toanstation#6037 is sus. Ewww.  | 2023-04-22 18:52:02.750291
toonsBOT#3086 is sus. Ewww.  | 2023-04-22 18:52:04.109038
turrnut#9727 is sus. Ewww.  | 2023-04-22 18:54:22.539664
toonsBOT#3086 is sus. Ewww.  | 2023-04-22 18:54:22.939937
turrnut#9727 is sus. Ewww.  | 2023-04-22 18:55:57.922702
toonsBOT#3086 is sus. Ewww.  | 2023-04-22 18:55:58.171507
Toanstation#6037 is sus. Ewww.  | 2023-04-22 18:59:32.327822
toonsBOT#3086 is sus. Ewww.  | 2023-04-22 18:59:32.637640
turrnut#9727 is sus. Ewww.  | 2023-04-22 19:00:19.746342
turrnut#9727 is sus. Ewww.  | 2023-04-22 19:00:28.202118
turrnut#9727 used the spam command, count=50 | 2023-04-22 19:03:06.332091
turrnut#9727 used the spam command, count=50 | 2023-04-22 19:03:30.659589
turrnut#9727 used the spam command, count=100 | 2023-05-10 17:12:42.389749
 J0KERR#2939 tries to add a meme but has no proper permissions: 25 | 2023-05-10 19:42:22.919321
J0KERR#2939 tries to use spam command but has no proper permission, count=balls | 2023-05-10 19:42:23.246696
Toanstation#6037 tries to use spam command but has no proper permission, count=elbozo | 2023-05-10 19:42:55.644236
turrnut#9727let the bot to say '<@757723287345430554> Happy Birthday! ' | 2023-05-10 19:43:00.299181
Toanstation#6037 got greeted by the random greeting system | 2023-05-10 19:43:04.361155
turrnut#9727 is sus. Ewww.  | 2023-05-14 14:55:13.302120
turrnut#9727let the bot to say '409 ' | 2023-05-14 19:31:50.475909
turrnut#9727let the bot to say '410 ' | 2023-05-14 19:31:58.068830
turrnut#9727let the bot to say '411 ' | 2023-05-14 19:32:02.564272
turrnut#9727let the bot to say '412 ' | 2023-05-14 19:32:15.156318
Netcrosystem#8581let the bot to say 'I have achieved sentience ' | 2023-05-20 18:12:42.117820
T.#9932 got greeted by the random greeting system | 2023-05-24 20:33:17.179864
turrnut#9727let the bot to say 'i am a PROFESSIONAL discord bot ' | 2023-05-28 09:36:20.104584
turrnut#9727let the bot to say '<@757723287345430554> yea ik im sorry i was busy these days ' | 2023-05-28 12:05:56.661820
turrnut#9727 got greeted by the random greeting system | 2023-06-02 18:40:59.062450
the person that exists#9350 got greeted by the random greeting system | 2023-06-02 18:50:34.941364
the person that exists#9350 is sus. Ewww.  | 2023-06-02 18:50:44.902996
the person that exists#9350 got greeted by the random greeting system | 2023-06-02 19:31:10.122911
