
netcrosystem#0 says -> Minecraft | 2023-06-21 16:30:57.728549
netcrosystem#0 says -> Turrnut spam Hi 100 | 2023-06-21 16:31:08.366001
netcrosystem#0 says -> Turrnut spam 100 Hi | 2023-06-21 16:31:17.373741
netcrosystem#0 says -> Turrnut spam 100 Hi | 2023-06-21 16:33:36.811979
netcrosystem#0 says -> Turrnut spam 100 Hi | 2023-06-21 16:34:27.056850
netcrosystem#0 says -> Turrnut spam 100 Hi | 2023-06-21 16:36:25.993239
netcrosystem#0 says -> Turrnut spam 100 Hi | 2023-06-21 19:12:00.377202
netcrosystem#0 says -> Speak | 2023-06-21 19:22:11.011977
netcrosystem#0 says -> Turrnut coins take 275 turrnut | 2023-06-24 15:49:51.434309
netcrosystem#0 says -> Turrnut coins take 275 @turrnut#0 | 2023-06-24 15:50:10.687903
netcrosystem#0 says -> Turrnut coins take 275 turrnut | 2023-06-24 15:50:25.746229
netcrosystem#0 says -> Turrnut coins take 250 <@1014960764378939453> | 2023-06-24 15:50:51.105017
netcrosystem#0 says -> Turrnut coins take 200 <@977377574789472278> | 2023-06-24 17:48:05.532843
netcrosystem#0 says -> Turrnut coins take 275 <@977377574789472278> | 2023-06-24 20:16:45.855964
netcrosystem#0 says -> Turrnut coins take 10  @984242137879162920 | 2023-06-24 20:18:15.442439
netcrosystem#0 says -> Turrnut coins grant 130 @netcrosystem | 2023-06-24 20:18:59.342306
netcrosystem#0 says -> Turrnut coins grant 130 @netcrosystem | 2023-06-24 20:19:05.424975
netcrosystem#0 says -> Turrnut coins grant 130 @netcrosystem | 2023-06-24 20:19:12.730971
netcrosystem#0 says -> Turrnut coins grant 130 @netcrosystem | 2023-06-24 20:19:20.545947
netcrosystem#0 says -> turrnut coins grant 450 <@356065937318871041> | 2023-06-24 23:09:21.631000
netcrosystem#0 says -> Turrnut coins grant 937 <@1052349202216259604> | 2023-06-24 23:43:03.678903
netcrosystem#0 says -> /rank | 2023-06-24 23:43:51.530920
