
turrnut#9727 Check logged, it isTrue | 2023-06-07 16:02:03.735070
リミットレス#5374 is sus. Ewww.  | 2023-06-07 16:02:09.164550
turrnut#9727 is sus. Ewww.  | 2023-06-07 16:02:12.872046
リミットレス#5374tries to use let the bot to say 'im bi ' but has no proper permission | 2023-06-07 16:07:08.513837
リミットレス#5374tries to use let the bot to say 'spaggeti os ' but has no proper permission | 2023-06-07 16:07:30.895348
turrnut prompted a random meme | 2023-06-07 16:14:32.353391
turrnut prompted a random meme | 2023-06-07 16:14:38.333476
turrnut#9727 used the spam command, count=20 | 2023-06-07 16:19:31.144359
リミットレス#5374tries to use let the bot to say 'pizza ' but has no proper permission | 2023-06-07 16:20:30.269011
 test added a meme: test | 2023-06-07 16:20:36.852164
 turrnut#9727 removed a meme: test | 2023-06-07 16:20:46.632894
 turrnut added a meme: https://tenor.com/view/bomb-gif-20050208 | 2023-06-07 16:22:31.579828
 turrnut added a meme: https://tenor.com/view/among-us-among-us-distraction-dance-gif-18967013 | 2023-06-07 16:23:20.896411
turrnut prompted a random meme | 2023-06-07 16:23:37.463244
turrnut prompted a random meme | 2023-06-07 16:23:47.815423
turrnut prompted a random meme | 2023-06-07 16:24:02.443041
turrnut#9727let the bot to say 'i am legit the smartest bot ever created ' | 2023-06-07 16:24:43.471162
リミットレス prompted a random meme | 2023-06-07 16:25:00.490653
 turrnut added a meme: https://tenor.com/view/among-gif-18965114 | 2023-06-07 16:26:01.088505
turrnut#9727 got greeted by the random greeting system | 2023-06-07 16:26:45.425281
リミットレス#5374 got greeted by the random greeting system | 2023-06-08 10:10:53.538854
リミットレス#5374tries to use let the bot to say 'fart ' but has no proper permission | 2023-06-08 10:10:54.031399
turrnut#9727let the bot to say 'fart ' | 2023-06-08 19:58:18.331559
turrnut#9727let the bot to say 'dart ' | 2023-06-08 20:03:25.278377
turrnut#9727let the bot to say 'cart ' | 2023-06-08 20:03:37.126742
turrnut#9727let the bot to say 'mart ' | 2023-06-08 20:04:08.844474
turrnut#9727let the bot to say '<@235148962103951360> I am a better bot than you, don't you agree? ' | 2023-06-08 20:05:22.696203
turrnut#9727let the bot to say 'see, I'm a smart discord bot ' | 2023-06-08 20:06:19.611502
turrnut#9727let the bot to say 'thanks! ' | 2023-06-08 20:06:51.603676
turrnut#9727let the bot to say 'of course you don't ' | 2023-06-08 21:25:06.773997
beta#2695 got greeted by the random greeting system | 2023-06-09 17:09:07.754080
beta#2695 is sus. Ewww.  | 2023-06-09 17:09:08.413206
リミットレス#5374 got greeted by the random greeting system | 2023-06-09 17:10:45.901185
turrnut#9727 got greeted by the random greeting system | 2023-06-09 17:14:33.518558
turrnut#9727 got greeted by the random greeting system | 2023-06-09 18:23:19.916036
turrnut#9727 got greeted by the random greeting system | 2023-06-09 18:28:21.942260
turrnut#9727 got greeted by the random greeting system | 2023-06-09 18:32:24.495330
OrdinaryBot#9478 got greeted by the random greeting system | 2023-06-09 18:34:49.891086
リミットレス#5374 got greeted by the random greeting system | 2023-06-09 18:35:00.611632
turrnut#9727 got greeted by the random greeting system | 2023-06-09 18:35:06.343709
OrdinaryBot#9478 got greeted by the random greeting system | 2023-06-09 18:35:31.412847
OrdinaryBot#9478tries to use let the bot to say 'hello ' but has no proper permission | 2023-06-09 18:35:49.812268
リミットレス#5374 got greeted by the random greeting system | 2023-06-09 18:36:32.595112
リミットレス#5374 got greeted by the random greeting system | 2023-06-09 18:36:45.045407
turrnut#9727 got greeted by the random greeting system | 2023-06-09 18:37:11.518079
turrnut#9727let the bot to say '$print turrnut calculate 8+3 ' | 2023-06-09 20:49:46.758716
turrnut#9727 got greeted by the random greeting system | 2023-06-10 17:05:43.004452
turrnut#9727 got greeted by the random greeting system | 2023-06-10 17:23:18.562329
リミットレス#5374 got greeted by the random greeting system | 2023-06-11 11:23:03.123352
リミットレス#5374 got greeted by the random greeting system | 2023-06-11 11:24:16.966475
turrnut#9727 got greeted by the random greeting system | 2023-06-11 11:27:59.807401
turrnut#9727 got greeted by the random greeting system | 2023-06-11 11:31:53.812640
Luf#5374 got greeted by the random greeting system | 2023-06-11 11:35:27.295890
Pok└two#8236 got greeted by the random greeting system | 2023-06-11 11:36:18.927076
turrnut#9727let the bot to say '<@716390085896962058> c iron thorns ' | 2023-06-11 11:36:37.916708
Luf#5374 is sus. Ewww.  | 2023-06-11 15:55:05.082899
