
turrnutlet the bot to say 'cheese ' | 2025-09-23 20:41:03.167925
tuvalutorturetries to use let the bot to say 'cheese ' but has no proper permission | 2025-09-23 20:41:14.584468
turrnut used the spam command, count=6 | 2025-09-23 20:41:17.905314
tuvalutorturetries to use let the bot to say 'beat my cock and lick it ' but has no proper permission | 2025-09-23 20:41:25.317819
turrnut used the range spam command, from=6, to=20 | 2025-09-23 20:41:31.037665
tuvalutorture tries to use spam command but has no proper permission, count=slime | 2025-09-23 20:41:34.403426
turrnut used the spam command, count=6 | 2025-09-23 20:41:46.541213
tuvalutorture tries to use spam command but has no proper permission, count=6 | 2025-09-23 20:41:55.812723
tuvalutorture tries to use spam command but has no proper permission, count=85 | 2025-09-23 20:42:07.232192
turrnut used the spam command, count=99 | 2025-09-23 20:42:17.939687
turrnut used the spam command, count=99 | 2025-09-23 20:42:38.826731
turrnut halted the spam | 2025-09-23 20:42:48.459207
turrnut halted the spam | 2025-09-23 20:42:52.571105
turrnut halted the spam | 2025-09-23 20:42:56.978888
tuvalutorture tries to use spam command but has no proper permission, count=halt | 2025-09-23 20:43:07.385247
turrnutlet the bot to say 'turrnut sayokay sure ' | 2025-09-23 20:44:08.744936
turrnutlet the bot to say 'turrnut say okay sure ' | 2025-09-23 20:44:25.269320
tuvalutorture(820541682415960064)won 2.0 TRC gambling. | 2025-09-24 02:25:24.742694
tuvalutorture(820541682415960064)lost 3.0 TRC gambling. | 2025-09-24 03:30:40.694628
tuvalutorture(820541682415960064)tied 6.0 TRC gambling. | 2025-09-24 03:30:58.767071
tuvalutorture(820541682415960064)lost 6.0 TRC gambling. | 2025-09-24 03:31:02.824422
tuvalutorture(820541682415960064)lost 334.0 TRC gambling. | 2025-09-24 10:33:59.368584
977377574789472278wants to pay820541682415960064 443.0 | 2025-09-24 10:42:05.331489
COINS 111.0 GRANT BY turrnut(977377574789472278) to 820541682415960064 | 2025-09-24 10:42:32.912533
820541682415960064loves money | 2025-09-24 10:42:45.122263
tuvalutorture(820541682415960064)lost 47.0 TRC gambling. | 2025-09-24 10:47:44.820990
tuvalutorture(820541682415960064)lost 4.0 TRC gambling. | 2025-09-24 11:03:58.040197
820541682415960064loves money | 2025-09-24 11:04:14.629078
tuvalutorture(820541682415960064)tied 6.0 TRC gambling. | 2025-09-24 11:17:44.368208
tuvalutorture(820541682415960064)lost 6.0 TRC gambling. | 2025-09-24 11:17:50.526082
820541682415960064loves money | 2025-09-24 11:17:58.976641
