
Beluga,Jr#4724 says -> do you love balls? | 2023-06-12 10:55:04.092067
Beluga,Jr#4724 says -> do you love balls? | 2023-06-12 10:55:10.542223
Beluga,Jr#4724 says -> do you love balls? | 2023-06-12 10:55:12.928320
Beluga,Jr#4724 says -> do you love balls? | 2023-06-12 10:55:18.588280
Beluga,Jr#4724 says -> do you love balls? | 2023-06-12 10:55:19.212800
Beluga,Jr#4724 says -> do you love balls? | 2023-06-12 10:55:19.552906
Beluga,Jr#4724 says -> do you love balls? | 2023-06-12 10:55:19.742703
Beluga,Jr#4724 says -> do you love balls? | 2023-06-12 10:55:20.223006
Beluga,Jr#4724 says -> do you love balls? | 2023-06-12 10:55:20.442975
Beluga,Jr#4724 says -> do you love balls? | 2023-06-12 10:55:21.242815
Beluga,Jr#4724 says -> do you love balls? | 2023-06-12 10:55:21.632694
Beluga,Jr#4724 says -> do you love balls? | 2023-06-12 10:55:21.992834
Beluga,Jr#4724 says -> do you love balls? | 2023-06-12 10:55:22.362691
Beluga,Jr#4724 says -> do you love balls? | 2023-06-12 10:55:22.792925
Beluga,Jr#4724 says -> do you love balls? | 2023-06-12 10:55:23.212652
Beluga,Jr#4724 says -> do you love balls? | 2023-06-12 10:55:23.592959
Beluga,Jr#4724 says -> do you love balls? | 2023-06-12 10:55:24.082947
Beluga,Jr#4724 says -> do you love balls? | 2023-06-12 10:55:24.428701
Beluga,Jr#4724 says -> do you love balls?
do you love balls? | 2023-06-12 10:55:24.889160
Beluga,Jr#4724 says -> do you love balls? | 2023-06-12 10:55:25.173146
Beluga,Jr#4724 says -> do you love balls? | 2023-06-12 10:55:25.582991
Beluga,Jr#4724 says -> do you love balls? | 2023-06-12 10:55:25.988036
Beluga,Jr#4724 says -> do you love balls? | 2023-06-12 10:55:26.342909
Beluga,Jr#4724 says -> do you love balls? | 2023-06-12 10:55:26.673010
Beluga,Jr#4724 says -> do you love balls? | 2023-06-12 10:55:27.482805
Beluga,Jr#4724 says -> do you love balls? | 2023-06-12 10:55:27.753168
Beluga,Jr#4724 says -> do you love balls? | 2023-06-12 10:55:28.143028
Beluga,Jr#4724 says -> do you love balls? | 2023-06-12 10:55:28.352885
Beluga,Jr#4724 says -> do you love balls? | 2023-06-12 10:55:28.942971
Beluga,Jr#4724 says -> do you love balls? | 2023-06-12 10:55:29.252995
Beluga,Jr#4724 says -> STOP SPAMMING | 2023-06-12 10:55:36.535384
Beluga,Jr#4724 says -> DONT SPAM' | 2023-06-12 10:55:45.243722
Beluga,Jr#4724 says -> YOU FUCKING IDIOT | 2023-06-12 10:55:48.873879
Beluga,Jr#4724 says -> NO | 2023-06-12 10:55:54.404267
Beluga,Jr#4724 says -> Fuck | 2023-06-12 10:55:55.864387
Beluga,Jr#4724 says -> Fuck | 2023-06-12 10:55:58.154439
Beluga,Jr#4724 says -> Fuck | 2023-06-12 10:55:59.016242
Beluga,Jr#4724 says -> Fuck | 2023-06-12 10:55:59.914297
Beluga,Jr#4724 says -> Cock | 2023-06-12 10:56:03.674714
Beluga,Jr#4724 says -> cum | 2023-06-12 10:56:04.954661
Beluga,Jr#4724 says -> dick | 2023-06-12 10:56:08.124722
Beluga,Jr#4724 says -> dick | 2023-06-12 10:56:19.695211
Beluga,Jr#4724 says -> dick | 2023-06-12 10:56:20.055355
Beluga,Jr#4724 says -> dick | 2023-06-12 10:56:21.156316
Beluga,Jr#4724 says -> dick | 2023-06-12 10:56:22.415459
Beluga,Jr#4724 says -> dick | 2023-06-12 10:56:22.975549
Beluga,Jr#4724 says -> dick | 2023-06-12 10:56:23.435537
Beluga,Jr#4724 says -> dick | 2023-06-12 10:56:23.755702
Beluga,Jr#4724 says -> dick | 2023-06-12 10:56:24.135725
Beluga,Jr#4724 says -> dick | 2023-06-12 10:56:24.465638
Beluga,Jr#4724 says -> dick | 2023-06-12 10:56:24.635494
Beluga,Jr#4724 says -> dick | 2023-06-12 10:56:24.995511
Beluga,Jr#4724 says -> dick | 2023-06-12 10:56:25.345693
Beluga,Jr#4724 says -> dick | 2023-06-12 10:56:25.596416
Beluga,Jr#4724 says -> dick | 2023-06-12 10:56:25.885503
Beluga,Jr#4724 says -> dickdickdickdickdick | 2023-06-12 10:56:53.937048
