
neon_anonymous says -> fuck u | 2026-05-10 07:56:08.514489
neon_anonymous says -> fuck | 2026-05-11 02:49:33.780620
neon_anonymous says -> ayo | 2026-05-19 22:16:26.136334
neon_anonymous says -> turrnut can u step getting into my dm's | 2026-05-19 22:17:31.122410
neon_anonymous says -> bruh | 2026-05-19 22:17:34.779359
neon_anonymous says -> pls | 2026-05-19 22:17:35.642603
neon_anonymous says -> ok | 2026-05-19 22:17:42.683311
neon_anonymous says -> wait a sec | 2026-05-19 22:17:50.345095
neon_anonymous says -> see these bombs will peirce thru the land and into ur dad(which im talking to ik) | 2026-05-19 22:18:40.137940
neon_anonymous says -> fahh | 2026-05-19 22:19:05.911370
neon_anonymous says -> beacuse u ARE his dad | 2026-05-19 22:19:43.609546
neon_anonymous says -> ur dyslexic | 2026-05-19 22:20:20.979656
neon_anonymous says -> no | 2026-05-19 22:23:33.667731
neon_anonymous says -> ik your'e turrnut | 2026-05-19 22:23:38.712958
neon_anonymous says -> heres the proof : https://github.com/turrnut/turrnut-bot | 2026-05-19 22:25:30.477825
neon_anonymous says -> i wrote this by my hand btw | 2026-05-19 22:25:41.883352
neon_anonymous says -> * the link | 2026-05-19 22:25:50.219975
neon_anonymous says -> fahh | 2026-05-19 22:26:49.807760
neon_anonymous says -> https://tenor.com/view/nitro-rick-roll-gif-24863685 | 2026-05-19 22:27:30.797052
neon_anonymous says -> ok | 2026-05-19 22:28:46.336783
